[0.089s] Invoking command in '/home/cev/SLAMv2/build/witmotion_ros2': CMAKE_PREFIX_PATH=/opt/ros/humble /usr/bin/cmake /home/cev/SLAMv2/src/witmotion_ros2 -DAMENT_CMAKE_SYMLINK_INSTALL=1 -DCMAKE_INSTALL_PREFIX=/home/cev/SLAMv2/install/witmotion_ros2
[1.337s] -- The C compiler identification is GNU 11.4.0
[2.166s] -- The CXX compiler identification is GNU 11.4.0
[2.218s] -- Detecting C compiler ABI info
[3.267s] -- Detecting C compiler ABI info - done
[3.294s] -- Check for working C compiler: /usr/bin/cc - skipped
[3.708s] -- Detecting C compile features
[4.638s] -- Detecting C compile features - done
[5.278s] -- Detecting CXX compiler ABI info
[5.812s] -- Detecting CXX compiler ABI info - done
[5.850s] -- Check for working CXX compiler: /usr/bin/c++ - skipped
[5.853s] -- Detecting CXX compile features
[5.856s] -- Detecting CXX compile features - done
[5.879s] -- Found ament_cmake_auto: 1.3.14 (/opt/ros/humble/share/ament_cmake_auto/cmake)
[6.994s] -- Found Python3: /usr/bin/python3 (found version "3.10.12") found components: Interpreter 
[7.406s] -- Override CMake install command with custom implementation using symlinks instead of copying resources
[7.749s] -- Found rclcpp: 16.0.15 (/opt/ros/humble/share/rclcpp/cmake)
[8.194s] -- Found rosidl_generator_c: 3.1.7 (/opt/ros/humble/share/rosidl_generator_c/cmake)
[8.253s] -- Found rosidl_adapter: 3.1.7 (/opt/ros/humble/share/rosidl_adapter/cmake)
[8.343s] -- Found rosidl_generator_cpp: 3.1.7 (/opt/ros/humble/share/rosidl_generator_cpp/cmake)
[8.469s] -- Using all available rosidl_typesupport_c: rosidl_typesupport_fastrtps_c;rosidl_typesupport_introspection_c
[8.607s] -- Using all available rosidl_typesupport_cpp: rosidl_typesupport_fastrtps_cpp;rosidl_typesupport_introspection_cpp
[9.017s] -- Found rmw_implementation_cmake: 6.1.2 (/opt/ros/humble/share/rmw_implementation_cmake/cmake)
[9.041s] -- Found rmw_fastrtps_cpp: 6.2.9 (/opt/ros/humble/share/rmw_fastrtps_cpp/cmake)
[9.665s] -- Found OpenSSL: /usr/lib/aarch64-linux-gnu/libcrypto.so (found version "3.0.2")  
[9.921s] -- Found FastRTPS: /opt/ros/humble/include  
[10.316s] -- Using RMW implementation 'rmw_fastrtps_cpp' as default
[10.405s] -- Looking for pthread.h
[10.835s] -- Looking for pthread.h - found
[10.836s] -- Performing Test CMAKE_HAVE_LIBC_PTHREAD
[11.272s] -- Performing Test CMAKE_HAVE_LIBC_PTHREAD - Success
[11.281s] -- Found Threads: TRUE  
[11.693s] -- Found sensor_msgs: 4.9.0 (/opt/ros/humble/share/sensor_msgs/cmake)
[11.925s] -- Found tf2: 0.25.16 (/opt/ros/humble/share/tf2/cmake)
[12.119s] -- Found Boost: /usr/lib/aarch64-linux-gnu/cmake/Boost-1.74.0/BoostConfig.cmake (found version "1.74.0") found components: system 
[12.544s] -- Configuring done
[12.620s] -- Generating done
[12.641s] -- Build files have been written to: /home/cev/SLAMv2/build/witmotion_ros2
[12.688s] Invoked command in '/home/cev/SLAMv2/build/witmotion_ros2' returned '0': CMAKE_PREFIX_PATH=/opt/ros/humble /usr/bin/cmake /home/cev/SLAMv2/src/witmotion_ros2 -DAMENT_CMAKE_SYMLINK_INSTALL=1 -DCMAKE_INSTALL_PREFIX=/home/cev/SLAMv2/install/witmotion_ros2
[12.699s] Invoking command in '/home/cev/SLAMv2/build/witmotion_ros2': CMAKE_PREFIX_PATH=/opt/ros/humble /usr/bin/cmake --build /home/cev/SLAMv2/build/witmotion_ros2 -- -j4 -l4
[12.950s] [ 33%] [32mBuilding CXX object CMakeFiles/witmotion_ros2.dir/src/witmotion_handler.cpp.o[0m
[12.988s] [ 66%] [32mBuilding CXX object CMakeFiles/witmotion_ros2.dir/src/witmotion_node.cpp.o[0m
[141.020s] [100%] [32m[1mLinking CXX executable witmotion_ros2[0m
[145.532s] [100%] Built target witmotion_ros2
[145.586s] Invoked command in '/home/cev/SLAMv2/build/witmotion_ros2' returned '0': CMAKE_PREFIX_PATH=/opt/ros/humble /usr/bin/cmake --build /home/cev/SLAMv2/build/witmotion_ros2 -- -j4 -l4
[145.598s] Invoking command in '/home/cev/SLAMv2/build/witmotion_ros2': CMAKE_PREFIX_PATH=/opt/ros/humble /usr/bin/cmake --install /home/cev/SLAMv2/build/witmotion_ros2
[145.628s] -- Install configuration: ""
[145.634s] -- Execute custom install script
[145.637s] -- Symlinking: /home/cev/SLAMv2/install/witmotion_ros2/lib/witmotion_ros2/witmotion_ros2
[145.685s] -- Symlinking: /home/cev/SLAMv2/install/witmotion_ros2/share/witmotion_ros2/launch/witmotion.launch.py
[145.739s] -- Symlinking: /home/cev/SLAMv2/install/witmotion_ros2/share/witmotion_ros2/config/witmotion.yaml
[145.787s] -- Symlinking: /home/cev/SLAMv2/install/witmotion_ros2/share/ament_index/resource_index/package_run_dependencies/witmotion_ros2
[145.844s] -- Symlinking: /home/cev/SLAMv2/install/witmotion_ros2/share/ament_index/resource_index/parent_prefix_path/witmotion_ros2
[145.888s] -- Symlinking: /home/cev/SLAMv2/install/witmotion_ros2/share/witmotion_ros2/environment/ament_prefix_path.sh
[145.937s] -- Symlinking: /home/cev/SLAMv2/install/witmotion_ros2/share/witmotion_ros2/environment/ament_prefix_path.dsv
[145.986s] -- Symlinking: /home/cev/SLAMv2/install/witmotion_ros2/share/witmotion_ros2/environment/path.sh
[146.040s] -- Symlinking: /home/cev/SLAMv2/install/witmotion_ros2/share/witmotion_ros2/environment/path.dsv
[146.083s] -- Symlinking: /home/cev/SLAMv2/install/witmotion_ros2/share/witmotion_ros2/local_setup.bash
[146.120s] -- Symlinking: /home/cev/SLAMv2/install/witmotion_ros2/share/witmotion_ros2/local_setup.sh
[146.164s] -- Symlinking: /home/cev/SLAMv2/install/witmotion_ros2/share/witmotion_ros2/local_setup.zsh
[146.205s] -- Symlinking: /home/cev/SLAMv2/install/witmotion_ros2/share/witmotion_ros2/local_setup.dsv
[146.246s] -- Symlinking: /home/cev/SLAMv2/install/witmotion_ros2/share/witmotion_ros2/package.dsv
[146.286s] -- Symlinking: /home/cev/SLAMv2/install/witmotion_ros2/share/ament_index/resource_index/packages/witmotion_ros2
[146.328s] -- Symlinking: /home/cev/SLAMv2/install/witmotion_ros2/share/witmotion_ros2/cmake/witmotion_ros2Config.cmake
[146.372s] -- Symlinking: /home/cev/SLAMv2/install/witmotion_ros2/share/witmotion_ros2/cmake/witmotion_ros2Config-version.cmake
[146.414s] -- Symlinking: /home/cev/SLAMv2/install/witmotion_ros2/share/witmotion_ros2/package.xml
[146.472s] Invoked command in '/home/cev/SLAMv2/build/witmotion_ros2' returned '0': CMAKE_PREFIX_PATH=/opt/ros/humble /usr/bin/cmake --install /home/cev/SLAMv2/build/witmotion_ros2
