[1.065s] DEBUG:colcon:Command line arguments: ['/usr/bin/colcon', 'build', '--symlink-install']
[1.066s] DEBUG:colcon:Parsed command line arguments: Namespace(log_base=None, log_level=None, verb_name='build', build_base='build', install_base='install', merge_install=False, symlink_install=True, test_result_base=None, continue_on_error=False, executor='parallel', parallel_workers=4, event_handlers=None, ignore_user_meta=False, metas=['./colcon.meta'], base_paths=['.'], packages_ignore=None, packages_ignore_regex=None, paths=None, packages_up_to=None, packages_up_to_regex=None, packages_above=None, packages_above_and_dependencies=None, packages_above_depth=None, packages_select_by_dep=None, packages_skip_by_dep=None, packages_skip_up_to=None, packages_select_build_failed=False, packages_skip_build_finished=False, packages_select_test_failures=False, packages_skip_test_passed=False, packages_select=None, packages_skip=None, packages_select_regex=None, packages_skip_regex=None, packages_start=None, packages_end=None, allow_overriding=[], cmake_args=None, cmake_target=None, cmake_target_skip_unavailable=False, cmake_clean_cache=False, cmake_clean_first=False, cmake_force_configure=False, ament_cmake_args=None, catkin_cmake_args=None, catkin_skip_building_tests=False, mixin_files=None, mixin=None, verb_parser=<colcon_mixin.mixin.mixin_argument.MixinArgumentDecorator object at 0xffff86c491e0>, verb_extension=<colcon_core.verb.build.BuildVerb object at 0xffff86dee140>, main=<bound method BuildVerb.main of <colcon_core.verb.build.BuildVerb object at 0xffff86dee140>>, mixin_verb=('build',))
[2.306s] Level 1:colcon.colcon_core.package_discovery:discover_packages(colcon_meta) check parameters
[2.307s] Level 1:colcon.colcon_core.package_discovery:discover_packages(recursive) check parameters
[2.307s] Level 1:colcon.colcon_core.package_discovery:discover_packages(ignore) check parameters
[2.307s] Level 1:colcon.colcon_core.package_discovery:discover_packages(path) check parameters
[2.307s] Level 1:colcon.colcon_core.package_discovery:discover_packages(colcon_meta) discover
[2.307s] Level 1:colcon.colcon_core.package_discovery:discover_packages(recursive) discover
[2.308s] INFO:colcon.colcon_core.package_discovery:Crawling recursively for packages in '/home/cev/SLAMv2'
[2.308s] Level 1:colcon.colcon_core.package_identification:_identify(.) by extensions ['ignore', 'ignore_ament_install']
[2.309s] Level 1:colcon.colcon_core.package_identification:_identify(.) by extension 'ignore'
[2.309s] Level 1:colcon.colcon_core.package_identification:_identify(.) by extension 'ignore_ament_install'
[2.309s] Level 1:colcon.colcon_core.package_identification:_identify(.) by extensions ['colcon_pkg']
[2.310s] Level 1:colcon.colcon_core.package_identification:_identify(.) by extension 'colcon_pkg'
[2.310s] Level 1:colcon.colcon_core.package_identification:_identify(.) by extensions ['colcon_meta']
[2.310s] Level 1:colcon.colcon_core.package_identification:_identify(.) by extension 'colcon_meta'
[2.310s] Level 1:colcon.colcon_core.package_identification:_identify(.) by extensions ['ros']
[2.310s] Level 1:colcon.colcon_core.package_identification:_identify(.) by extension 'ros'
[2.383s] Level 1:colcon.colcon_core.package_identification:_identify(.) by extensions ['cmake', 'python']
[2.383s] Level 1:colcon.colcon_core.package_identification:_identify(.) by extension 'cmake'
[2.383s] Level 1:colcon.colcon_core.package_identification:_identify(.) by extension 'python'
[2.383s] Level 1:colcon.colcon_core.package_identification:_identify(.) by extensions ['python_setup_py']
[2.383s] Level 1:colcon.colcon_core.package_identification:_identify(.) by extension 'python_setup_py'
[2.384s] Level 1:colcon.colcon_core.package_identification:_identify(build) by extensions ['ignore', 'ignore_ament_install']
[2.384s] Level 1:colcon.colcon_core.package_identification:_identify(build) by extension 'ignore'
[2.385s] Level 1:colcon.colcon_core.package_identification:_identify(build) ignored
[2.385s] Level 1:colcon.colcon_core.package_identification:_identify(install) by extensions ['ignore', 'ignore_ament_install']
[2.385s] Level 1:colcon.colcon_core.package_identification:_identify(install) by extension 'ignore'
[2.385s] Level 1:colcon.colcon_core.package_identification:_identify(install) ignored
[2.386s] Level 1:colcon.colcon_core.package_identification:_identify(log) by extensions ['ignore', 'ignore_ament_install']
[2.386s] Level 1:colcon.colcon_core.package_identification:_identify(log) by extension 'ignore'
[2.386s] Level 1:colcon.colcon_core.package_identification:_identify(log) ignored
[2.387s] Level 1:colcon.colcon_core.package_identification:_identify(src) by extensions ['ignore', 'ignore_ament_install']
[2.387s] Level 1:colcon.colcon_core.package_identification:_identify(src) by extension 'ignore'
[2.387s] Level 1:colcon.colcon_core.package_identification:_identify(src) by extension 'ignore_ament_install'
[2.388s] Level 1:colcon.colcon_core.package_identification:_identify(src) by extensions ['colcon_pkg']
[2.388s] Level 1:colcon.colcon_core.package_identification:_identify(src) by extension 'colcon_pkg'
[2.388s] Level 1:colcon.colcon_core.package_identification:_identify(src) by extensions ['colcon_meta']
[2.388s] Level 1:colcon.colcon_core.package_identification:_identify(src) by extension 'colcon_meta'
[2.388s] Level 1:colcon.colcon_core.package_identification:_identify(src) by extensions ['ros']
[2.388s] Level 1:colcon.colcon_core.package_identification:_identify(src) by extension 'ros'
[2.389s] Level 1:colcon.colcon_core.package_identification:_identify(src) by extensions ['cmake', 'python']
[2.389s] Level 1:colcon.colcon_core.package_identification:_identify(src) by extension 'cmake'
[2.389s] Level 1:colcon.colcon_core.package_identification:_identify(src) by extension 'python'
[2.389s] Level 1:colcon.colcon_core.package_identification:_identify(src) by extensions ['python_setup_py']
[2.389s] Level 1:colcon.colcon_core.package_identification:_identify(src) by extension 'python_setup_py'
[2.390s] Level 1:colcon.colcon_core.package_identification:_identify(src/cev_lidar_odometry_ros2) by extensions ['ignore', 'ignore_ament_install']
[2.390s] Level 1:colcon.colcon_core.package_identification:_identify(src/cev_lidar_odometry_ros2) by extension 'ignore'
[2.390s] Level 1:colcon.colcon_core.package_identification:_identify(src/cev_lidar_odometry_ros2) by extension 'ignore_ament_install'
[2.390s] Level 1:colcon.colcon_core.package_identification:_identify(src/cev_lidar_odometry_ros2) by extensions ['colcon_pkg']
[2.391s] Level 1:colcon.colcon_core.package_identification:_identify(src/cev_lidar_odometry_ros2) by extension 'colcon_pkg'
[2.391s] Level 1:colcon.colcon_core.package_identification:_identify(src/cev_lidar_odometry_ros2) by extensions ['colcon_meta']
[2.391s] Level 1:colcon.colcon_core.package_identification:_identify(src/cev_lidar_odometry_ros2) by extension 'colcon_meta'
[2.391s] Level 1:colcon.colcon_core.package_identification:_identify(src/cev_lidar_odometry_ros2) by extensions ['ros']
[2.391s] Level 1:colcon.colcon_core.package_identification:_identify(src/cev_lidar_odometry_ros2) by extension 'ros'
[2.404s] DEBUG:colcon.colcon_core.package_identification:Package 'src/cev_lidar_odometry_ros2' with type 'ros.ament_cmake' and name 'lidar_odometry'
[2.405s] Level 1:colcon.colcon_core.package_identification:_identify(src/cev_pose_graph_slam) by extensions ['ignore', 'ignore_ament_install']
[2.405s] Level 1:colcon.colcon_core.package_identification:_identify(src/cev_pose_graph_slam) by extension 'ignore'
[2.405s] Level 1:colcon.colcon_core.package_identification:_identify(src/cev_pose_graph_slam) by extension 'ignore_ament_install'
[2.406s] Level 1:colcon.colcon_core.package_identification:_identify(src/cev_pose_graph_slam) by extensions ['colcon_pkg']
[2.406s] Level 1:colcon.colcon_core.package_identification:_identify(src/cev_pose_graph_slam) by extension 'colcon_pkg'
[2.406s] Level 1:colcon.colcon_core.package_identification:_identify(src/cev_pose_graph_slam) by extensions ['colcon_meta']
[2.406s] Level 1:colcon.colcon_core.package_identification:_identify(src/cev_pose_graph_slam) by extension 'colcon_meta'
[2.406s] Level 1:colcon.colcon_core.package_identification:_identify(src/cev_pose_graph_slam) by extensions ['ros']
[2.406s] Level 1:colcon.colcon_core.package_identification:_identify(src/cev_pose_graph_slam) by extension 'ros'
[2.411s] DEBUG:colcon.colcon_core.package_identification:Package 'src/cev_pose_graph_slam' with type 'ros.ament_cmake' and name 'cev_pose_graph_slam'
[2.412s] Level 1:colcon.colcon_core.package_identification:_identify(src/icp) by extensions ['ignore', 'ignore_ament_install']
[2.412s] Level 1:colcon.colcon_core.package_identification:_identify(src/icp) by extension 'ignore'
[2.412s] Level 1:colcon.colcon_core.package_identification:_identify(src/icp) by extension 'ignore_ament_install'
[2.413s] Level 1:colcon.colcon_core.package_identification:_identify(src/icp) by extensions ['colcon_pkg']
[2.413s] Level 1:colcon.colcon_core.package_identification:_identify(src/icp) by extension 'colcon_pkg'
[2.413s] Level 1:colcon.colcon_core.package_identification:_identify(src/icp) by extensions ['colcon_meta']
[2.413s] Level 1:colcon.colcon_core.package_identification:_identify(src/icp) by extension 'colcon_meta'
[2.413s] Level 1:colcon.colcon_core.package_identification:_identify(src/icp) by extensions ['ros']
[2.413s] Level 1:colcon.colcon_core.package_identification:_identify(src/icp) by extension 'ros'
[2.414s] Level 1:colcon.colcon_core.package_identification:_identify(src/icp) by extensions ['cmake', 'python']
[2.414s] Level 1:colcon.colcon_core.package_identification:_identify(src/icp) by extension 'cmake'
[2.425s] Level 1:colcon.colcon_core.package_identification:_identify(src/icp) by extension 'python'
[2.425s] DEBUG:colcon.colcon_core.package_identification:Package 'src/icp' with type 'cmake' and name 'CevIcp'
[2.426s] Level 1:colcon.colcon_core.package_identification:_identify(src/script) by extensions ['ignore', 'ignore_ament_install']
[2.426s] Level 1:colcon.colcon_core.package_identification:_identify(src/script) by extension 'ignore'
[2.426s] Level 1:colcon.colcon_core.package_identification:_identify(src/script) by extension 'ignore_ament_install'
[2.427s] Level 1:colcon.colcon_core.package_identification:_identify(src/script) by extensions ['colcon_pkg']
[2.427s] Level 1:colcon.colcon_core.package_identification:_identify(src/script) by extension 'colcon_pkg'
[2.427s] Level 1:colcon.colcon_core.package_identification:_identify(src/script) by extensions ['colcon_meta']
[2.427s] Level 1:colcon.colcon_core.package_identification:_identify(src/script) by extension 'colcon_meta'
[2.427s] Level 1:colcon.colcon_core.package_identification:_identify(src/script) by extensions ['ros']
[2.427s] Level 1:colcon.colcon_core.package_identification:_identify(src/script) by extension 'ros'
[2.428s] Level 1:colcon.colcon_core.package_identification:_identify(src/script) by extensions ['cmake', 'python']
[2.428s] Level 1:colcon.colcon_core.package_identification:_identify(src/script) by extension 'cmake'
[2.428s] Level 1:colcon.colcon_core.package_identification:_identify(src/script) by extension 'python'
[2.428s] Level 1:colcon.colcon_core.package_identification:_identify(src/script) by extensions ['python_setup_py']
[2.428s] Level 1:colcon.colcon_core.package_identification:_identify(src/script) by extension 'python_setup_py'
[2.429s] Level 1:colcon.colcon_core.package_identification:_identify(src/witmotion_ros2) by extensions ['ignore', 'ignore_ament_install']
[2.429s] Level 1:colcon.colcon_core.package_identification:_identify(src/witmotion_ros2) by extension 'ignore'
[2.429s] Level 1:colcon.colcon_core.package_identification:_identify(src/witmotion_ros2) by extension 'ignore_ament_install'
[2.430s] Level 1:colcon.colcon_core.package_identification:_identify(src/witmotion_ros2) by extensions ['colcon_pkg']
[2.430s] Level 1:colcon.colcon_core.package_identification:_identify(src/witmotion_ros2) by extension 'colcon_pkg'
[2.430s] Level 1:colcon.colcon_core.package_identification:_identify(src/witmotion_ros2) by extensions ['colcon_meta']
[2.430s] Level 1:colcon.colcon_core.package_identification:_identify(src/witmotion_ros2) by extension 'colcon_meta'
[2.430s] Level 1:colcon.colcon_core.package_identification:_identify(src/witmotion_ros2) by extensions ['ros']
[2.430s] Level 1:colcon.colcon_core.package_identification:_identify(src/witmotion_ros2) by extension 'ros'
[2.436s] DEBUG:colcon.colcon_core.package_identification:Package 'src/witmotion_ros2' with type 'ros.ament_cmake' and name 'witmotion_ros2'
[2.436s] Level 1:colcon.colcon_core.package_identification:_identify(tmp) by extensions ['ignore', 'ignore_ament_install']
[2.436s] Level 1:colcon.colcon_core.package_identification:_identify(tmp) by extension 'ignore'
[2.437s] Level 1:colcon.colcon_core.package_identification:_identify(tmp) by extension 'ignore_ament_install'
[2.437s] Level 1:colcon.colcon_core.package_identification:_identify(tmp) by extensions ['colcon_pkg']
[2.437s] Level 1:colcon.colcon_core.package_identification:_identify(tmp) by extension 'colcon_pkg'
[2.437s] Level 1:colcon.colcon_core.package_identification:_identify(tmp) by extensions ['colcon_meta']
[2.437s] Level 1:colcon.colcon_core.package_identification:_identify(tmp) by extension 'colcon_meta'
[2.438s] Level 1:colcon.colcon_core.package_identification:_identify(tmp) by extensions ['ros']
[2.438s] Level 1:colcon.colcon_core.package_identification:_identify(tmp) by extension 'ros'
[2.438s] Level 1:colcon.colcon_core.package_identification:_identify(tmp) by extensions ['cmake', 'python']
[2.438s] Level 1:colcon.colcon_core.package_identification:_identify(tmp) by extension 'cmake'
[2.438s] Level 1:colcon.colcon_core.package_identification:_identify(tmp) by extension 'python'
[2.439s] Level 1:colcon.colcon_core.package_identification:_identify(tmp) by extensions ['python_setup_py']
[2.439s] Level 1:colcon.colcon_core.package_identification:_identify(tmp) by extension 'python_setup_py'
[2.439s] Level 1:colcon.colcon_core.package_discovery:discover_packages(recursive) using defaults
[2.439s] Level 1:colcon.colcon_core.package_discovery:discover_packages(ignore) discover
[2.439s] Level 1:colcon.colcon_core.package_discovery:discover_packages(ignore) using defaults
[2.439s] Level 1:colcon.colcon_core.package_discovery:discover_packages(path) discover
[2.439s] Level 1:colcon.colcon_core.package_discovery:discover_packages(path) using defaults
[2.599s] Level 1:colcon.colcon_core.package_discovery:discover_packages(prefix_path) check parameters
[2.599s] Level 1:colcon.colcon_core.package_discovery:discover_packages(prefix_path) discover
[2.620s] DEBUG:colcon.colcon_installed_package_information.package_discovery:Found 279 installed packages in /opt/ros/humble
[2.628s] Level 1:colcon.colcon_core.package_discovery:discover_packages(prefix_path) using defaults
[2.797s] Level 5:colcon.colcon_core.verb:set package 'CevIcp' build argument 'cmake_args' from command line to 'None'
[2.797s] Level 5:colcon.colcon_core.verb:set package 'CevIcp' build argument 'cmake_target' from command line to 'None'
[2.797s] Level 5:colcon.colcon_core.verb:set package 'CevIcp' build argument 'cmake_target_skip_unavailable' from command line to 'False'
[2.797s] Level 5:colcon.colcon_core.verb:set package 'CevIcp' build argument 'cmake_clean_cache' from command line to 'False'
[2.797s] Level 5:colcon.colcon_core.verb:set package 'CevIcp' build argument 'cmake_clean_first' from command line to 'False'
[2.797s] Level 5:colcon.colcon_core.verb:set package 'CevIcp' build argument 'cmake_force_configure' from command line to 'False'
[2.797s] Level 5:colcon.colcon_core.verb:set package 'CevIcp' build argument 'ament_cmake_args' from command line to 'None'
[2.797s] Level 5:colcon.colcon_core.verb:set package 'CevIcp' build argument 'catkin_cmake_args' from command line to 'None'
[2.798s] Level 5:colcon.colcon_core.verb:set package 'CevIcp' build argument 'catkin_skip_building_tests' from command line to 'False'
[2.798s] DEBUG:colcon.colcon_core.verb:Building package 'CevIcp' with the following arguments: {'ament_cmake_args': None, 'build_base': '/home/cev/SLAMv2/build/CevIcp', 'catkin_cmake_args': None, 'catkin_skip_building_tests': False, 'cmake_args': None, 'cmake_clean_cache': False, 'cmake_clean_first': False, 'cmake_force_configure': False, 'cmake_target': None, 'cmake_target_skip_unavailable': False, 'install_base': '/home/cev/SLAMv2/install/CevIcp', 'merge_install': False, 'path': '/home/cev/SLAMv2/src/icp', 'symlink_install': True, 'test_result_base': None}
[2.799s] Level 5:colcon.colcon_core.verb:set package 'cev_pose_graph_slam' build argument 'cmake_args' from command line to 'None'
[2.799s] Level 5:colcon.colcon_core.verb:set package 'cev_pose_graph_slam' build argument 'cmake_target' from command line to 'None'
[2.799s] Level 5:colcon.colcon_core.verb:set package 'cev_pose_graph_slam' build argument 'cmake_target_skip_unavailable' from command line to 'False'
[2.800s] Level 5:colcon.colcon_core.verb:set package 'cev_pose_graph_slam' build argument 'cmake_clean_cache' from command line to 'False'
[2.800s] Level 5:colcon.colcon_core.verb:set package 'cev_pose_graph_slam' build argument 'cmake_clean_first' from command line to 'False'
[2.800s] Level 5:colcon.colcon_core.verb:set package 'cev_pose_graph_slam' build argument 'cmake_force_configure' from command line to 'False'
[2.800s] Level 5:colcon.colcon_core.verb:set package 'cev_pose_graph_slam' build argument 'ament_cmake_args' from command line to 'None'
[2.800s] Level 5:colcon.colcon_core.verb:set package 'cev_pose_graph_slam' build argument 'catkin_cmake_args' from command line to 'None'
[2.800s] Level 5:colcon.colcon_core.verb:set package 'cev_pose_graph_slam' build argument 'catkin_skip_building_tests' from command line to 'False'
[2.800s] DEBUG:colcon.colcon_core.verb:Building package 'cev_pose_graph_slam' with the following arguments: {'ament_cmake_args': None, 'build_base': '/home/cev/SLAMv2/build/cev_pose_graph_slam', 'catkin_cmake_args': None, 'catkin_skip_building_tests': False, 'cmake_args': None, 'cmake_clean_cache': False, 'cmake_clean_first': False, 'cmake_force_configure': False, 'cmake_target': None, 'cmake_target_skip_unavailable': False, 'install_base': '/home/cev/SLAMv2/install/cev_pose_graph_slam', 'merge_install': False, 'path': '/home/cev/SLAMv2/src/cev_pose_graph_slam', 'symlink_install': True, 'test_result_base': None}
[2.801s] Level 5:colcon.colcon_core.verb:set package 'lidar_odometry' build argument 'cmake_args' from command line to 'None'
[2.802s] Level 5:colcon.colcon_core.verb:set package 'lidar_odometry' build argument 'cmake_target' from command line to 'None'
[2.802s] Level 5:colcon.colcon_core.verb:set package 'lidar_odometry' build argument 'cmake_target_skip_unavailable' from command line to 'False'
[2.802s] Level 5:colcon.colcon_core.verb:set package 'lidar_odometry' build argument 'cmake_clean_cache' from command line to 'False'
[2.802s] Level 5:colcon.colcon_core.verb:set package 'lidar_odometry' build argument 'cmake_clean_first' from command line to 'False'
[2.802s] Level 5:colcon.colcon_core.verb:set package 'lidar_odometry' build argument 'cmake_force_configure' from command line to 'False'
[2.802s] Level 5:colcon.colcon_core.verb:set package 'lidar_odometry' build argument 'ament_cmake_args' from command line to 'None'
[2.802s] Level 5:colcon.colcon_core.verb:set package 'lidar_odometry' build argument 'catkin_cmake_args' from command line to 'None'
[2.802s] Level 5:colcon.colcon_core.verb:set package 'lidar_odometry' build argument 'catkin_skip_building_tests' from command line to 'False'
[2.802s] DEBUG:colcon.colcon_core.verb:Building package 'lidar_odometry' with the following arguments: {'ament_cmake_args': None, 'build_base': '/home/cev/SLAMv2/build/lidar_odometry', 'catkin_cmake_args': None, 'catkin_skip_building_tests': False, 'cmake_args': None, 'cmake_clean_cache': False, 'cmake_clean_first': False, 'cmake_force_configure': False, 'cmake_target': None, 'cmake_target_skip_unavailable': False, 'install_base': '/home/cev/SLAMv2/install/lidar_odometry', 'merge_install': False, 'path': '/home/cev/SLAMv2/src/cev_lidar_odometry_ros2', 'symlink_install': True, 'test_result_base': None}
[2.804s] Level 5:colcon.colcon_core.verb:set package 'witmotion_ros2' build argument 'cmake_args' from command line to 'None'
[2.804s] Level 5:colcon.colcon_core.verb:set package 'witmotion_ros2' build argument 'cmake_target' from command line to 'None'
[2.804s] Level 5:colcon.colcon_core.verb:set package 'witmotion_ros2' build argument 'cmake_target_skip_unavailable' from command line to 'False'
[2.804s] Level 5:colcon.colcon_core.verb:set package 'witmotion_ros2' build argument 'cmake_clean_cache' from command line to 'False'
[2.804s] Level 5:colcon.colcon_core.verb:set package 'witmotion_ros2' build argument 'cmake_clean_first' from command line to 'False'
[2.804s] Level 5:colcon.colcon_core.verb:set package 'witmotion_ros2' build argument 'cmake_force_configure' from command line to 'False'
[2.804s] Level 5:colcon.colcon_core.verb:set package 'witmotion_ros2' build argument 'ament_cmake_args' from command line to 'None'
[2.805s] Level 5:colcon.colcon_core.verb:set package 'witmotion_ros2' build argument 'catkin_cmake_args' from command line to 'None'
[2.805s] Level 5:colcon.colcon_core.verb:set package 'witmotion_ros2' build argument 'catkin_skip_building_tests' from command line to 'False'
[2.805s] DEBUG:colcon.colcon_core.verb:Building package 'witmotion_ros2' with the following arguments: {'ament_cmake_args': None, 'build_base': '/home/cev/SLAMv2/build/witmotion_ros2', 'catkin_cmake_args': None, 'catkin_skip_building_tests': False, 'cmake_args': None, 'cmake_clean_cache': False, 'cmake_clean_first': False, 'cmake_force_configure': False, 'cmake_target': None, 'cmake_target_skip_unavailable': False, 'install_base': '/home/cev/SLAMv2/install/witmotion_ros2', 'merge_install': False, 'path': '/home/cev/SLAMv2/src/witmotion_ros2', 'symlink_install': True, 'test_result_base': None}
[2.805s] INFO:colcon.colcon_core.executor:Executing jobs using 'parallel' executor
[2.808s] DEBUG:colcon.colcon_parallel_executor.executor.parallel:run_until_complete
[2.810s] INFO:colcon.colcon_cmake.task.cmake.build:Building CMake package in '/home/cev/SLAMv2/src/icp'
[2.830s] INFO:colcon.colcon_core.plugin_system:Skipping extension 'colcon_core.shell.bat': Not used on non-Windows systems
[2.832s] INFO:colcon.colcon_core.shell:Skip shell extension 'powershell' for command environment: Not usable outside of PowerShell
[2.832s] DEBUG:colcon.colcon_core.shell:Skip shell extension 'dsv' for command environment
[2.851s] INFO:colcon.colcon_ros.task.ament_cmake.build:Building ROS package in '/home/cev/SLAMv2/src/cev_pose_graph_slam' with build type 'ament_cmake'
[2.851s] INFO:colcon.colcon_cmake.task.cmake.build:Building CMake package in '/home/cev/SLAMv2/src/cev_pose_graph_slam'
[2.853s] INFO:colcon.colcon_core.shell:Skip shell extension 'powershell' for command environment: Not usable outside of PowerShell
[2.853s] DEBUG:colcon.colcon_core.shell:Skip shell extension 'dsv' for command environment
[2.869s] INFO:colcon.colcon_ros.task.ament_cmake.build:Building ROS package in '/home/cev/SLAMv2/src/cev_lidar_odometry_ros2' with build type 'ament_cmake'
[2.871s] INFO:colcon.colcon_cmake.task.cmake.build:Building CMake package in '/home/cev/SLAMv2/src/cev_lidar_odometry_ros2'
[2.872s] INFO:colcon.colcon_core.shell:Skip shell extension 'powershell' for command environment: Not usable outside of PowerShell
[2.873s] DEBUG:colcon.colcon_core.shell:Skip shell extension 'dsv' for command environment
[2.888s] INFO:colcon.colcon_ros.task.ament_cmake.build:Building ROS package in '/home/cev/SLAMv2/src/witmotion_ros2' with build type 'ament_cmake'
[2.889s] INFO:colcon.colcon_cmake.task.cmake.build:Building CMake package in '/home/cev/SLAMv2/src/witmotion_ros2'
[2.890s] INFO:colcon.colcon_core.shell:Skip shell extension 'powershell' for command environment: Not usable outside of PowerShell
[2.890s] DEBUG:colcon.colcon_core.shell:Skip shell extension 'dsv' for command environment
[2.929s] DEBUG:colcon.colcon_core.event_handler.log_command:Invoking command in '/home/cev/SLAMv2/build/CevIcp': /usr/bin/cmake /home/cev/SLAMv2/src/icp -DCMAKE_INSTALL_PREFIX=/home/cev/SLAMv2/install/CevIcp
[2.944s] DEBUG:colcon.colcon_core.event_handler.log_command:Invoking command in '/home/cev/SLAMv2/build/cev_pose_graph_slam': CMAKE_PREFIX_PATH=/opt/ros/humble /usr/bin/cmake /home/cev/SLAMv2/src/cev_pose_graph_slam -DAMENT_CMAKE_SYMLINK_INSTALL=1 -DCMAKE_INSTALL_PREFIX=/home/cev/SLAMv2/install/cev_pose_graph_slam
[2.960s] DEBUG:colcon.colcon_core.event_handler.log_command:Invoking command in '/home/cev/SLAMv2/build/lidar_odometry': CMAKE_PREFIX_PATH=/opt/ros/humble /usr/bin/cmake /home/cev/SLAMv2/src/cev_lidar_odometry_ros2 -DAMENT_CMAKE_SYMLINK_INSTALL=1 -DCMAKE_INSTALL_PREFIX=/home/cev/SLAMv2/install/lidar_odometry
[2.978s] DEBUG:colcon.colcon_core.event_handler.log_command:Invoking command in '/home/cev/SLAMv2/build/witmotion_ros2': CMAKE_PREFIX_PATH=/opt/ros/humble /usr/bin/cmake /home/cev/SLAMv2/src/witmotion_ros2 -DAMENT_CMAKE_SYMLINK_INSTALL=1 -DCMAKE_INSTALL_PREFIX=/home/cev/SLAMv2/install/witmotion_ros2
[15.578s] DEBUG:colcon.colcon_core.event_handler.log_command:Invoked command in '/home/cev/SLAMv2/build/witmotion_ros2' returned '0': CMAKE_PREFIX_PATH=/opt/ros/humble /usr/bin/cmake /home/cev/SLAMv2/src/witmotion_ros2 -DAMENT_CMAKE_SYMLINK_INSTALL=1 -DCMAKE_INSTALL_PREFIX=/home/cev/SLAMv2/install/witmotion_ros2
[15.588s] DEBUG:colcon.colcon_core.event_handler.log_command:Invoking command in '/home/cev/SLAMv2/build/witmotion_ros2': CMAKE_PREFIX_PATH=/opt/ros/humble /usr/bin/cmake --build /home/cev/SLAMv2/build/witmotion_ros2 -- -j4 -l4
[16.493s] DEBUG:colcon.colcon_core.event_handler.log_command:Invoked command in '/home/cev/SLAMv2/build/cev_pose_graph_slam' returned '0': CMAKE_PREFIX_PATH=/opt/ros/humble /usr/bin/cmake /home/cev/SLAMv2/src/cev_pose_graph_slam -DAMENT_CMAKE_SYMLINK_INSTALL=1 -DCMAKE_INSTALL_PREFIX=/home/cev/SLAMv2/install/cev_pose_graph_slam
[16.494s] DEBUG:colcon.colcon_core.event_handler.log_command:Invoking command in '/home/cev/SLAMv2/build/cev_pose_graph_slam': CMAKE_PREFIX_PATH=/opt/ros/humble /usr/bin/cmake --build /home/cev/SLAMv2/build/cev_pose_graph_slam -- -j4 -l4
[17.002s] DEBUG:colcon.colcon_core.event_handler.log_command:Invoked command in '/home/cev/SLAMv2/build/lidar_odometry' returned '0': CMAKE_PREFIX_PATH=/opt/ros/humble /usr/bin/cmake /home/cev/SLAMv2/src/cev_lidar_odometry_ros2 -DAMENT_CMAKE_SYMLINK_INSTALL=1 -DCMAKE_INSTALL_PREFIX=/home/cev/SLAMv2/install/lidar_odometry
[17.004s] DEBUG:colcon.colcon_core.event_handler.log_command:Invoking command in '/home/cev/SLAMv2/build/lidar_odometry': CMAKE_PREFIX_PATH=/opt/ros/humble /usr/bin/cmake --build /home/cev/SLAMv2/build/lidar_odometry -- -j4 -l4
[24.449s] DEBUG:colcon.colcon_core.event_handler.log_command:Invoked command in '/home/cev/SLAMv2/build/CevIcp' returned '0': /usr/bin/cmake /home/cev/SLAMv2/src/icp -DCMAKE_INSTALL_PREFIX=/home/cev/SLAMv2/install/CevIcp
[24.451s] DEBUG:colcon.colcon_core.event_handler.log_command:Invoking command in '/home/cev/SLAMv2/build/CevIcp': /usr/bin/cmake --build /home/cev/SLAMv2/build/CevIcp -- -j4 -l4
[139.291s] DEBUG:colcon.colcon_core.event_handler.log_command:Invoked command in '/home/cev/SLAMv2/build/cev_pose_graph_slam' returned '0': CMAKE_PREFIX_PATH=/opt/ros/humble /usr/bin/cmake --build /home/cev/SLAMv2/build/cev_pose_graph_slam -- -j4 -l4
[139.354s] DEBUG:colcon.colcon_core.event_handler.log_command:Invoking command in '/home/cev/SLAMv2/build/cev_pose_graph_slam': CMAKE_PREFIX_PATH=/opt/ros/humble /usr/bin/cmake --install /home/cev/SLAMv2/build/cev_pose_graph_slam
[140.124s] Level 1:colcon.colcon_core.environment:create_environment_scripts_only(cev_pose_graph_slam)
[140.127s] DEBUG:colcon.colcon_core.event_handler.log_command:Invoked command in '/home/cev/SLAMv2/build/cev_pose_graph_slam' returned '0': CMAKE_PREFIX_PATH=/opt/ros/humble /usr/bin/cmake --install /home/cev/SLAMv2/build/cev_pose_graph_slam
[140.186s] Level 1:colcon.colcon_core.environment:checking '/home/cev/SLAMv2/install/cev_pose_graph_slam' for CMake module files
[140.192s] Level 1:colcon.colcon_core.environment:checking '/home/cev/SLAMv2/install/cev_pose_graph_slam' for CMake config files
[140.194s] Level 1:colcon.colcon_core.shell:create_environment_hook('cev_pose_graph_slam', 'cmake_prefix_path')
[140.196s] INFO:colcon.colcon_core.shell:Creating environment hook '/home/cev/SLAMv2/install/cev_pose_graph_slam/share/cev_pose_graph_slam/hook/cmake_prefix_path.ps1'
[140.204s] INFO:colcon.colcon_core.shell:Creating environment descriptor '/home/cev/SLAMv2/install/cev_pose_graph_slam/share/cev_pose_graph_slam/hook/cmake_prefix_path.dsv'
[140.211s] INFO:colcon.colcon_core.shell:Creating environment hook '/home/cev/SLAMv2/install/cev_pose_graph_slam/share/cev_pose_graph_slam/hook/cmake_prefix_path.sh'
[140.218s] Level 1:colcon.colcon_core.environment:checking '/home/cev/SLAMv2/install/cev_pose_graph_slam/lib'
[140.219s] Level 1:colcon.colcon_core.environment:checking '/home/cev/SLAMv2/install/cev_pose_graph_slam/bin'
[140.220s] Level 1:colcon.colcon_core.environment:checking '/home/cev/SLAMv2/install/cev_pose_graph_slam/lib/pkgconfig/cev_pose_graph_slam.pc'
[140.221s] Level 1:colcon.colcon_core.environment:checking '/home/cev/SLAMv2/install/cev_pose_graph_slam/lib/python3.10/site-packages'
[140.224s] Level 1:colcon.colcon_core.environment:checking '/home/cev/SLAMv2/install/cev_pose_graph_slam/bin'
[140.226s] INFO:colcon.colcon_core.shell:Creating package script '/home/cev/SLAMv2/install/cev_pose_graph_slam/share/cev_pose_graph_slam/package.ps1'
[140.236s] INFO:colcon.colcon_core.shell:Creating package descriptor '/home/cev/SLAMv2/install/cev_pose_graph_slam/share/cev_pose_graph_slam/package.dsv'
[140.242s] INFO:colcon.colcon_core.shell:Creating package script '/home/cev/SLAMv2/install/cev_pose_graph_slam/share/cev_pose_graph_slam/package.sh'
[140.249s] INFO:colcon.colcon_core.shell:Creating package script '/home/cev/SLAMv2/install/cev_pose_graph_slam/share/cev_pose_graph_slam/package.bash'
[140.257s] INFO:colcon.colcon_core.shell:Creating package script '/home/cev/SLAMv2/install/cev_pose_graph_slam/share/cev_pose_graph_slam/package.zsh'
[140.266s] Level 1:colcon.colcon_core.environment:create_file_with_runtime_dependencies(/home/cev/SLAMv2/install/cev_pose_graph_slam/share/colcon-core/packages/cev_pose_graph_slam)
[140.271s] Level 1:colcon.colcon_core.environment:create_environment_scripts_only(cev_pose_graph_slam)
[140.273s] Level 1:colcon.colcon_core.environment:checking '/home/cev/SLAMv2/install/cev_pose_graph_slam' for CMake module files
[140.277s] Level 1:colcon.colcon_core.environment:checking '/home/cev/SLAMv2/install/cev_pose_graph_slam' for CMake config files
[140.280s] Level 1:colcon.colcon_core.shell:create_environment_hook('cev_pose_graph_slam', 'cmake_prefix_path')
[140.281s] INFO:colcon.colcon_core.shell:Creating environment hook '/home/cev/SLAMv2/install/cev_pose_graph_slam/share/cev_pose_graph_slam/hook/cmake_prefix_path.ps1'
[140.285s] INFO:colcon.colcon_core.shell:Creating environment descriptor '/home/cev/SLAMv2/install/cev_pose_graph_slam/share/cev_pose_graph_slam/hook/cmake_prefix_path.dsv'
[140.287s] INFO:colcon.colcon_core.shell:Creating environment hook '/home/cev/SLAMv2/install/cev_pose_graph_slam/share/cev_pose_graph_slam/hook/cmake_prefix_path.sh'
[140.295s] Level 1:colcon.colcon_core.environment:checking '/home/cev/SLAMv2/install/cev_pose_graph_slam/lib'
[140.296s] Level 1:colcon.colcon_core.environment:checking '/home/cev/SLAMv2/install/cev_pose_graph_slam/bin'
[140.299s] Level 1:colcon.colcon_core.environment:checking '/home/cev/SLAMv2/install/cev_pose_graph_slam/lib/pkgconfig/cev_pose_graph_slam.pc'
[140.301s] Level 1:colcon.colcon_core.environment:checking '/home/cev/SLAMv2/install/cev_pose_graph_slam/lib/python3.10/site-packages'
[140.303s] Level 1:colcon.colcon_core.environment:checking '/home/cev/SLAMv2/install/cev_pose_graph_slam/bin'
[140.305s] INFO:colcon.colcon_core.shell:Creating package script '/home/cev/SLAMv2/install/cev_pose_graph_slam/share/cev_pose_graph_slam/package.ps1'
[140.311s] INFO:colcon.colcon_core.shell:Creating package descriptor '/home/cev/SLAMv2/install/cev_pose_graph_slam/share/cev_pose_graph_slam/package.dsv'
[140.320s] INFO:colcon.colcon_core.shell:Creating package script '/home/cev/SLAMv2/install/cev_pose_graph_slam/share/cev_pose_graph_slam/package.sh'
[140.324s] INFO:colcon.colcon_core.shell:Creating package script '/home/cev/SLAMv2/install/cev_pose_graph_slam/share/cev_pose_graph_slam/package.bash'
[140.328s] INFO:colcon.colcon_core.shell:Creating package script '/home/cev/SLAMv2/install/cev_pose_graph_slam/share/cev_pose_graph_slam/package.zsh'
[140.332s] Level 1:colcon.colcon_core.environment:create_file_with_runtime_dependencies(/home/cev/SLAMv2/install/cev_pose_graph_slam/share/colcon-core/packages/cev_pose_graph_slam)
[148.476s] DEBUG:colcon.colcon_core.event_handler.log_command:Invoked command in '/home/cev/SLAMv2/build/witmotion_ros2' returned '0': CMAKE_PREFIX_PATH=/opt/ros/humble /usr/bin/cmake --build /home/cev/SLAMv2/build/witmotion_ros2 -- -j4 -l4
[148.487s] DEBUG:colcon.colcon_core.event_handler.log_command:Invoking command in '/home/cev/SLAMv2/build/witmotion_ros2': CMAKE_PREFIX_PATH=/opt/ros/humble /usr/bin/cmake --install /home/cev/SLAMv2/build/witmotion_ros2
[149.358s] Level 1:colcon.colcon_core.environment:create_environment_scripts_only(witmotion_ros2)
[149.360s] Level 1:colcon.colcon_core.environment:checking '/home/cev/SLAMv2/install/witmotion_ros2' for CMake module files
[149.366s] Level 1:colcon.colcon_core.environment:checking '/home/cev/SLAMv2/install/witmotion_ros2' for CMake config files
[149.368s] Level 1:colcon.colcon_core.shell:create_environment_hook('witmotion_ros2', 'cmake_prefix_path')
[149.369s] INFO:colcon.colcon_core.shell:Creating environment hook '/home/cev/SLAMv2/install/witmotion_ros2/share/witmotion_ros2/hook/cmake_prefix_path.ps1'
[149.362s] DEBUG:colcon.colcon_core.event_handler.log_command:Invoked command in '/home/cev/SLAMv2/build/witmotion_ros2' returned '0': CMAKE_PREFIX_PATH=/opt/ros/humble /usr/bin/cmake --install /home/cev/SLAMv2/build/witmotion_ros2
[149.373s] INFO:colcon.colcon_core.shell:Creating environment descriptor '/home/cev/SLAMv2/install/witmotion_ros2/share/witmotion_ros2/hook/cmake_prefix_path.dsv'
[149.376s] INFO:colcon.colcon_core.shell:Creating environment hook '/home/cev/SLAMv2/install/witmotion_ros2/share/witmotion_ros2/hook/cmake_prefix_path.sh'
[149.380s] Level 1:colcon.colcon_core.environment:checking '/home/cev/SLAMv2/install/witmotion_ros2/lib'
[149.381s] Level 1:colcon.colcon_core.environment:checking '/home/cev/SLAMv2/install/witmotion_ros2/bin'
[149.381s] Level 1:colcon.colcon_core.environment:checking '/home/cev/SLAMv2/install/witmotion_ros2/lib/pkgconfig/witmotion_ros2.pc'
[149.383s] Level 1:colcon.colcon_core.environment:checking '/home/cev/SLAMv2/install/witmotion_ros2/lib/python3.10/site-packages'
[149.385s] Level 1:colcon.colcon_core.environment:checking '/home/cev/SLAMv2/install/witmotion_ros2/bin'
[149.387s] INFO:colcon.colcon_core.shell:Creating package script '/home/cev/SLAMv2/install/witmotion_ros2/share/witmotion_ros2/package.ps1'
[149.390s] INFO:colcon.colcon_core.shell:Creating package descriptor '/home/cev/SLAMv2/install/witmotion_ros2/share/witmotion_ros2/package.dsv'
[149.393s] INFO:colcon.colcon_core.shell:Creating package script '/home/cev/SLAMv2/install/witmotion_ros2/share/witmotion_ros2/package.sh'
[149.397s] INFO:colcon.colcon_core.shell:Creating package script '/home/cev/SLAMv2/install/witmotion_ros2/share/witmotion_ros2/package.bash'
[149.400s] INFO:colcon.colcon_core.shell:Creating package script '/home/cev/SLAMv2/install/witmotion_ros2/share/witmotion_ros2/package.zsh'
[149.403s] Level 1:colcon.colcon_core.environment:create_file_with_runtime_dependencies(/home/cev/SLAMv2/install/witmotion_ros2/share/colcon-core/packages/witmotion_ros2)
[149.412s] Level 1:colcon.colcon_core.environment:create_environment_scripts_only(witmotion_ros2)
[149.413s] Level 1:colcon.colcon_core.environment:checking '/home/cev/SLAMv2/install/witmotion_ros2' for CMake module files
[149.417s] Level 1:colcon.colcon_core.environment:checking '/home/cev/SLAMv2/install/witmotion_ros2' for CMake config files
[149.419s] Level 1:colcon.colcon_core.shell:create_environment_hook('witmotion_ros2', 'cmake_prefix_path')
[149.420s] INFO:colcon.colcon_core.shell:Creating environment hook '/home/cev/SLAMv2/install/witmotion_ros2/share/witmotion_ros2/hook/cmake_prefix_path.ps1'
[149.423s] INFO:colcon.colcon_core.shell:Creating environment descriptor '/home/cev/SLAMv2/install/witmotion_ros2/share/witmotion_ros2/hook/cmake_prefix_path.dsv'
[149.426s] INFO:colcon.colcon_core.shell:Creating environment hook '/home/cev/SLAMv2/install/witmotion_ros2/share/witmotion_ros2/hook/cmake_prefix_path.sh'
[149.432s] Level 1:colcon.colcon_core.environment:checking '/home/cev/SLAMv2/install/witmotion_ros2/lib'
[149.433s] Level 1:colcon.colcon_core.environment:checking '/home/cev/SLAMv2/install/witmotion_ros2/bin'
[149.433s] Level 1:colcon.colcon_core.environment:checking '/home/cev/SLAMv2/install/witmotion_ros2/lib/pkgconfig/witmotion_ros2.pc'
[149.434s] Level 1:colcon.colcon_core.environment:checking '/home/cev/SLAMv2/install/witmotion_ros2/lib/python3.10/site-packages'
[149.437s] Level 1:colcon.colcon_core.environment:checking '/home/cev/SLAMv2/install/witmotion_ros2/bin'
[149.438s] INFO:colcon.colcon_core.shell:Creating package script '/home/cev/SLAMv2/install/witmotion_ros2/share/witmotion_ros2/package.ps1'
[149.442s] INFO:colcon.colcon_core.shell:Creating package descriptor '/home/cev/SLAMv2/install/witmotion_ros2/share/witmotion_ros2/package.dsv'
[149.446s] INFO:colcon.colcon_core.shell:Creating package script '/home/cev/SLAMv2/install/witmotion_ros2/share/witmotion_ros2/package.sh'
[149.449s] INFO:colcon.colcon_core.shell:Creating package script '/home/cev/SLAMv2/install/witmotion_ros2/share/witmotion_ros2/package.bash'
[149.453s] INFO:colcon.colcon_core.shell:Creating package script '/home/cev/SLAMv2/install/witmotion_ros2/share/witmotion_ros2/package.zsh'
[149.456s] Level 1:colcon.colcon_core.environment:create_file_with_runtime_dependencies(/home/cev/SLAMv2/install/witmotion_ros2/share/colcon-core/packages/witmotion_ros2)
[240.164s] DEBUG:colcon.colcon_core.event_handler.log_command:Invoked command in '/home/cev/SLAMv2/build/lidar_odometry' returned '0': CMAKE_PREFIX_PATH=/opt/ros/humble /usr/bin/cmake --build /home/cev/SLAMv2/build/lidar_odometry -- -j4 -l4
[240.175s] DEBUG:colcon.colcon_core.event_handler.log_command:Invoking command in '/home/cev/SLAMv2/build/lidar_odometry': CMAKE_PREFIX_PATH=/opt/ros/humble /usr/bin/cmake --install /home/cev/SLAMv2/build/lidar_odometry
[240.422s] Level 1:colcon.colcon_core.environment:create_environment_scripts_only(lidar_odometry)
[240.423s] Level 1:colcon.colcon_core.environment:checking '/home/cev/SLAMv2/install/lidar_odometry' for CMake module files
[240.426s] Level 1:colcon.colcon_core.environment:checking '/home/cev/SLAMv2/install/lidar_odometry' for CMake config files
[240.428s] DEBUG:colcon.colcon_core.event_handler.log_command:Invoked command in '/home/cev/SLAMv2/build/lidar_odometry' returned '1': CMAKE_PREFIX_PATH=/opt/ros/humble /usr/bin/cmake --install /home/cev/SLAMv2/build/lidar_odometry
[240.432s] Level 1:colcon.colcon_core.environment:checking '/home/cev/SLAMv2/install/lidar_odometry/lib'
[240.433s] Level 1:colcon.colcon_core.environment:checking '/home/cev/SLAMv2/install/lidar_odometry/bin'
[240.433s] Level 1:colcon.colcon_core.environment:checking '/home/cev/SLAMv2/install/lidar_odometry/lib/pkgconfig/lidar_odometry.pc'
[240.435s] Level 1:colcon.colcon_core.environment:checking '/home/cev/SLAMv2/install/lidar_odometry/lib/python3.10/site-packages'
[240.437s] Level 1:colcon.colcon_core.environment:checking '/home/cev/SLAMv2/install/lidar_odometry/bin'
[240.439s] INFO:colcon.colcon_core.shell:Creating package script '/home/cev/SLAMv2/install/lidar_odometry/share/lidar_odometry/package.ps1'
[240.442s] INFO:colcon.colcon_core.shell:Creating package descriptor '/home/cev/SLAMv2/install/lidar_odometry/share/lidar_odometry/package.dsv'
[240.444s] INFO:colcon.colcon_core.shell:Creating package script '/home/cev/SLAMv2/install/lidar_odometry/share/lidar_odometry/package.sh'
[240.462s] INFO:colcon.colcon_core.shell:Creating package script '/home/cev/SLAMv2/install/lidar_odometry/share/lidar_odometry/package.bash'
[240.465s] INFO:colcon.colcon_core.shell:Creating package script '/home/cev/SLAMv2/install/lidar_odometry/share/lidar_odometry/package.zsh'
[240.468s] Level 1:colcon.colcon_core.environment:create_file_with_runtime_dependencies(/home/cev/SLAMv2/install/lidar_odometry/share/colcon-core/packages/lidar_odometry)
[274.554s] DEBUG:colcon.colcon_parallel_executor.executor.parallel:closing loop
[274.555s] DEBUG:colcon.colcon_parallel_executor.executor.parallel:loop closed
[274.556s] DEBUG:colcon.colcon_parallel_executor.executor.parallel:run_until_complete finished with '1'
[274.556s] DEBUG:colcon.colcon_core.event_reactor:joining thread
[274.612s] INFO:colcon.colcon_core.plugin_system:Skipping extension 'colcon_notification.desktop_notification.notify_send': Could not find 'notify-send'
[274.612s] INFO:colcon.colcon_core.plugin_system:Skipping extension 'colcon_notification.desktop_notification.terminal_notifier': Not used on non-Darwin systems
[274.612s] INFO:colcon.colcon_core.plugin_system:Skipping extension 'colcon_notification.desktop_notification.win32': Not used on non-Windows systems
[274.613s] INFO:colcon.colcon_notification.desktop_notification:Sending desktop notification using 'notify2'
[274.737s] DEBUG:colcon.colcon_notification.desktop_notification.notify2:Failed to initialize notify2: org.freedesktop.DBus.Error.ServiceUnknown: The name org.freedesktop.Notifications was not provided by any .service files
[274.738s] DEBUG:colcon.colcon_core.event_reactor:joined thread
[274.739s] INFO:colcon.colcon_core.shell:Creating prefix script '/home/cev/SLAMv2/install/local_setup.ps1'
[274.745s] INFO:colcon.colcon_core.shell:Creating prefix util module '/home/cev/SLAMv2/install/_local_setup_util_ps1.py'
[274.753s] INFO:colcon.colcon_core.shell:Creating prefix chain script '/home/cev/SLAMv2/install/setup.ps1'
[274.758s] INFO:colcon.colcon_core.shell:Creating prefix script '/home/cev/SLAMv2/install/local_setup.sh'
[274.761s] INFO:colcon.colcon_core.shell:Creating prefix util module '/home/cev/SLAMv2/install/_local_setup_util_sh.py'
[274.764s] INFO:colcon.colcon_core.shell:Creating prefix chain script '/home/cev/SLAMv2/install/setup.sh'
[274.769s] INFO:colcon.colcon_core.shell:Creating prefix script '/home/cev/SLAMv2/install/local_setup.bash'
[274.772s] INFO:colcon.colcon_core.shell:Creating prefix chain script '/home/cev/SLAMv2/install/setup.bash'
[274.776s] INFO:colcon.colcon_core.shell:Creating prefix script '/home/cev/SLAMv2/install/local_setup.zsh'
[274.779s] INFO:colcon.colcon_core.shell:Creating prefix chain script '/home/cev/SLAMv2/install/setup.zsh'
