[0.063s] Invoking command in '/home/cev/SLAMv2/build/lidar_odometry': CMAKE_PREFIX_PATH=/opt/ros/humble /usr/bin/cmake --build /home/cev/SLAMv2/build/lidar_odometry -- -j4 -l4
[0.367s] [35m[1mConsolidate compiler generated dependencies of target motor_controller[0m
[0.378s] [35m[1mConsolidate compiler generated dependencies of target cevicp[0m
[0.463s] [ 15%] Built target motor_controller
[0.496s] [ 84%] Built target cevicp
[0.540s] [35m[1mConsolidate compiler generated dependencies of target lidar_odometry[0m
[0.658s] [100%] Built target lidar_odometry
[0.697s] Invoked command in '/home/cev/SLAMv2/build/lidar_odometry' returned '0': CMAKE_PREFIX_PATH=/opt/ros/humble /usr/bin/cmake --build /home/cev/SLAMv2/build/lidar_odometry -- -j4 -l4
[0.737s] Invoking command in '/home/cev/SLAMv2/build/lidar_odometry': CMAKE_PREFIX_PATH=/opt/ros/humble /usr/bin/cmake --install /home/cev/SLAMv2/build/lidar_odometry
[0.763s] -- Install configuration: ""
[0.764s] -- Execute custom install script
[0.766s] -- Up-to-date symlink: /home/cev/SLAMv2/install/lidar_odometry/lib/lidar_odometry/lidar_odometry
[0.767s] -- Up-to-date symlink: /home/cev/SLAMv2/install/lidar_odometry/lib/lidar_odometry/motor_controller
[0.768s] -- Up-to-date symlink: /home/cev/SLAMv2/install/lidar_odometry/share/lidar_odometry/launch/car.py
[0.769s] -- Up-to-date symlink: /home/cev/SLAMv2/install/lidar_odometry/share/lidar_odometry/launch/carv2.py
[0.770s] -- Up-to-date symlink: /home/cev/SLAMv2/install/lidar_odometry/share/lidar_odometry/launch/example.py
[0.771s] -- Symlinking: /home/cev/SLAMv2/install/lidar_odometry/share/lidar_odometry/config/ekf.yaml
[0.803s] -- Symlinking: /home/cev/SLAMv2/install/lidar_odometry/lib/lidar_odometry/imu_covariance_injector.py
[0.835s] -- Symlinking: /home/cev/SLAMv2/install/lidar_odometry/share/ament_index/resource_index/package_run_dependencies/lidar_odometry
[0.866s] -- Symlinking: /home/cev/SLAMv2/install/lidar_odometry/share/ament_index/resource_index/parent_prefix_path/lidar_odometry
[0.897s] -- Symlinking: /home/cev/SLAMv2/install/lidar_odometry/share/lidar_odometry/environment/ament_prefix_path.sh
[0.928s] -- Symlinking: /home/cev/SLAMv2/install/lidar_odometry/share/lidar_odometry/environment/ament_prefix_path.dsv
[0.957s] -- Symlinking: /home/cev/SLAMv2/install/lidar_odometry/share/lidar_odometry/environment/path.sh
[0.988s] -- Symlinking: /home/cev/SLAMv2/install/lidar_odometry/share/lidar_odometry/environment/path.dsv
[1.019s] -- Symlinking: /home/cev/SLAMv2/install/lidar_odometry/share/lidar_odometry/local_setup.bash
[1.050s] -- Symlinking: /home/cev/SLAMv2/install/lidar_odometry/share/lidar_odometry/local_setup.sh
[1.081s] -- Symlinking: /home/cev/SLAMv2/install/lidar_odometry/share/lidar_odometry/local_setup.zsh
[1.113s] -- Symlinking: /home/cev/SLAMv2/install/lidar_odometry/share/lidar_odometry/local_setup.dsv
[1.143s] -- Symlinking: /home/cev/SLAMv2/install/lidar_odometry/share/lidar_odometry/package.dsv
[1.177s] -- Symlinking: /home/cev/SLAMv2/install/lidar_odometry/share/ament_index/resource_index/packages/lidar_odometry
[1.208s] -- Symlinking: /home/cev/SLAMv2/install/lidar_odometry/share/lidar_odometry/cmake/lidar_odometryConfig.cmake
[1.238s] -- Symlinking: /home/cev/SLAMv2/install/lidar_odometry/share/lidar_odometry/cmake/lidar_odometryConfig-version.cmake
[1.269s] -- Symlinking: /home/cev/SLAMv2/install/lidar_odometry/share/lidar_odometry/package.xml
[1.307s] Invoked command in '/home/cev/SLAMv2/build/lidar_odometry' returned '0': CMAKE_PREFIX_PATH=/opt/ros/humble /usr/bin/cmake --install /home/cev/SLAMv2/build/lidar_odometry
