[0.668s] DEBUG:colcon:Command line arguments: ['/usr/bin/colcon', 'build', '--packages-select', 'cev_pose_graph_slam']
[0.669s] DEBUG:colcon:Parsed command line arguments: Namespace(log_base=None, log_level=None, verb_name='build', build_base='build', install_base='install', merge_install=False, symlink_install=False, test_result_base=None, continue_on_error=False, executor='parallel', parallel_workers=4, event_handlers=None, ignore_user_meta=False, metas=['./colcon.meta'], base_paths=['.'], packages_ignore=None, packages_ignore_regex=None, paths=None, packages_up_to=None, packages_up_to_regex=None, packages_above=None, packages_above_and_dependencies=None, packages_above_depth=None, packages_select_by_dep=None, packages_skip_by_dep=None, packages_skip_up_to=None, packages_select_build_failed=False, packages_skip_build_finished=False, packages_select_test_failures=False, packages_skip_test_passed=False, packages_select=['cev_pose_graph_slam'], packages_skip=None, packages_select_regex=None, packages_skip_regex=None, packages_start=None, packages_end=None, allow_overriding=[], cmake_args=None, cmake_target=None, cmake_target_skip_unavailable=False, cmake_clean_cache=False, cmake_clean_first=False, cmake_force_configure=False, ament_cmake_args=None, catkin_cmake_args=None, catkin_skip_building_tests=False, mixin_files=None, mixin=None, verb_parser=<colcon_mixin.mixin.mixin_argument.MixinArgumentDecorator object at 0xffff913bca30>, verb_extension=<colcon_core.verb.build.BuildVerb object at 0xffff914e59c0>, main=<bound method BuildVerb.main of <colcon_core.verb.build.BuildVerb object at 0xffff914e59c0>>, mixin_verb=('build',))
[1.845s] Level 1:colcon.colcon_core.package_discovery:discover_packages(colcon_meta) check parameters
[1.846s] Level 1:colcon.colcon_core.package_discovery:discover_packages(recursive) check parameters
[1.847s] Level 1:colcon.colcon_core.package_discovery:discover_packages(ignore) check parameters
[1.848s] Level 1:colcon.colcon_core.package_discovery:discover_packages(path) check parameters
[1.848s] Level 1:colcon.colcon_core.package_discovery:discover_packages(colcon_meta) discover
[1.849s] Level 1:colcon.colcon_core.package_discovery:discover_packages(recursive) discover
[1.849s] INFO:colcon.colcon_core.package_discovery:Crawling recursively for packages in '/home/cev/SLAMv2'
[1.850s] Level 1:colcon.colcon_core.package_identification:_identify(.) by extensions ['ignore', 'ignore_ament_install']
[1.850s] Level 1:colcon.colcon_core.package_identification:_identify(.) by extension 'ignore'
[1.852s] Level 1:colcon.colcon_core.package_identification:_identify(.) by extension 'ignore_ament_install'
[1.852s] Level 1:colcon.colcon_core.package_identification:_identify(.) by extensions ['colcon_pkg']
[1.853s] Level 1:colcon.colcon_core.package_identification:_identify(.) by extension 'colcon_pkg'
[1.853s] Level 1:colcon.colcon_core.package_identification:_identify(.) by extensions ['colcon_meta']
[1.853s] Level 1:colcon.colcon_core.package_identification:_identify(.) by extension 'colcon_meta'
[1.854s] Level 1:colcon.colcon_core.package_identification:_identify(.) by extensions ['ros']
[1.854s] Level 1:colcon.colcon_core.package_identification:_identify(.) by extension 'ros'
[1.919s] Level 1:colcon.colcon_core.package_identification:_identify(.) by extensions ['cmake', 'python']
[1.919s] Level 1:colcon.colcon_core.package_identification:_identify(.) by extension 'cmake'
[1.920s] Level 1:colcon.colcon_core.package_identification:_identify(.) by extension 'python'
[1.920s] Level 1:colcon.colcon_core.package_identification:_identify(.) by extensions ['python_setup_py']
[1.921s] Level 1:colcon.colcon_core.package_identification:_identify(.) by extension 'python_setup_py'
[1.921s] Level 1:colcon.colcon_core.package_identification:_identify(build) by extensions ['ignore', 'ignore_ament_install']
[1.922s] Level 1:colcon.colcon_core.package_identification:_identify(build) by extension 'ignore'
[1.923s] Level 1:colcon.colcon_core.package_identification:_identify(build) ignored
[1.924s] Level 1:colcon.colcon_core.package_identification:_identify(install) by extensions ['ignore', 'ignore_ament_install']
[1.925s] Level 1:colcon.colcon_core.package_identification:_identify(install) by extension 'ignore'
[1.925s] Level 1:colcon.colcon_core.package_identification:_identify(install) ignored
[1.926s] Level 1:colcon.colcon_core.package_identification:_identify(log) by extensions ['ignore', 'ignore_ament_install']
[1.927s] Level 1:colcon.colcon_core.package_identification:_identify(log) by extension 'ignore'
[1.928s] Level 1:colcon.colcon_core.package_identification:_identify(log) ignored
[1.929s] Level 1:colcon.colcon_core.package_identification:_identify(src) by extensions ['ignore', 'ignore_ament_install']
[1.930s] Level 1:colcon.colcon_core.package_identification:_identify(src) by extension 'ignore'
[1.934s] Level 1:colcon.colcon_core.package_identification:_identify(src) by extension 'ignore_ament_install'
[1.935s] Level 1:colcon.colcon_core.package_identification:_identify(src) by extensions ['colcon_pkg']
[1.936s] Level 1:colcon.colcon_core.package_identification:_identify(src) by extension 'colcon_pkg'
[1.936s] Level 1:colcon.colcon_core.package_identification:_identify(src) by extensions ['colcon_meta']
[1.937s] Level 1:colcon.colcon_core.package_identification:_identify(src) by extension 'colcon_meta'
[1.937s] Level 1:colcon.colcon_core.package_identification:_identify(src) by extensions ['ros']
[1.938s] Level 1:colcon.colcon_core.package_identification:_identify(src) by extension 'ros'
[1.938s] Level 1:colcon.colcon_core.package_identification:_identify(src) by extensions ['cmake', 'python']
[1.939s] Level 1:colcon.colcon_core.package_identification:_identify(src) by extension 'cmake'
[1.939s] Level 1:colcon.colcon_core.package_identification:_identify(src) by extension 'python'
[1.939s] Level 1:colcon.colcon_core.package_identification:_identify(src) by extensions ['python_setup_py']
[1.940s] Level 1:colcon.colcon_core.package_identification:_identify(src) by extension 'python_setup_py'
[1.941s] Level 1:colcon.colcon_core.package_identification:_identify(src/cev_lidar_odometry_ros2) by extensions ['ignore', 'ignore_ament_install']
[1.941s] Level 1:colcon.colcon_core.package_identification:_identify(src/cev_lidar_odometry_ros2) by extension 'ignore'
[1.942s] Level 1:colcon.colcon_core.package_identification:_identify(src/cev_lidar_odometry_ros2) by extension 'ignore_ament_install'
[1.942s] Level 1:colcon.colcon_core.package_identification:_identify(src/cev_lidar_odometry_ros2) by extensions ['colcon_pkg']
[1.943s] Level 1:colcon.colcon_core.package_identification:_identify(src/cev_lidar_odometry_ros2) by extension 'colcon_pkg'
[1.943s] Level 1:colcon.colcon_core.package_identification:_identify(src/cev_lidar_odometry_ros2) by extensions ['colcon_meta']
[1.943s] Level 1:colcon.colcon_core.package_identification:_identify(src/cev_lidar_odometry_ros2) by extension 'colcon_meta'
[1.944s] Level 1:colcon.colcon_core.package_identification:_identify(src/cev_lidar_odometry_ros2) by extensions ['ros']
[1.944s] Level 1:colcon.colcon_core.package_identification:_identify(src/cev_lidar_odometry_ros2) by extension 'ros'
[1.958s] DEBUG:colcon.colcon_core.package_identification:Package 'src/cev_lidar_odometry_ros2' with type 'ros.ament_cmake' and name 'lidar_odometry'
[1.959s] Level 1:colcon.colcon_core.package_identification:_identify(src/cev_pose_graph_slam) by extensions ['ignore', 'ignore_ament_install']
[1.960s] Level 1:colcon.colcon_core.package_identification:_identify(src/cev_pose_graph_slam) by extension 'ignore'
[1.960s] Level 1:colcon.colcon_core.package_identification:_identify(src/cev_pose_graph_slam) by extension 'ignore_ament_install'
[1.961s] Level 1:colcon.colcon_core.package_identification:_identify(src/cev_pose_graph_slam) by extensions ['colcon_pkg']
[1.962s] Level 1:colcon.colcon_core.package_identification:_identify(src/cev_pose_graph_slam) by extension 'colcon_pkg'
[1.962s] Level 1:colcon.colcon_core.package_identification:_identify(src/cev_pose_graph_slam) by extensions ['colcon_meta']
[1.963s] Level 1:colcon.colcon_core.package_identification:_identify(src/cev_pose_graph_slam) by extension 'colcon_meta'
[1.964s] Level 1:colcon.colcon_core.package_identification:_identify(src/cev_pose_graph_slam) by extensions ['ros']
[1.964s] Level 1:colcon.colcon_core.package_identification:_identify(src/cev_pose_graph_slam) by extension 'ros'
[1.977s] DEBUG:colcon.colcon_core.package_identification:Package 'src/cev_pose_graph_slam' with type 'ros.ament_cmake' and name 'cev_pose_graph_slam'
[1.979s] Level 1:colcon.colcon_core.package_identification:_identify(src/icp) by extensions ['ignore', 'ignore_ament_install']
[1.980s] Level 1:colcon.colcon_core.package_identification:_identify(src/icp) by extension 'ignore'
[1.980s] Level 1:colcon.colcon_core.package_identification:_identify(src/icp) by extension 'ignore_ament_install'
[1.981s] Level 1:colcon.colcon_core.package_identification:_identify(src/icp) by extensions ['colcon_pkg']
[1.981s] Level 1:colcon.colcon_core.package_identification:_identify(src/icp) by extension 'colcon_pkg'
[1.982s] Level 1:colcon.colcon_core.package_identification:_identify(src/icp) by extensions ['colcon_meta']
[1.982s] Level 1:colcon.colcon_core.package_identification:_identify(src/icp) by extension 'colcon_meta'
[1.982s] Level 1:colcon.colcon_core.package_identification:_identify(src/icp) by extensions ['ros']
[1.984s] Level 1:colcon.colcon_core.package_identification:_identify(src/icp) by extension 'ros'
[1.985s] Level 1:colcon.colcon_core.package_identification:_identify(src/icp) by extensions ['cmake', 'python']
[1.985s] Level 1:colcon.colcon_core.package_identification:_identify(src/icp) by extension 'cmake'
[2.011s] Level 1:colcon.colcon_core.package_identification:_identify(src/icp) by extension 'python'
[2.011s] DEBUG:colcon.colcon_core.package_identification:Package 'src/icp' with type 'cmake' and name 'CevIcp'
[2.012s] Level 1:colcon.colcon_core.package_identification:_identify(src/lidar_odometry) by extensions ['ignore', 'ignore_ament_install']
[2.012s] Level 1:colcon.colcon_core.package_identification:_identify(src/lidar_odometry) by extension 'ignore'
[2.013s] Level 1:colcon.colcon_core.package_identification:_identify(src/lidar_odometry) by extension 'ignore_ament_install'
[2.013s] Level 1:colcon.colcon_core.package_identification:_identify(src/lidar_odometry) by extensions ['colcon_pkg']
[2.013s] Level 1:colcon.colcon_core.package_identification:_identify(src/lidar_odometry) by extension 'colcon_pkg'
[2.013s] Level 1:colcon.colcon_core.package_identification:_identify(src/lidar_odometry) by extensions ['colcon_meta']
[2.013s] Level 1:colcon.colcon_core.package_identification:_identify(src/lidar_odometry) by extension 'colcon_meta'
[2.014s] Level 1:colcon.colcon_core.package_identification:_identify(src/lidar_odometry) by extensions ['ros']
[2.014s] Level 1:colcon.colcon_core.package_identification:_identify(src/lidar_odometry) by extension 'ros'
[2.014s] Level 1:colcon.colcon_core.package_identification:_identify(src/lidar_odometry) by extensions ['cmake', 'python']
[2.015s] Level 1:colcon.colcon_core.package_identification:_identify(src/lidar_odometry) by extension 'cmake'
[2.015s] Level 1:colcon.colcon_core.package_identification:_identify(src/lidar_odometry) by extension 'python'
[2.015s] Level 1:colcon.colcon_core.package_identification:_identify(src/lidar_odometry) by extensions ['python_setup_py']
[2.015s] Level 1:colcon.colcon_core.package_identification:_identify(src/lidar_odometry) by extension 'python_setup_py'
[2.016s] Level 1:colcon.colcon_core.package_identification:_identify(src/lidar_odometry/config) by extensions ['ignore', 'ignore_ament_install']
[2.016s] Level 1:colcon.colcon_core.package_identification:_identify(src/lidar_odometry/config) by extension 'ignore'
[2.016s] Level 1:colcon.colcon_core.package_identification:_identify(src/lidar_odometry/config) by extension 'ignore_ament_install'
[2.017s] Level 1:colcon.colcon_core.package_identification:_identify(src/lidar_odometry/config) by extensions ['colcon_pkg']
[2.017s] Level 1:colcon.colcon_core.package_identification:_identify(src/lidar_odometry/config) by extension 'colcon_pkg'
[2.017s] Level 1:colcon.colcon_core.package_identification:_identify(src/lidar_odometry/config) by extensions ['colcon_meta']
[2.017s] Level 1:colcon.colcon_core.package_identification:_identify(src/lidar_odometry/config) by extension 'colcon_meta'
[2.018s] Level 1:colcon.colcon_core.package_identification:_identify(src/lidar_odometry/config) by extensions ['ros']
[2.018s] Level 1:colcon.colcon_core.package_identification:_identify(src/lidar_odometry/config) by extension 'ros'
[2.018s] Level 1:colcon.colcon_core.package_identification:_identify(src/lidar_odometry/config) by extensions ['cmake', 'python']
[2.019s] Level 1:colcon.colcon_core.package_identification:_identify(src/lidar_odometry/config) by extension 'cmake'
[2.021s] Level 1:colcon.colcon_core.package_identification:_identify(src/lidar_odometry/config) by extension 'python'
[2.022s] Level 1:colcon.colcon_core.package_identification:_identify(src/lidar_odometry/config) by extensions ['python_setup_py']
[2.022s] Level 1:colcon.colcon_core.package_identification:_identify(src/lidar_odometry/config) by extension 'python_setup_py'
[2.036s] Level 1:colcon.colcon_core.package_identification:_identify(src/script) by extensions ['ignore', 'ignore_ament_install']
[2.037s] Level 1:colcon.colcon_core.package_identification:_identify(src/script) by extension 'ignore'
[2.037s] Level 1:colcon.colcon_core.package_identification:_identify(src/script) by extension 'ignore_ament_install'
[2.038s] Level 1:colcon.colcon_core.package_identification:_identify(src/script) by extensions ['colcon_pkg']
[2.038s] Level 1:colcon.colcon_core.package_identification:_identify(src/script) by extension 'colcon_pkg'
[2.038s] Level 1:colcon.colcon_core.package_identification:_identify(src/script) by extensions ['colcon_meta']
[2.039s] Level 1:colcon.colcon_core.package_identification:_identify(src/script) by extension 'colcon_meta'
[2.039s] Level 1:colcon.colcon_core.package_identification:_identify(src/script) by extensions ['ros']
[2.040s] Level 1:colcon.colcon_core.package_identification:_identify(src/script) by extension 'ros'
[2.040s] Level 1:colcon.colcon_core.package_identification:_identify(src/script) by extensions ['cmake', 'python']
[2.040s] Level 1:colcon.colcon_core.package_identification:_identify(src/script) by extension 'cmake'
[2.041s] Level 1:colcon.colcon_core.package_identification:_identify(src/script) by extension 'python'
[2.042s] Level 1:colcon.colcon_core.package_identification:_identify(src/script) by extensions ['python_setup_py']
[2.042s] Level 1:colcon.colcon_core.package_identification:_identify(src/script) by extension 'python_setup_py'
[2.058s] Level 1:colcon.colcon_core.package_identification:_identify(src/witmotion_ros2) by extensions ['ignore', 'ignore_ament_install']
[2.058s] Level 1:colcon.colcon_core.package_identification:_identify(src/witmotion_ros2) by extension 'ignore'
[2.059s] Level 1:colcon.colcon_core.package_identification:_identify(src/witmotion_ros2) by extension 'ignore_ament_install'
[2.059s] Level 1:colcon.colcon_core.package_identification:_identify(src/witmotion_ros2) by extensions ['colcon_pkg']
[2.062s] Level 1:colcon.colcon_core.package_identification:_identify(src/witmotion_ros2) by extension 'colcon_pkg'
[2.063s] Level 1:colcon.colcon_core.package_identification:_identify(src/witmotion_ros2) by extensions ['colcon_meta']
[2.063s] Level 1:colcon.colcon_core.package_identification:_identify(src/witmotion_ros2) by extension 'colcon_meta'
[2.063s] Level 1:colcon.colcon_core.package_identification:_identify(src/witmotion_ros2) by extensions ['ros']
[2.064s] Level 1:colcon.colcon_core.package_identification:_identify(src/witmotion_ros2) by extension 'ros'
[2.080s] DEBUG:colcon.colcon_core.package_identification:Package 'src/witmotion_ros2' with type 'ros.ament_cmake' and name 'witmotion_ros2'
[2.080s] Level 1:colcon.colcon_core.package_discovery:discover_packages(recursive) using defaults
[2.080s] Level 1:colcon.colcon_core.package_discovery:discover_packages(ignore) discover
[2.081s] Level 1:colcon.colcon_core.package_discovery:discover_packages(ignore) using defaults
[2.081s] Level 1:colcon.colcon_core.package_discovery:discover_packages(path) discover
[2.081s] Level 1:colcon.colcon_core.package_discovery:discover_packages(path) using defaults
[2.238s] INFO:colcon.colcon_core.package_selection:Skipping not selected package 'CevIcp' in 'src/icp'
[2.251s] INFO:colcon.colcon_core.package_selection:Skipping not selected package 'lidar_odometry' in 'src/cev_lidar_odometry_ros2'
[2.252s] INFO:colcon.colcon_core.package_selection:Skipping not selected package 'witmotion_ros2' in 'src/witmotion_ros2'
[2.253s] Level 1:colcon.colcon_core.package_discovery:discover_packages(prefix_path) check parameters
[2.254s] Level 1:colcon.colcon_core.package_discovery:discover_packages(prefix_path) discover
[2.258s] Level 1:colcon.colcon_core.package_discovery:discover_packages(prefix_path) using defaults
[2.269s] Level 5:colcon.colcon_core.verb:set package 'cev_pose_graph_slam' build argument 'cmake_args' from command line to 'None'
[2.270s] Level 5:colcon.colcon_core.verb:set package 'cev_pose_graph_slam' build argument 'cmake_target' from command line to 'None'
[2.270s] Level 5:colcon.colcon_core.verb:set package 'cev_pose_graph_slam' build argument 'cmake_target_skip_unavailable' from command line to 'False'
[2.270s] Level 5:colcon.colcon_core.verb:set package 'cev_pose_graph_slam' build argument 'cmake_clean_cache' from command line to 'False'
[2.270s] Level 5:colcon.colcon_core.verb:set package 'cev_pose_graph_slam' build argument 'cmake_clean_first' from command line to 'False'
[2.270s] Level 5:colcon.colcon_core.verb:set package 'cev_pose_graph_slam' build argument 'cmake_force_configure' from command line to 'False'
[2.270s] Level 5:colcon.colcon_core.verb:set package 'cev_pose_graph_slam' build argument 'ament_cmake_args' from command line to 'None'
[2.270s] Level 5:colcon.colcon_core.verb:set package 'cev_pose_graph_slam' build argument 'catkin_cmake_args' from command line to 'None'
[2.270s] Level 5:colcon.colcon_core.verb:set package 'cev_pose_graph_slam' build argument 'catkin_skip_building_tests' from command line to 'False'
[2.271s] DEBUG:colcon.colcon_core.verb:Building package 'cev_pose_graph_slam' with the following arguments: {'ament_cmake_args': None, 'build_base': '/home/cev/SLAMv2/build/cev_pose_graph_slam', 'catkin_cmake_args': None, 'catkin_skip_building_tests': False, 'cmake_args': None, 'cmake_clean_cache': False, 'cmake_clean_first': False, 'cmake_force_configure': False, 'cmake_target': None, 'cmake_target_skip_unavailable': False, 'install_base': '/home/cev/SLAMv2/install/cev_pose_graph_slam', 'merge_install': False, 'path': '/home/cev/SLAMv2/src/cev_pose_graph_slam', 'symlink_install': False, 'test_result_base': None}
[2.271s] INFO:colcon.colcon_core.executor:Executing jobs using 'parallel' executor
[2.297s] DEBUG:colcon.colcon_parallel_executor.executor.parallel:run_until_complete
[2.298s] INFO:colcon.colcon_ros.task.ament_cmake.build:Building ROS package in '/home/cev/SLAMv2/src/cev_pose_graph_slam' with build type 'ament_cmake'
[2.299s] INFO:colcon.colcon_cmake.task.cmake.build:Building CMake package in '/home/cev/SLAMv2/src/cev_pose_graph_slam'
[2.321s] INFO:colcon.colcon_core.plugin_system:Skipping extension 'colcon_core.shell.bat': Not used on non-Windows systems
[2.322s] INFO:colcon.colcon_core.shell:Skip shell extension 'powershell' for command environment: Not usable outside of PowerShell
[2.322s] DEBUG:colcon.colcon_core.shell:Skip shell extension 'dsv' for command environment
[2.396s] DEBUG:colcon.colcon_core.event_handler.log_command:Invoking command in '/home/cev/SLAMv2/build/cev_pose_graph_slam': /usr/bin/cmake /home/cev/SLAMv2/src/cev_pose_graph_slam -DCMAKE_INSTALL_PREFIX=/home/cev/SLAMv2/install/cev_pose_graph_slam
[3.688s] DEBUG:colcon.colcon_core.event_handler.log_command:Invoked command in '/home/cev/SLAMv2/build/cev_pose_graph_slam' returned '1': /usr/bin/cmake /home/cev/SLAMv2/src/cev_pose_graph_slam -DCMAKE_INSTALL_PREFIX=/home/cev/SLAMv2/install/cev_pose_graph_slam
[3.692s] Level 1:colcon.colcon_core.environment:create_environment_scripts_only(cev_pose_graph_slam)
[3.723s] Level 1:colcon.colcon_core.environment:checking '/home/cev/SLAMv2/install/cev_pose_graph_slam' for CMake module files
[3.727s] Level 1:colcon.colcon_core.environment:checking '/home/cev/SLAMv2/install/cev_pose_graph_slam' for CMake config files
[3.729s] Level 1:colcon.colcon_core.shell:create_environment_hook('cev_pose_graph_slam', 'cmake_prefix_path')
[3.733s] INFO:colcon.colcon_core.shell:Creating environment hook '/home/cev/SLAMv2/install/cev_pose_graph_slam/share/cev_pose_graph_slam/hook/cmake_prefix_path.ps1'
[3.743s] INFO:colcon.colcon_core.shell:Creating environment descriptor '/home/cev/SLAMv2/install/cev_pose_graph_slam/share/cev_pose_graph_slam/hook/cmake_prefix_path.dsv'
[3.746s] INFO:colcon.colcon_core.shell:Creating environment hook '/home/cev/SLAMv2/install/cev_pose_graph_slam/share/cev_pose_graph_slam/hook/cmake_prefix_path.sh'
[3.755s] Level 1:colcon.colcon_core.environment:checking '/home/cev/SLAMv2/install/cev_pose_graph_slam/lib'
[3.756s] Level 1:colcon.colcon_core.environment:checking '/home/cev/SLAMv2/install/cev_pose_graph_slam/bin'
[3.756s] Level 1:colcon.colcon_core.environment:checking '/home/cev/SLAMv2/install/cev_pose_graph_slam/lib/pkgconfig/cev_pose_graph_slam.pc'
[3.765s] Level 1:colcon.colcon_core.environment:checking '/home/cev/SLAMv2/install/cev_pose_graph_slam/lib/python3.10/site-packages'
[3.767s] Level 1:colcon.colcon_core.environment:checking '/home/cev/SLAMv2/install/cev_pose_graph_slam/bin'
[3.768s] INFO:colcon.colcon_core.shell:Creating package script '/home/cev/SLAMv2/install/cev_pose_graph_slam/share/cev_pose_graph_slam/package.ps1'
[3.775s] INFO:colcon.colcon_core.shell:Creating package descriptor '/home/cev/SLAMv2/install/cev_pose_graph_slam/share/cev_pose_graph_slam/package.dsv'
[3.779s] INFO:colcon.colcon_core.shell:Creating package script '/home/cev/SLAMv2/install/cev_pose_graph_slam/share/cev_pose_graph_slam/package.sh'
[3.784s] INFO:colcon.colcon_core.shell:Creating package script '/home/cev/SLAMv2/install/cev_pose_graph_slam/share/cev_pose_graph_slam/package.bash'
[3.788s] INFO:colcon.colcon_core.shell:Creating package script '/home/cev/SLAMv2/install/cev_pose_graph_slam/share/cev_pose_graph_slam/package.zsh'
[3.791s] Level 1:colcon.colcon_core.environment:create_file_with_runtime_dependencies(/home/cev/SLAMv2/install/cev_pose_graph_slam/share/colcon-core/packages/cev_pose_graph_slam)
[3.795s] DEBUG:colcon.colcon_parallel_executor.executor.parallel:closing loop
[3.796s] DEBUG:colcon.colcon_parallel_executor.executor.parallel:loop closed
[3.796s] DEBUG:colcon.colcon_parallel_executor.executor.parallel:run_until_complete finished with '1'
[3.796s] DEBUG:colcon.colcon_core.event_reactor:joining thread
[3.816s] INFO:colcon.colcon_core.plugin_system:Skipping extension 'colcon_notification.desktop_notification.notify_send': Could not find 'notify-send'
[3.816s] INFO:colcon.colcon_core.plugin_system:Skipping extension 'colcon_notification.desktop_notification.terminal_notifier': Not used on non-Darwin systems
[3.817s] INFO:colcon.colcon_core.plugin_system:Skipping extension 'colcon_notification.desktop_notification.win32': Not used on non-Windows systems
[3.817s] INFO:colcon.colcon_notification.desktop_notification:Sending desktop notification using 'notify2'
[3.820s] DEBUG:colcon.colcon_notification.desktop_notification.notify2:Failed to initialize notify2: org.freedesktop.DBus.Error.ServiceUnknown: The name org.freedesktop.Notifications was not provided by any .service files
[3.821s] DEBUG:colcon.colcon_core.event_reactor:joined thread
[3.822s] INFO:colcon.colcon_core.shell:Creating prefix script '/home/cev/SLAMv2/install/local_setup.ps1'
[3.826s] INFO:colcon.colcon_core.shell:Creating prefix util module '/home/cev/SLAMv2/install/_local_setup_util_ps1.py'
[3.838s] INFO:colcon.colcon_core.shell:Creating prefix chain script '/home/cev/SLAMv2/install/setup.ps1'
[3.842s] INFO:colcon.colcon_core.shell:Creating prefix script '/home/cev/SLAMv2/install/local_setup.sh'
[3.845s] INFO:colcon.colcon_core.shell:Creating prefix util module '/home/cev/SLAMv2/install/_local_setup_util_sh.py'
[3.848s] INFO:colcon.colcon_core.shell:Creating prefix chain script '/home/cev/SLAMv2/install/setup.sh'
[3.852s] INFO:colcon.colcon_core.shell:Creating prefix script '/home/cev/SLAMv2/install/local_setup.bash'
[3.855s] INFO:colcon.colcon_core.shell:Creating prefix chain script '/home/cev/SLAMv2/install/setup.bash'
[3.859s] INFO:colcon.colcon_core.shell:Creating prefix script '/home/cev/SLAMv2/install/local_setup.zsh'
[3.863s] INFO:colcon.colcon_core.shell:Creating prefix chain script '/home/cev/SLAMv2/install/setup.zsh'
