[0.067s] Invoking command in '/home/cev/SLAMv2/build/witmotion_ros2': CMAKE_PREFIX_PATH=${CMAKE_PREFIX_PATH}:/opt/ros/humble /usr/bin/cmake /home/cev/SLAMv2/src/witmotion_ros2 -DAMENT_CMAKE_SYMLINK_INSTALL=1 -DCMAKE_INSTALL_PREFIX=/home/cev/SLAMv2/install/witmotion_ros2
[0.936s] -- The C compiler identification is GNU 11.4.0
[1.667s] -- The CXX compiler identification is GNU 11.4.0
[1.719s] -- Detecting C compiler ABI info
[2.081s] -- Detecting C compiler ABI info - done
[2.107s] -- Check for working C compiler: /usr/bin/cc - skipped
[2.109s] -- Detecting C compile features
[2.112s] -- Detecting C compile features - done
[2.127s] -- Detecting CXX compiler ABI info
[2.502s] -- Detecting CXX compiler ABI info - done
[2.529s] -- Check for working CXX compiler: /usr/bin/c++ - skipped
[2.530s] -- Detecting CXX compile features
[2.532s] -- Detecting CXX compile features - done
[2.560s] -- Found ament_cmake_auto: 1.3.14 (/opt/ros/humble/share/ament_cmake_auto/cmake)
[3.402s] -- Found Python3: /usr/bin/python3 (found version "3.10.12") found components: Interpreter 
[3.721s] -- Override CMake install command with custom implementation using symlinks instead of copying resources
[4.102s] -- Found rclcpp: 16.0.15 (/opt/ros/humble/share/rclcpp/cmake)
[4.550s] -- Found rosidl_generator_c: 3.1.7 (/opt/ros/humble/share/rosidl_generator_c/cmake)
[4.615s] -- Found rosidl_adapter: 3.1.7 (/opt/ros/humble/share/rosidl_adapter/cmake)
[4.707s] -- Found rosidl_generator_cpp: 3.1.7 (/opt/ros/humble/share/rosidl_generator_cpp/cmake)
[4.819s] -- Using all available rosidl_typesupport_c: rosidl_typesupport_fastrtps_c;rosidl_typesupport_introspection_c
[4.961s] -- Using all available rosidl_typesupport_cpp: rosidl_typesupport_fastrtps_cpp;rosidl_typesupport_introspection_cpp
[5.365s] -- Found rmw_implementation_cmake: 6.1.2 (/opt/ros/humble/share/rmw_implementation_cmake/cmake)
[5.403s] -- Found rmw_fastrtps_cpp: 6.2.9 (/opt/ros/humble/share/rmw_fastrtps_cpp/cmake)
[6.035s] -- Found OpenSSL: /usr/lib/aarch64-linux-gnu/libcrypto.so (found version "3.0.2")  
[6.279s] -- Found FastRTPS: /opt/ros/humble/include  
[6.648s] -- Using RMW implementation 'rmw_fastrtps_cpp' as default
[6.754s] -- Looking for pthread.h
[7.133s] -- Looking for pthread.h - found
[7.135s] -- Performing Test CMAKE_HAVE_LIBC_PTHREAD
[7.494s] -- Performing Test CMAKE_HAVE_LIBC_PTHREAD - Success
[7.498s] -- Found Threads: TRUE  
[7.891s] -- Found sensor_msgs: 4.9.0 (/opt/ros/humble/share/sensor_msgs/cmake)
[8.103s] -- Found tf2: 0.25.16 (/opt/ros/humble/share/tf2/cmake)
[8.347s] -- Found Boost: /usr/lib/aarch64-linux-gnu/cmake/Boost-1.74.0/BoostConfig.cmake (found version "1.74.0") found components: system 
[8.677s] -- Configuring done
[8.744s] -- Generating done
[8.760s] -- Build files have been written to: /home/cev/SLAMv2/build/witmotion_ros2
[8.799s] Invoked command in '/home/cev/SLAMv2/build/witmotion_ros2' returned '0': CMAKE_PREFIX_PATH=${CMAKE_PREFIX_PATH}:/opt/ros/humble /usr/bin/cmake /home/cev/SLAMv2/src/witmotion_ros2 -DAMENT_CMAKE_SYMLINK_INSTALL=1 -DCMAKE_INSTALL_PREFIX=/home/cev/SLAMv2/install/witmotion_ros2
[8.808s] Invoking command in '/home/cev/SLAMv2/build/witmotion_ros2': CMAKE_PREFIX_PATH=${CMAKE_PREFIX_PATH}:/opt/ros/humble /usr/bin/cmake --build /home/cev/SLAMv2/build/witmotion_ros2 -- -j4 -l4
[9.018s] [ 33%] [32mBuilding CXX object CMakeFiles/witmotion_ros2.dir/src/witmotion_node.cpp.o[0m
[9.021s] [ 66%] [32mBuilding CXX object CMakeFiles/witmotion_ros2.dir/src/witmotion_handler.cpp.o[0m
[66.849s] [100%] [32m[1mLinking CXX executable witmotion_ros2[0m
[69.964s] [100%] Built target witmotion_ros2
[70.003s] Invoked command in '/home/cev/SLAMv2/build/witmotion_ros2' returned '0': CMAKE_PREFIX_PATH=${CMAKE_PREFIX_PATH}:/opt/ros/humble /usr/bin/cmake --build /home/cev/SLAMv2/build/witmotion_ros2 -- -j4 -l4
[70.044s] Invoking command in '/home/cev/SLAMv2/build/witmotion_ros2': CMAKE_PREFIX_PATH=${CMAKE_PREFIX_PATH}:/opt/ros/humble /usr/bin/cmake --install /home/cev/SLAMv2/build/witmotion_ros2
[70.071s] -- Install configuration: ""
[70.073s] -- Execute custom install script
[70.075s] -- Symlinking: /home/cev/SLAMv2/install/witmotion_ros2/lib/witmotion_ros2/witmotion_ros2
[70.107s] -- Symlinking: /home/cev/SLAMv2/install/witmotion_ros2/share/witmotion_ros2/launch/witmotion.launch.py
[70.139s] -- Symlinking: /home/cev/SLAMv2/install/witmotion_ros2/share/witmotion_ros2/config/witmotion.yaml
[70.171s] -- Symlinking: /home/cev/SLAMv2/install/witmotion_ros2/share/ament_index/resource_index/package_run_dependencies/witmotion_ros2
[70.204s] -- Symlinking: /home/cev/SLAMv2/install/witmotion_ros2/share/ament_index/resource_index/parent_prefix_path/witmotion_ros2
[70.236s] -- Symlinking: /home/cev/SLAMv2/install/witmotion_ros2/share/witmotion_ros2/environment/ament_prefix_path.sh
[70.268s] -- Symlinking: /home/cev/SLAMv2/install/witmotion_ros2/share/witmotion_ros2/environment/ament_prefix_path.dsv
[70.300s] -- Symlinking: /home/cev/SLAMv2/install/witmotion_ros2/share/witmotion_ros2/environment/path.sh
[70.331s] -- Symlinking: /home/cev/SLAMv2/install/witmotion_ros2/share/witmotion_ros2/environment/path.dsv
[70.363s] -- Symlinking: /home/cev/SLAMv2/install/witmotion_ros2/share/witmotion_ros2/local_setup.bash
[70.395s] -- Symlinking: /home/cev/SLAMv2/install/witmotion_ros2/share/witmotion_ros2/local_setup.sh
[70.425s] -- Symlinking: /home/cev/SLAMv2/install/witmotion_ros2/share/witmotion_ros2/local_setup.zsh
[70.472s] -- Symlinking: /home/cev/SLAMv2/install/witmotion_ros2/share/witmotion_ros2/local_setup.dsv
[70.507s] -- Symlinking: /home/cev/SLAMv2/install/witmotion_ros2/share/witmotion_ros2/package.dsv
[70.538s] -- Symlinking: /home/cev/SLAMv2/install/witmotion_ros2/share/ament_index/resource_index/packages/witmotion_ros2
[70.571s] -- Symlinking: /home/cev/SLAMv2/install/witmotion_ros2/share/witmotion_ros2/cmake/witmotion_ros2Config.cmake
[70.603s] -- Symlinking: /home/cev/SLAMv2/install/witmotion_ros2/share/witmotion_ros2/cmake/witmotion_ros2Config-version.cmake
[70.635s] -- Symlinking: /home/cev/SLAMv2/install/witmotion_ros2/share/witmotion_ros2/package.xml
[70.672s] Invoked command in '/home/cev/SLAMv2/build/witmotion_ros2' returned '0': CMAKE_PREFIX_PATH=${CMAKE_PREFIX_PATH}:/opt/ros/humble /usr/bin/cmake --install /home/cev/SLAMv2/build/witmotion_ros2
