[0.060s] Invoking command in '/home/cev/SLAMv2/build/lidar_odometry': /usr/bin/cmake --build /home/cev/SLAMv2/build/lidar_odometry -- -j4 -l4
[0.459s] -- Found ament_cmake: 1.3.12 (/opt/ros/humble/share/ament_cmake/cmake)
[1.067s] Traceback (most recent call last):
[1.070s]   File "/opt/ros/humble/share/ament_cmake_core/cmake/package_templates/templates_2_cmake.py", line 21, in <module>
[1.071s]     from ament_package.templates import get_environment_hook_template_path
[1.073s] ModuleNotFoundError: No module named 'ament_package'
[1.129s] [31mCMake Error at /opt/ros/humble/share/ament_cmake_core/cmake/ament_cmake_package_templates-extras.cmake:41 (message):
[1.130s]   execute_process(/usr/bin/python3
[1.131s]   /opt/ros/humble/share/ament_cmake_core/cmake/package_templates/templates_2_cmake.py
[1.131s]   /home/cev/SLAMv2/build/lidar_odometry/ament_cmake_package_templates/templates.cmake)
[1.132s]   returned error code 1
[1.132s] Call Stack (most recent call first):
[1.133s]   /opt/ros/humble/share/ament_cmake_core/cmake/ament_cmake_coreConfig.cmake:41 (include)
[1.134s]   /opt/ros/humble/share/ament_cmake/cmake/ament_cmake_export_dependencies-extras.cmake:15 (find_package)
[1.135s]   /opt/ros/humble/share/ament_cmake/cmake/ament_cmakeConfig.cmake:41 (include)
[1.136s]   CMakeLists.txt:11 (find_package)
[1.136s] 
[1.137s] [0m
[1.137s] -- Configuring incomplete, errors occurred!
[1.138s] See also "/home/cev/SLAMv2/build/lidar_odometry/CMakeFiles/CMakeOutput.log".
[1.141s] gmake: *** [Makefile:322: cmake_check_build_system] Error 1
[1.148s] Invoked command in '/home/cev/SLAMv2/build/lidar_odometry' returned '2': /usr/bin/cmake --build /home/cev/SLAMv2/build/lidar_odometry -- -j4 -l4
