[0.047s] Invoking command in '/home/cev/SLAMv2/build/cev_pose_graph_slam': /usr/bin/cmake --build /home/cev/SLAMv2/build/cev_pose_graph_slam -- -j4 -l4
[0.210s] [35m[1mConsolidate compiler generated dependencies of target pgo_node[0m
[0.325s] [100%] Built target pgo_node
[0.363s] Invoked command in '/home/cev/SLAMv2/build/cev_pose_graph_slam' returned '0': /usr/bin/cmake --build /home/cev/SLAMv2/build/cev_pose_graph_slam -- -j4 -l4
[0.398s] Invoking command in '/home/cev/SLAMv2/build/cev_pose_graph_slam': /usr/bin/cmake --install /home/cev/SLAMv2/build/cev_pose_graph_slam
[0.422s] -- Install configuration: ""
[0.423s] -- Execute custom install script
[0.423s] -- Up-to-date symlink: /home/cev/SLAMv2/install/cev_pose_graph_slam/lib/cev_pose_graph_slam/pgo_node
[0.425s] -- Up-to-date symlink: /home/cev/SLAMv2/install/cev_pose_graph_slam/share/ament_index/resource_index/package_run_dependencies/cev_pose_graph_slam
[0.426s] -- Up-to-date symlink: /home/cev/SLAMv2/install/cev_pose_graph_slam/share/ament_index/resource_index/parent_prefix_path/cev_pose_graph_slam
[0.427s] -- Up-to-date symlink: /home/cev/SLAMv2/install/cev_pose_graph_slam/share/cev_pose_graph_slam/environment/ament_prefix_path.sh
[0.428s] -- Up-to-date symlink: /home/cev/SLAMv2/install/cev_pose_graph_slam/share/cev_pose_graph_slam/environment/ament_prefix_path.dsv
[0.430s] -- Up-to-date symlink: /home/cev/SLAMv2/install/cev_pose_graph_slam/share/cev_pose_graph_slam/environment/path.sh
[0.433s] -- Up-to-date symlink: /home/cev/SLAMv2/install/cev_pose_graph_slam/share/cev_pose_graph_slam/environment/path.dsv
[0.433s] -- Up-to-date symlink: /home/cev/SLAMv2/install/cev_pose_graph_slam/share/cev_pose_graph_slam/local_setup.bash
[0.435s] -- Up-to-date symlink: /home/cev/SLAMv2/install/cev_pose_graph_slam/share/cev_pose_graph_slam/local_setup.sh
[0.437s] -- Up-to-date symlink: /home/cev/SLAMv2/install/cev_pose_graph_slam/share/cev_pose_graph_slam/local_setup.zsh
[0.442s] -- Up-to-date symlink: /home/cev/SLAMv2/install/cev_pose_graph_slam/share/cev_pose_graph_slam/local_setup.dsv
[0.443s] -- Symlinking: /home/cev/SLAMv2/install/cev_pose_graph_slam/share/cev_pose_graph_slam/package.dsv
[0.485s] -- Up-to-date symlink: /home/cev/SLAMv2/install/cev_pose_graph_slam/share/ament_index/resource_index/packages/cev_pose_graph_slam
[0.486s] -- Up-to-date symlink: /home/cev/SLAMv2/install/cev_pose_graph_slam/share/cev_pose_graph_slam/cmake/cev_pose_graph_slamConfig.cmake
[0.493s] -- Up-to-date symlink: /home/cev/SLAMv2/install/cev_pose_graph_slam/share/cev_pose_graph_slam/cmake/cev_pose_graph_slamConfig-version.cmake
[0.494s] -- Up-to-date symlink: /home/cev/SLAMv2/install/cev_pose_graph_slam/share/cev_pose_graph_slam/package.xml
[0.511s] Invoked command in '/home/cev/SLAMv2/build/cev_pose_graph_slam' returned '0': /usr/bin/cmake --install /home/cev/SLAMv2/build/cev_pose_graph_slam
