[0.088s] Invoking command in '/home/cev/SLAMv2/build/lidar_odometry': CMAKE_PREFIX_PATH=${CMAKE_PREFIX_PATH}:/opt/ros/humble /usr/bin/cmake --build /home/cev/SLAMv2/build/lidar_odometry -- -j4 -l4
[0.357s] [ 15%] Built target motor_controller
[0.366s] [ 84%] Built target cevicp
[0.517s] [100%] Built target lidar_odometry
[0.632s] Invoked command in '/home/cev/SLAMv2/build/lidar_odometry' returned '0': CMAKE_PREFIX_PATH=${CMAKE_PREFIX_PATH}:/opt/ros/humble /usr/bin/cmake --build /home/cev/SLAMv2/build/lidar_odometry -- -j4 -l4
[0.640s] Invoking command in '/home/cev/SLAMv2/build/lidar_odometry': CMAKE_PREFIX_PATH=${CMAKE_PREFIX_PATH}:/opt/ros/humble /usr/bin/cmake --install /home/cev/SLAMv2/build/lidar_odometry
[0.671s] -- Install configuration: ""
[0.673s] -- Execute custom install script
[0.675s] -- Up-to-date symlink: /home/cev/SLAMv2/install/lidar_odometry/lib/lidar_odometry/lidar_odometry
[0.676s] -- Up-to-date symlink: /home/cev/SLAMv2/install/lidar_odometry/lib/lidar_odometry/motor_controller
[0.677s] -- Up-to-date symlink: /home/cev/SLAMv2/install/lidar_odometry/share/lidar_odometry/launch/car.py
[0.680s] -- Up-to-date symlink: /home/cev/SLAMv2/install/lidar_odometry/share/lidar_odometry/launch/carv2.py
[0.681s] -- Up-to-date symlink: /home/cev/SLAMv2/install/lidar_odometry/share/lidar_odometry/launch/example.py
[0.681s] -- Up-to-date symlink: /home/cev/SLAMv2/install/lidar_odometry/share/lidar_odometry/config/ekf.yaml
[0.683s] -- Up-to-date symlink: /home/cev/SLAMv2/install/lidar_odometry/lib/lidar_odometry/imu_covariance_injector.py
[0.685s] -- Up-to-date symlink: /home/cev/SLAMv2/install/lidar_odometry/share/ament_index/resource_index/package_run_dependencies/lidar_odometry
[0.685s] -- Up-to-date symlink: /home/cev/SLAMv2/install/lidar_odometry/share/ament_index/resource_index/parent_prefix_path/lidar_odometry
[0.687s] -- Up-to-date symlink: /home/cev/SLAMv2/install/lidar_odometry/share/lidar_odometry/environment/ament_prefix_path.sh
[0.688s] -- Up-to-date symlink: /home/cev/SLAMv2/install/lidar_odometry/share/lidar_odometry/environment/ament_prefix_path.dsv
[0.690s] -- Up-to-date symlink: /home/cev/SLAMv2/install/lidar_odometry/share/lidar_odometry/environment/path.sh
[0.691s] -- Up-to-date symlink: /home/cev/SLAMv2/install/lidar_odometry/share/lidar_odometry/environment/path.dsv
[0.694s] -- Up-to-date symlink: /home/cev/SLAMv2/install/lidar_odometry/share/lidar_odometry/local_setup.bash
[0.698s] -- Up-to-date symlink: /home/cev/SLAMv2/install/lidar_odometry/share/lidar_odometry/local_setup.sh
[0.699s] -- Up-to-date symlink: /home/cev/SLAMv2/install/lidar_odometry/share/lidar_odometry/local_setup.zsh
[0.700s] -- Up-to-date symlink: /home/cev/SLAMv2/install/lidar_odometry/share/lidar_odometry/local_setup.dsv
[0.703s] -- Symlinking: /home/cev/SLAMv2/install/lidar_odometry/share/lidar_odometry/package.dsv
[0.728s] -- Up-to-date symlink: /home/cev/SLAMv2/install/lidar_odometry/share/ament_index/resource_index/packages/lidar_odometry
[0.730s] -- Up-to-date symlink: /home/cev/SLAMv2/install/lidar_odometry/share/lidar_odometry/cmake/lidar_odometryConfig.cmake
[0.731s] -- Up-to-date symlink: /home/cev/SLAMv2/install/lidar_odometry/share/lidar_odometry/cmake/lidar_odometryConfig-version.cmake
[0.732s] -- Up-to-date symlink: /home/cev/SLAMv2/install/lidar_odometry/share/lidar_odometry/package.xml
[0.744s] Invoked command in '/home/cev/SLAMv2/build/lidar_odometry' returned '0': CMAKE_PREFIX_PATH=${CMAKE_PREFIX_PATH}:/opt/ros/humble /usr/bin/cmake --install /home/cev/SLAMv2/build/lidar_odometry
