[0.665s] DEBUG:colcon:Command line arguments: ['/usr/bin/colcon', 'build', '--packages-select', 'witmotion_ros2', '--symlink-install', '--event-handlers', 'console_direct+']
[0.665s] DEBUG:colcon:Parsed command line arguments: Namespace(log_base=None, log_level=None, verb_name='build', build_base='build', install_base='install', merge_install=False, symlink_install=True, test_result_base=None, continue_on_error=False, executor='parallel', parallel_workers=4, event_handlers=['console_direct+'], ignore_user_meta=False, metas=['./colcon.meta'], base_paths=['.'], packages_ignore=None, packages_ignore_regex=None, paths=None, packages_up_to=None, packages_up_to_regex=None, packages_above=None, packages_above_and_dependencies=None, packages_above_depth=None, packages_select_by_dep=None, packages_skip_by_dep=None, packages_skip_up_to=None, packages_select_build_failed=False, packages_skip_build_finished=False, packages_select_test_failures=False, packages_skip_test_passed=False, packages_select=['witmotion_ros2'], packages_skip=None, packages_select_regex=None, packages_skip_regex=None, packages_start=None, packages_end=None, allow_overriding=[], cmake_args=None, cmake_target=None, cmake_target_skip_unavailable=False, cmake_clean_cache=False, cmake_clean_first=False, cmake_force_configure=False, ament_cmake_args=None, catkin_cmake_args=None, catkin_skip_building_tests=False, mixin_files=None, mixin=None, verb_parser=<colcon_mixin.mixin.mixin_argument.MixinArgumentDecorator object at 0xffff99775270>, verb_extension=<colcon_core.verb.build.BuildVerb object at 0xffff99916170>, main=<bound method BuildVerb.main of <colcon_core.verb.build.BuildVerb object at 0xffff99916170>>, mixin_verb=('build',))
[1.587s] Level 1:colcon.colcon_core.package_discovery:discover_packages(colcon_meta) check parameters
[1.587s] Level 1:colcon.colcon_core.package_discovery:discover_packages(recursive) check parameters
[1.587s] Level 1:colcon.colcon_core.package_discovery:discover_packages(ignore) check parameters
[1.587s] Level 1:colcon.colcon_core.package_discovery:discover_packages(path) check parameters
[1.588s] Level 1:colcon.colcon_core.package_discovery:discover_packages(colcon_meta) discover
[1.588s] Level 1:colcon.colcon_core.package_discovery:discover_packages(recursive) discover
[1.588s] INFO:colcon.colcon_core.package_discovery:Crawling recursively for packages in '/home/cev/SLAMv2'
[1.589s] Level 1:colcon.colcon_core.package_identification:_identify(.) by extensions ['ignore', 'ignore_ament_install']
[1.589s] Level 1:colcon.colcon_core.package_identification:_identify(.) by extension 'ignore'
[1.589s] Level 1:colcon.colcon_core.package_identification:_identify(.) by extension 'ignore_ament_install'
[1.590s] Level 1:colcon.colcon_core.package_identification:_identify(.) by extensions ['colcon_pkg']
[1.590s] Level 1:colcon.colcon_core.package_identification:_identify(.) by extension 'colcon_pkg'
[1.590s] Level 1:colcon.colcon_core.package_identification:_identify(.) by extensions ['colcon_meta']
[1.590s] Level 1:colcon.colcon_core.package_identification:_identify(.) by extension 'colcon_meta'
[1.590s] Level 1:colcon.colcon_core.package_identification:_identify(.) by extensions ['ros']
[1.590s] Level 1:colcon.colcon_core.package_identification:_identify(.) by extension 'ros'
[1.633s] Level 1:colcon.colcon_core.package_identification:_identify(.) by extensions ['cmake', 'python']
[1.633s] Level 1:colcon.colcon_core.package_identification:_identify(.) by extension 'cmake'
[1.633s] Level 1:colcon.colcon_core.package_identification:_identify(.) by extension 'python'
[1.634s] Level 1:colcon.colcon_core.package_identification:_identify(.) by extensions ['python_setup_py']
[1.634s] Level 1:colcon.colcon_core.package_identification:_identify(.) by extension 'python_setup_py'
[1.634s] Level 1:colcon.colcon_core.package_identification:_identify(build) by extensions ['ignore', 'ignore_ament_install']
[1.635s] Level 1:colcon.colcon_core.package_identification:_identify(build) by extension 'ignore'
[1.635s] Level 1:colcon.colcon_core.package_identification:_identify(build) ignored
[1.636s] Level 1:colcon.colcon_core.package_identification:_identify(install) by extensions ['ignore', 'ignore_ament_install']
[1.636s] Level 1:colcon.colcon_core.package_identification:_identify(install) by extension 'ignore'
[1.636s] Level 1:colcon.colcon_core.package_identification:_identify(install) ignored
[1.637s] Level 1:colcon.colcon_core.package_identification:_identify(log) by extensions ['ignore', 'ignore_ament_install']
[1.637s] Level 1:colcon.colcon_core.package_identification:_identify(log) by extension 'ignore'
[1.638s] Level 1:colcon.colcon_core.package_identification:_identify(log) ignored
[1.638s] Level 1:colcon.colcon_core.package_identification:_identify(src) by extensions ['ignore', 'ignore_ament_install']
[1.638s] Level 1:colcon.colcon_core.package_identification:_identify(src) by extension 'ignore'
[1.639s] Level 1:colcon.colcon_core.package_identification:_identify(src) by extension 'ignore_ament_install'
[1.639s] Level 1:colcon.colcon_core.package_identification:_identify(src) by extensions ['colcon_pkg']
[1.639s] Level 1:colcon.colcon_core.package_identification:_identify(src) by extension 'colcon_pkg'
[1.639s] Level 1:colcon.colcon_core.package_identification:_identify(src) by extensions ['colcon_meta']
[1.639s] Level 1:colcon.colcon_core.package_identification:_identify(src) by extension 'colcon_meta'
[1.639s] Level 1:colcon.colcon_core.package_identification:_identify(src) by extensions ['ros']
[1.640s] Level 1:colcon.colcon_core.package_identification:_identify(src) by extension 'ros'
[1.640s] Level 1:colcon.colcon_core.package_identification:_identify(src) by extensions ['cmake', 'python']
[1.640s] Level 1:colcon.colcon_core.package_identification:_identify(src) by extension 'cmake'
[1.640s] Level 1:colcon.colcon_core.package_identification:_identify(src) by extension 'python'
[1.640s] Level 1:colcon.colcon_core.package_identification:_identify(src) by extensions ['python_setup_py']
[1.641s] Level 1:colcon.colcon_core.package_identification:_identify(src) by extension 'python_setup_py'
[1.641s] Level 1:colcon.colcon_core.package_identification:_identify(src/cev_lidar_odometry_ros2) by extensions ['ignore', 'ignore_ament_install']
[1.641s] Level 1:colcon.colcon_core.package_identification:_identify(src/cev_lidar_odometry_ros2) by extension 'ignore'
[1.642s] Level 1:colcon.colcon_core.package_identification:_identify(src/cev_lidar_odometry_ros2) by extension 'ignore_ament_install'
[1.642s] Level 1:colcon.colcon_core.package_identification:_identify(src/cev_lidar_odometry_ros2) by extensions ['colcon_pkg']
[1.642s] Level 1:colcon.colcon_core.package_identification:_identify(src/cev_lidar_odometry_ros2) by extension 'colcon_pkg'
[1.642s] Level 1:colcon.colcon_core.package_identification:_identify(src/cev_lidar_odometry_ros2) by extensions ['colcon_meta']
[1.642s] Level 1:colcon.colcon_core.package_identification:_identify(src/cev_lidar_odometry_ros2) by extension 'colcon_meta'
[1.643s] Level 1:colcon.colcon_core.package_identification:_identify(src/cev_lidar_odometry_ros2) by extensions ['ros']
[1.643s] Level 1:colcon.colcon_core.package_identification:_identify(src/cev_lidar_odometry_ros2) by extension 'ros'
[1.651s] DEBUG:colcon.colcon_core.package_identification:Package 'src/cev_lidar_odometry_ros2' with type 'ros.ament_cmake' and name 'lidar_odometry'
[1.652s] Level 1:colcon.colcon_core.package_identification:_identify(src/cev_pose_graph_slam) by extensions ['ignore', 'ignore_ament_install']
[1.653s] Level 1:colcon.colcon_core.package_identification:_identify(src/cev_pose_graph_slam) by extension 'ignore'
[1.653s] Level 1:colcon.colcon_core.package_identification:_identify(src/cev_pose_graph_slam) by extension 'ignore_ament_install'
[1.653s] Level 1:colcon.colcon_core.package_identification:_identify(src/cev_pose_graph_slam) by extensions ['colcon_pkg']
[1.653s] Level 1:colcon.colcon_core.package_identification:_identify(src/cev_pose_graph_slam) by extension 'colcon_pkg'
[1.653s] Level 1:colcon.colcon_core.package_identification:_identify(src/cev_pose_graph_slam) by extensions ['colcon_meta']
[1.654s] Level 1:colcon.colcon_core.package_identification:_identify(src/cev_pose_graph_slam) by extension 'colcon_meta'
[1.654s] Level 1:colcon.colcon_core.package_identification:_identify(src/cev_pose_graph_slam) by extensions ['ros']
[1.654s] Level 1:colcon.colcon_core.package_identification:_identify(src/cev_pose_graph_slam) by extension 'ros'
[1.657s] DEBUG:colcon.colcon_core.package_identification:Package 'src/cev_pose_graph_slam' with type 'ros.ament_cmake' and name 'cev_pose_graph_slam'
[1.658s] Level 1:colcon.colcon_core.package_identification:_identify(src/icp) by extensions ['ignore', 'ignore_ament_install']
[1.659s] Level 1:colcon.colcon_core.package_identification:_identify(src/icp) by extension 'ignore'
[1.659s] Level 1:colcon.colcon_core.package_identification:_identify(src/icp) by extension 'ignore_ament_install'
[1.659s] Level 1:colcon.colcon_core.package_identification:_identify(src/icp) by extensions ['colcon_pkg']
[1.659s] Level 1:colcon.colcon_core.package_identification:_identify(src/icp) by extension 'colcon_pkg'
[1.659s] Level 1:colcon.colcon_core.package_identification:_identify(src/icp) by extensions ['colcon_meta']
[1.659s] Level 1:colcon.colcon_core.package_identification:_identify(src/icp) by extension 'colcon_meta'
[1.660s] Level 1:colcon.colcon_core.package_identification:_identify(src/icp) by extensions ['ros']
[1.660s] Level 1:colcon.colcon_core.package_identification:_identify(src/icp) by extension 'ros'
[1.660s] Level 1:colcon.colcon_core.package_identification:_identify(src/icp) by extensions ['cmake', 'python']
[1.660s] Level 1:colcon.colcon_core.package_identification:_identify(src/icp) by extension 'cmake'
[1.670s] Level 1:colcon.colcon_core.package_identification:_identify(src/icp) by extension 'python'
[1.671s] DEBUG:colcon.colcon_core.package_identification:Package 'src/icp' with type 'cmake' and name 'CevIcp'
[1.671s] Level 1:colcon.colcon_core.package_identification:_identify(src/script) by extensions ['ignore', 'ignore_ament_install']
[1.672s] Level 1:colcon.colcon_core.package_identification:_identify(src/script) by extension 'ignore'
[1.672s] Level 1:colcon.colcon_core.package_identification:_identify(src/script) by extension 'ignore_ament_install'
[1.672s] Level 1:colcon.colcon_core.package_identification:_identify(src/script) by extensions ['colcon_pkg']
[1.672s] Level 1:colcon.colcon_core.package_identification:_identify(src/script) by extension 'colcon_pkg'
[1.673s] Level 1:colcon.colcon_core.package_identification:_identify(src/script) by extensions ['colcon_meta']
[1.673s] Level 1:colcon.colcon_core.package_identification:_identify(src/script) by extension 'colcon_meta'
[1.673s] Level 1:colcon.colcon_core.package_identification:_identify(src/script) by extensions ['ros']
[1.673s] Level 1:colcon.colcon_core.package_identification:_identify(src/script) by extension 'ros'
[1.673s] Level 1:colcon.colcon_core.package_identification:_identify(src/script) by extensions ['cmake', 'python']
[1.674s] Level 1:colcon.colcon_core.package_identification:_identify(src/script) by extension 'cmake'
[1.674s] Level 1:colcon.colcon_core.package_identification:_identify(src/script) by extension 'python'
[1.674s] Level 1:colcon.colcon_core.package_identification:_identify(src/script) by extensions ['python_setup_py']
[1.674s] Level 1:colcon.colcon_core.package_identification:_identify(src/script) by extension 'python_setup_py'
[1.675s] Level 1:colcon.colcon_core.package_identification:_identify(src/witmotion_ros2) by extensions ['ignore', 'ignore_ament_install']
[1.675s] Level 1:colcon.colcon_core.package_identification:_identify(src/witmotion_ros2) by extension 'ignore'
[1.675s] Level 1:colcon.colcon_core.package_identification:_identify(src/witmotion_ros2) by extension 'ignore_ament_install'
[1.676s] Level 1:colcon.colcon_core.package_identification:_identify(src/witmotion_ros2) by extensions ['colcon_pkg']
[1.676s] Level 1:colcon.colcon_core.package_identification:_identify(src/witmotion_ros2) by extension 'colcon_pkg'
[1.676s] Level 1:colcon.colcon_core.package_identification:_identify(src/witmotion_ros2) by extensions ['colcon_meta']
[1.676s] Level 1:colcon.colcon_core.package_identification:_identify(src/witmotion_ros2) by extension 'colcon_meta'
[1.677s] Level 1:colcon.colcon_core.package_identification:_identify(src/witmotion_ros2) by extensions ['ros']
[1.677s] Level 1:colcon.colcon_core.package_identification:_identify(src/witmotion_ros2) by extension 'ros'
[1.681s] DEBUG:colcon.colcon_core.package_identification:Package 'src/witmotion_ros2' with type 'ros.ament_cmake' and name 'witmotion_ros2'
[1.682s] Level 1:colcon.colcon_core.package_discovery:discover_packages(recursive) using defaults
[1.682s] Level 1:colcon.colcon_core.package_discovery:discover_packages(ignore) discover
[1.682s] Level 1:colcon.colcon_core.package_discovery:discover_packages(ignore) using defaults
[1.682s] Level 1:colcon.colcon_core.package_discovery:discover_packages(path) discover
[1.682s] Level 1:colcon.colcon_core.package_discovery:discover_packages(path) using defaults
[1.794s] INFO:colcon.colcon_core.package_selection:Skipping not selected package 'CevIcp' in 'src/icp'
[1.795s] INFO:colcon.colcon_core.package_selection:Skipping not selected package 'cev_pose_graph_slam' in 'src/cev_pose_graph_slam'
[1.795s] INFO:colcon.colcon_core.package_selection:Skipping not selected package 'lidar_odometry' in 'src/cev_lidar_odometry_ros2'
[1.796s] Level 1:colcon.colcon_core.package_discovery:discover_packages(prefix_path) check parameters
[1.797s] Level 1:colcon.colcon_core.package_discovery:discover_packages(prefix_path) discover
[1.805s] DEBUG:colcon.colcon_installed_package_information.package_discovery:Found 2 installed packages in /home/cev/SLAMv2/install
[1.814s] DEBUG:colcon.colcon_installed_package_information.package_discovery:Found 276 installed packages in /opt/ros/humble
[1.820s] Level 1:colcon.colcon_core.package_discovery:discover_packages(prefix_path) using defaults
[1.998s] Level 5:colcon.colcon_core.verb:set package 'witmotion_ros2' build argument 'cmake_args' from command line to 'None'
[1.999s] Level 5:colcon.colcon_core.verb:set package 'witmotion_ros2' build argument 'cmake_target' from command line to 'None'
[1.999s] Level 5:colcon.colcon_core.verb:set package 'witmotion_ros2' build argument 'cmake_target_skip_unavailable' from command line to 'False'
[1.999s] Level 5:colcon.colcon_core.verb:set package 'witmotion_ros2' build argument 'cmake_clean_cache' from command line to 'False'
[1.999s] Level 5:colcon.colcon_core.verb:set package 'witmotion_ros2' build argument 'cmake_clean_first' from command line to 'False'
[1.999s] Level 5:colcon.colcon_core.verb:set package 'witmotion_ros2' build argument 'cmake_force_configure' from command line to 'False'
[1.999s] Level 5:colcon.colcon_core.verb:set package 'witmotion_ros2' build argument 'ament_cmake_args' from command line to 'None'
[1.999s] Level 5:colcon.colcon_core.verb:set package 'witmotion_ros2' build argument 'catkin_cmake_args' from command line to 'None'
[1.999s] Level 5:colcon.colcon_core.verb:set package 'witmotion_ros2' build argument 'catkin_skip_building_tests' from command line to 'False'
[2.000s] DEBUG:colcon.colcon_core.verb:Building package 'witmotion_ros2' with the following arguments: {'ament_cmake_args': None, 'build_base': '/home/cev/SLAMv2/build/witmotion_ros2', 'catkin_cmake_args': None, 'catkin_skip_building_tests': False, 'cmake_args': None, 'cmake_clean_cache': False, 'cmake_clean_first': False, 'cmake_force_configure': False, 'cmake_target': None, 'cmake_target_skip_unavailable': False, 'install_base': '/home/cev/SLAMv2/install/witmotion_ros2', 'merge_install': False, 'path': '/home/cev/SLAMv2/src/witmotion_ros2', 'symlink_install': True, 'test_result_base': None}
[2.000s] INFO:colcon.colcon_core.executor:Executing jobs using 'parallel' executor
[2.004s] DEBUG:colcon.colcon_parallel_executor.executor.parallel:run_until_complete
[2.005s] INFO:colcon.colcon_ros.task.ament_cmake.build:Building ROS package in '/home/cev/SLAMv2/src/witmotion_ros2' with build type 'ament_cmake'
[2.005s] INFO:colcon.colcon_cmake.task.cmake.build:Building CMake package in '/home/cev/SLAMv2/src/witmotion_ros2'
[2.014s] INFO:colcon.colcon_core.plugin_system:Skipping extension 'colcon_core.shell.bat': Not used on non-Windows systems
[2.016s] INFO:colcon.colcon_core.shell:Skip shell extension 'powershell' for command environment: Not usable outside of PowerShell
[2.016s] DEBUG:colcon.colcon_core.shell:Skip shell extension 'dsv' for command environment
[2.061s] DEBUG:colcon.colcon_core.event_handler.log_command:Invoking command in '/home/cev/SLAMv2/build/witmotion_ros2': CMAKE_PREFIX_PATH=${CMAKE_PREFIX_PATH}:/opt/ros/humble /usr/bin/cmake /home/cev/SLAMv2/src/witmotion_ros2 -DAMENT_CMAKE_SYMLINK_INSTALL=1 -DCMAKE_INSTALL_PREFIX=/home/cev/SLAMv2/install/witmotion_ros2
[9.782s] DEBUG:colcon.colcon_core.event_handler.log_command:Invoked command in '/home/cev/SLAMv2/build/witmotion_ros2' returned '0': CMAKE_PREFIX_PATH=${CMAKE_PREFIX_PATH}:/opt/ros/humble /usr/bin/cmake /home/cev/SLAMv2/src/witmotion_ros2 -DAMENT_CMAKE_SYMLINK_INSTALL=1 -DCMAKE_INSTALL_PREFIX=/home/cev/SLAMv2/install/witmotion_ros2
[9.792s] DEBUG:colcon.colcon_core.event_handler.log_command:Invoking command in '/home/cev/SLAMv2/build/witmotion_ros2': CMAKE_PREFIX_PATH=${CMAKE_PREFIX_PATH}:/opt/ros/humble /usr/bin/cmake --build /home/cev/SLAMv2/build/witmotion_ros2 -- -j4 -l4
[12.744s] Level 1:colcon.colcon_core.environment:create_environment_scripts_only(witmotion_ros2)
[12.753s] DEBUG:colcon.colcon_core.event_handler.log_command:Invoked command in '/home/cev/SLAMv2/build/witmotion_ros2' returned '2': CMAKE_PREFIX_PATH=${CMAKE_PREFIX_PATH}:/opt/ros/humble /usr/bin/cmake --build /home/cev/SLAMv2/build/witmotion_ros2 -- -j4 -l4
[12.758s] Level 1:colcon.colcon_core.environment:checking '/home/cev/SLAMv2/install/witmotion_ros2' for CMake module files
[12.760s] Level 1:colcon.colcon_core.environment:checking '/home/cev/SLAMv2/install/witmotion_ros2' for CMake config files
[12.761s] Level 1:colcon.colcon_core.environment:checking '/home/cev/SLAMv2/install/witmotion_ros2/bin'
[12.762s] Level 1:colcon.colcon_core.environment:checking '/home/cev/SLAMv2/install/witmotion_ros2/lib/pkgconfig/witmotion_ros2.pc'
[12.763s] Level 1:colcon.colcon_core.environment:checking '/home/cev/SLAMv2/install/witmotion_ros2/lib/python3.10/site-packages'
[12.765s] Level 1:colcon.colcon_core.environment:checking '/home/cev/SLAMv2/install/witmotion_ros2/bin'
[12.766s] INFO:colcon.colcon_core.shell:Creating package script '/home/cev/SLAMv2/install/witmotion_ros2/share/witmotion_ros2/package.ps1'
[12.770s] INFO:colcon.colcon_core.shell:Creating package descriptor '/home/cev/SLAMv2/install/witmotion_ros2/share/witmotion_ros2/package.dsv'
[12.773s] INFO:colcon.colcon_core.shell:Creating package script '/home/cev/SLAMv2/install/witmotion_ros2/share/witmotion_ros2/package.sh'
[12.776s] INFO:colcon.colcon_core.shell:Creating package script '/home/cev/SLAMv2/install/witmotion_ros2/share/witmotion_ros2/package.bash'
[12.779s] INFO:colcon.colcon_core.shell:Creating package script '/home/cev/SLAMv2/install/witmotion_ros2/share/witmotion_ros2/package.zsh'
[12.782s] Level 1:colcon.colcon_core.environment:create_file_with_runtime_dependencies(/home/cev/SLAMv2/install/witmotion_ros2/share/colcon-core/packages/witmotion_ros2)
[12.794s] DEBUG:colcon.colcon_parallel_executor.executor.parallel:closing loop
[12.794s] DEBUG:colcon.colcon_parallel_executor.executor.parallel:loop closed
[12.795s] DEBUG:colcon.colcon_parallel_executor.executor.parallel:run_until_complete finished with '2'
[12.795s] DEBUG:colcon.colcon_core.event_reactor:joining thread
[12.818s] INFO:colcon.colcon_core.plugin_system:Skipping extension 'colcon_notification.desktop_notification.notify_send': Could not find 'notify-send'
[12.819s] INFO:colcon.colcon_core.plugin_system:Skipping extension 'colcon_notification.desktop_notification.terminal_notifier': Not used on non-Darwin systems
[12.819s] INFO:colcon.colcon_core.plugin_system:Skipping extension 'colcon_notification.desktop_notification.win32': Not used on non-Windows systems
[12.819s] INFO:colcon.colcon_notification.desktop_notification:Sending desktop notification using 'notify2'
[12.823s] DEBUG:colcon.colcon_notification.desktop_notification.notify2:Failed to initialize notify2: org.freedesktop.DBus.Error.ServiceUnknown: The name org.freedesktop.Notifications was not provided by any .service files
[12.824s] DEBUG:colcon.colcon_core.event_reactor:joined thread
[12.825s] INFO:colcon.colcon_core.shell:Creating prefix script '/home/cev/SLAMv2/install/local_setup.ps1'
[12.829s] INFO:colcon.colcon_core.shell:Creating prefix util module '/home/cev/SLAMv2/install/_local_setup_util_ps1.py'
[12.836s] INFO:colcon.colcon_core.shell:Creating prefix chain script '/home/cev/SLAMv2/install/setup.ps1'
[12.841s] INFO:colcon.colcon_core.shell:Creating prefix script '/home/cev/SLAMv2/install/local_setup.sh'
[12.844s] INFO:colcon.colcon_core.shell:Creating prefix util module '/home/cev/SLAMv2/install/_local_setup_util_sh.py'
[12.846s] INFO:colcon.colcon_core.shell:Creating prefix chain script '/home/cev/SLAMv2/install/setup.sh'
[12.852s] INFO:colcon.colcon_core.shell:Creating prefix script '/home/cev/SLAMv2/install/local_setup.bash'
[12.854s] INFO:colcon.colcon_core.shell:Creating prefix chain script '/home/cev/SLAMv2/install/setup.bash'
[12.859s] INFO:colcon.colcon_core.shell:Creating prefix script '/home/cev/SLAMv2/install/local_setup.zsh'
[12.862s] INFO:colcon.colcon_core.shell:Creating prefix chain script '/home/cev/SLAMv2/install/setup.zsh'
