[0.128s] Invoking command in '/home/cev/SLAMv2/build/CevIcp': /usr/bin/cmake --build /home/cev/SLAMv2/build/CevIcp -- -j4 -l4
[0.357s] [35m[1mConsolidate compiler generated dependencies of target cevicp[0m
[0.550s] [ 39%] Built target cevicp
[0.632s] [35m[1mConsolidate compiler generated dependencies of target test_suite_ply[0m
[0.700s] [ 47%] [32mBuilding CXX object CMakeFiles/test_suite.dir/tests/test.cpp.o[0m
[0.712s] [ 47%] [32mBuilding CXX object CMakeFiles/test_suite_3d.dir/tests/test3d.cpp.o[0m
[0.738s] [ 52%] [32mBuilding CXX object CMakeFiles/main.dir/vis/main.cpp.o[0m
[0.867s] [ 60%] Built target test_suite_ply
[1.111s] [ 65%] [32mBuilding CXX object CMakeFiles/bench_suite.dir/bench/bench.cpp.o[0m
[1.183s] [01m[K/home/cev/SLAMv2/src/icp/vis/main.cpp:11:10:[m[K [01;31m[Kfatal error: [m[Kcmdapp/cmdapp.h: No such file or directory
[1.184s]    11 | #include [01;31m[K<cmdapp/cmdapp.h>[m[K
[1.184s]       |          [01;31m[K^~~~~~~~~~~~~~~~~[m[K
[1.185s] compilation terminated.
[1.192s] gmake[2]: *** [CMakeFiles/main.dir/build.make:76: CMakeFiles/main.dir/vis/main.cpp.o] Error 1
[1.193s] gmake[1]: *** [CMakeFiles/Makefile2:120: CMakeFiles/main.dir/all] Error 2
[1.195s] gmake[1]: *** Waiting for unfinished jobs....
[1.257s] [ 69%] [32mBuilding CXX object CMakeFiles/bench_suite.dir/common/parse_scan.cpp.o[0m
[1.718s] [01m[K/home/cev/SLAMv2/src/icp/tests/test3d.cpp:14:10:[m[K [01;31m[Kfatal error: [m[Ksimple_test/simple_test.h: No such file or directory
[1.719s]    14 | #include [01;31m[K<simple_test/simple_test.h>[m[K
[1.719s]       |          [01;31m[K^~~~~~~~~~~~~~~~~~~~~~~~~~~[m[K
[1.720s] compilation terminated.
[1.740s] gmake[2]: *** [CMakeFiles/test_suite_3d.dir/build.make:76: CMakeFiles/test_suite_3d.dir/tests/test3d.cpp.o] Error 1
[1.744s] gmake[1]: *** [CMakeFiles/Makefile2:172: CMakeFiles/test_suite_3d.dir/all] Error 2
[1.900s] [01m[K/home/cev/SLAMv2/src/icp/tests/test.cpp:18:10:[m[K [01;31m[Kfatal error: [m[Ksimple_test/simple_test.h: No such file or directory
[1.903s]    18 | #include [01;31m[K<simple_test/simple_test.h>[m[K
[1.906s]       |          [01;31m[K^~~~~~~~~~~~~~~~~~~~~~~~~~~[m[K
[1.908s] compilation terminated.
[1.919s] gmake[2]: *** [CMakeFiles/test_suite.dir/build.make:76: CMakeFiles/test_suite.dir/tests/test.cpp.o] Error 1
[1.920s] gmake[1]: *** [CMakeFiles/Makefile2:146: CMakeFiles/test_suite.dir/all] Error 2
[14.163s] [ 73%] [32m[1mLinking CXX executable bench_suite[0m
[14.816s] /usr/bin/ld: cannot find -lconfig: No such file or directory
[14.932s] collect2: error: ld returned 1 exit status
[14.937s] gmake[2]: *** [CMakeFiles/bench_suite.dir/build.make:114: bench_suite] Error 1
[14.938s] gmake[1]: *** [CMakeFiles/Makefile2:224: CMakeFiles/bench_suite.dir/all] Error 2
[14.938s] gmake: *** [Makefile:136: all] Error 2
[14.946s] Invoked command in '/home/cev/SLAMv2/build/CevIcp' returned '2': /usr/bin/cmake --build /home/cev/SLAMv2/build/CevIcp -- -j4 -l4
