[0.095s] Invoking command in '/home/cev/SLAMv2/build/CevIcp': /usr/bin/cmake /home/cev/SLAMv2/src/icp -DCMAKE_INSTALL_PREFIX=/home/cev/SLAMv2/install/CevIcp
[0.877s] -- The C compiler identification is GNU 11.4.0
[1.500s] -- The CXX compiler identification is GNU 11.4.0
[1.560s] -- Detecting C compiler ABI info
[2.024s] -- Detecting C compiler ABI info - done
[2.053s] -- Check for working C compiler: /usr/bin/cc - skipped
[2.061s] -- Detecting C compile features
[2.066s] -- Detecting C compile features - done
[2.086s] -- Detecting CXX compiler ABI info
[2.612s] -- Detecting CXX compiler ABI info - done
[2.672s] -- Check for working CXX compiler: /usr/bin/c++ - skipped
[2.674s] -- Detecting CXX compile features
[2.676s] -- Detecting CXX compile features - done
[2.961s] -- Checking for module 'eigen3'
[3.017s] --   Found eigen3, version 3.4.0
[3.175s] -- Found Eigen: /usr/include/eigen3 (Required is at least version "3.1") 
[3.176s] -- Eigen found (include: /usr/include/eigen3, version: 3.4.0)
[3.348s] -- Found Boost: /usr/lib/aarch64-linux-gnu/cmake/Boost-1.74.0/BoostConfig.cmake (found suitable version "1.74.0", minimum required is "1.65.0") found components: system filesystem date_time iostreams serialization 
[3.525s] -- Checking for module 'flann'
[3.758s] --   Found flann, version 1.9.1
[4.030s] -- Found FLANN: /usr/lib/aarch64-linux-gnu/libflann_cpp.so  
[4.031s] -- FLANN found (include: /usr/include, lib: /usr/lib/aarch64-linux-gnu/libflann_cpp.so)
[4.199s] -- Looking for pthread.h
[4.659s] -- Looking for pthread.h - found
[4.660s] -- Performing Test CMAKE_HAVE_LIBC_PTHREAD
[5.134s] -- Performing Test CMAKE_HAVE_LIBC_PTHREAD - Success
[5.139s] -- Found Threads: TRUE  
[5.148s] -- Found GLEW: /usr/lib/aarch64-linux-gnu/libGLEW.so  
[5.224s] -- Found OpenGL: /usr/lib/aarch64-linux-gnu/libOpenGL.so  found components: OpenGL GLX 
[6.222s] -- Found MPI_C: /usr/lib/aarch64-linux-gnu/libmpi.so (found version "3.1") 
[6.226s] -- Found MPI: TRUE (found version "3.1") found components: C 
[6.238s] -- Found JsonCpp: /usr/lib/aarch64-linux-gnu/libjsoncpp.so (found suitable version "1.9.5", minimum required is "0.7.0") 
[6.274s] -- Found ZLIB: /usr/lib/aarch64-linux-gnu/libz.so (found version "1.2.11") 
[6.331s] -- Found PNG: /usr/lib/aarch64-linux-gnu/libpng.so (found version "1.6.37") 
[6.575s] -- Found Eigen3: /usr/include/eigen3 (found version "3.4.0") 
[7.185s] -- Found X11: /usr/include   
[7.192s] -- Looking for XOpenDisplay in /usr/lib/aarch64-linux-gnu/libX11.so;/usr/lib/aarch64-linux-gnu/libXext.so
[7.759s] -- Looking for XOpenDisplay in /usr/lib/aarch64-linux-gnu/libX11.so;/usr/lib/aarch64-linux-gnu/libXext.so - found
[7.761s] -- Looking for gethostbyname
[8.151s] -- Looking for gethostbyname - found
[8.154s] -- Looking for connect
[8.541s] -- Looking for connect - found
[8.542s] -- Looking for remove
[9.022s] -- Looking for remove - found
[9.024s] -- Looking for shmat
[9.531s] -- Looking for shmat - found
[9.532s] -- Looking for IceConnectionNumber in ICE
[10.293s] -- Looking for IceConnectionNumber in ICE - found
[10.670s] -- Found EXPAT: /usr/lib/aarch64-linux-gnu/libexpat.so (found version "2.4.7") 
[10.680s] -- Found double-conversion: /usr/lib/aarch64-linux-gnu/libdouble-conversion.so  
[10.695s] -- Found LZ4: /usr/lib/aarch64-linux-gnu/liblz4.so (found version "1.9.3") 
[10.705s] -- Found LZMA: /usr/lib/aarch64-linux-gnu/liblzma.so (found version "5.2.5") 
[10.842s] -- Found JPEG: /usr/lib/aarch64-linux-gnu/libjpeg.so (found version "80") 
[10.866s] -- Found TIFF: /usr/lib/aarch64-linux-gnu/libtiff.so (found version "4.3.0")  
[10.891s] -- Found Freetype: /usr/lib/aarch64-linux-gnu/libfreetype.so (found version "2.11.1") 
[10.953s] -- Found utf8cpp: /usr/include/utf8cpp  
[11.401s] -- Checking for module 'libusb-1.0'
[11.475s] --   Found libusb-1.0, version 1.0.25
[11.666s] -- Found libusb: /usr/lib/aarch64-linux-gnu/libusb-1.0.so  
[11.675s] -- Found OpenNI: /usr/lib/libOpenNI.so;libusb::libusb (found version "1.5.4.0") 
[11.677s] -- OpenNI found (version: 1.5.4.0, include: /usr/include/ni, lib: /usr/lib/libOpenNI.so;libusb::libusb)
[12.570s] -- Found OpenNI2: /usr/lib/aarch64-linux-gnu/libOpenNI2.so;libusb::libusb (found version "2.2.0.33") 
[12.572s] -- OpenNI2 found (version: 2.2.0.33, include: /usr/include/openni2, lib: /usr/lib/aarch64-linux-gnu/libOpenNI2.so;libusb::libusb)
[12.573s] [0m** WARNING ** io features related to pcap will be disabled[0m
[13.189s] -- Eigen found (include: /usr/include/eigen3, version: 3.4.0)
[13.211s] -- OpenNI found (version: 1.5.4.0, include: /usr/include/ni, lib: /usr/lib/libOpenNI.so;libusb::libusb)
[13.234s] -- OpenNI2 found (version: 2.2.0.33, include: /usr/include/openni2, lib: /usr/lib/aarch64-linux-gnu/libOpenNI2.so;libusb::libusb)
[14.488s] -- Found Qhull version 8.0.2
[15.078s] -- OpenNI found (version: 1.5.4.0, include: /usr/include/ni, lib: /usr/lib/libOpenNI.so;libusb::libusb)
[15.642s] -- looking for PCL_COMMON
[15.644s] -- Found PCL_COMMON: /usr/lib/aarch64-linux-gnu/libpcl_common.so  
[15.645s] -- looking for PCL_KDTREE
[15.647s] -- Found PCL_KDTREE: /usr/lib/aarch64-linux-gnu/libpcl_kdtree.so  
[15.648s] -- looking for PCL_OCTREE
[15.650s] -- Found PCL_OCTREE: /usr/lib/aarch64-linux-gnu/libpcl_octree.so  
[15.651s] -- looking for PCL_SEARCH
[15.654s] -- Found PCL_SEARCH: /usr/lib/aarch64-linux-gnu/libpcl_search.so  
[15.655s] -- looking for PCL_SAMPLE_CONSENSUS
[15.657s] -- Found PCL_SAMPLE_CONSENSUS: /usr/lib/aarch64-linux-gnu/libpcl_sample_consensus.so  
[15.658s] -- looking for PCL_FILTERS
[15.660s] -- Found PCL_FILTERS: /usr/lib/aarch64-linux-gnu/libpcl_filters.so  
[15.661s] -- looking for PCL_2D
[15.662s] -- Found PCL_2D: /usr/include/pcl-1.12  
[15.663s] -- looking for PCL_GEOMETRY
[15.664s] -- Found PCL_GEOMETRY: /usr/include/pcl-1.12  
[15.665s] -- looking for PCL_IO
[15.667s] -- Found PCL_IO: /usr/lib/aarch64-linux-gnu/libpcl_io.so  
[15.668s] -- looking for PCL_FEATURES
[15.671s] -- Found PCL_FEATURES: /usr/lib/aarch64-linux-gnu/libpcl_features.so  
[15.671s] -- looking for PCL_ML
[15.674s] -- Found PCL_ML: /usr/lib/aarch64-linux-gnu/libpcl_ml.so  
[15.675s] -- looking for PCL_SEGMENTATION
[15.677s] -- Found PCL_SEGMENTATION: /usr/lib/aarch64-linux-gnu/libpcl_segmentation.so  
[15.678s] -- looking for PCL_VISUALIZATION
[15.681s] -- Found PCL_VISUALIZATION: /usr/lib/aarch64-linux-gnu/libpcl_visualization.so  
[15.682s] -- looking for PCL_SURFACE
[15.684s] -- Found PCL_SURFACE: /usr/lib/aarch64-linux-gnu/libpcl_surface.so  
[15.685s] -- looking for PCL_REGISTRATION
[15.688s] -- Found PCL_REGISTRATION: /usr/lib/aarch64-linux-gnu/libpcl_registration.so  
[15.689s] -- looking for PCL_KEYPOINTS
[15.691s] -- Found PCL_KEYPOINTS: /usr/lib/aarch64-linux-gnu/libpcl_keypoints.so  
[15.692s] -- looking for PCL_TRACKING
[15.695s] -- Found PCL_TRACKING: /usr/lib/aarch64-linux-gnu/libpcl_tracking.so  
[15.695s] -- looking for PCL_RECOGNITION
[15.698s] -- Found PCL_RECOGNITION: /usr/lib/aarch64-linux-gnu/libpcl_recognition.so  
[15.699s] -- looking for PCL_STEREO
[15.702s] -- Found PCL_STEREO: /usr/lib/aarch64-linux-gnu/libpcl_stereo.so  
[15.702s] -- looking for PCL_APPS
[15.706s] -- Found PCL_APPS: /usr/lib/aarch64-linux-gnu/libpcl_apps.so  
[15.708s] -- looking for PCL_IN_HAND_SCANNER
[15.709s] -- Found PCL_IN_HAND_SCANNER: /usr/include/pcl-1.12  
[15.709s] -- looking for PCL_MODELER
[15.711s] -- Found PCL_MODELER: /usr/include/pcl-1.12  
[15.711s] -- looking for PCL_POINT_CLOUD_EDITOR
[15.713s] -- Found PCL_POINT_CLOUD_EDITOR: /usr/include/pcl-1.12  
[15.714s] -- looking for PCL_OUTOFCORE
[15.716s] -- Found PCL_OUTOFCORE: /usr/lib/aarch64-linux-gnu/libpcl_outofcore.so  
[15.717s] -- looking for PCL_PEOPLE
[15.720s] -- Found PCL_PEOPLE: /usr/lib/aarch64-linux-gnu/libpcl_people.so  
[15.723s] -- Found PCL: pcl_common;pcl_kdtree;pcl_octree;pcl_search;pcl_sample_consensus;pcl_filters;pcl_io;pcl_features;pcl_ml;pcl_segmentation;pcl_visualization;pcl_surface;pcl_registration;pcl_keypoints;pcl_tracking;pcl_recognition;pcl_stereo;pcl_apps;pcl_outofcore;pcl_people;Boost::system;Boost::filesystem;Boost::date_time;Boost::iostreams;Boost::serialization;/usr/lib/libOpenNI.so;libusb::libusb;/usr/lib/aarch64-linux-gnu/libOpenNI2.so;libusb::libusb;VTK::ChartsCore;VTK::CommonColor;VTK::CommonComputationalGeometry;VTK::CommonCore;VTK::CommonDataModel;VTK::CommonExecutionModel;VTK::CommonMath;VTK::CommonMisc;VTK::CommonTransforms;VTK::FiltersCore;VTK::FiltersExtraction;VTK::FiltersGeneral;VTK::FiltersGeometry;VTK::FiltersModeling;VTK::FiltersSources;VTK::ImagingCore;VTK::ImagingSources;VTK::InteractionImage;VTK::InteractionStyle;VTK::InteractionWidgets;VTK::IOCore;VTK::IOGeometry;VTK::IOImage;VTK::IOLegacy;VTK::IOPLY;VTK::RenderingAnnotation;VTK::RenderingCore;VTK::RenderingContext2D;VTK::RenderingLOD;VTK::RenderingFreeType;VTK::ViewsCore;VTK::ViewsContext2D;VTK::RenderingOpenGL2;VTK::GUISupportQt;FLANN::FLANN;QHULL::QHULL  
[15.730s] [33mCMake Warning at CMakeLists.txt:65 (message):
[15.731s]   libconfig not found.
[15.731s] 
[15.732s] [0m
[15.732s] [33mCMake Warning at CMakeLists.txt:72 (message):
[15.732s]   libcmdapp not found.
[15.733s] 
[15.733s] [0m
[15.733s] [33mCMake Warning at CMakeLists.txt:79 (message):
[15.733s]   libsdlwrapper not found.
[15.734s] 
[15.734s] [0m
[15.734s] -- SDL2 found.
[15.734s] -- PCL found. PCL-dependent targets can be built.
[16.002s] -- Configuring done
[16.287s] -- Generating done
[16.355s] -- Build files have been written to: /home/cev/SLAMv2/build/CevIcp
