[0.066s] Invoking command in '/home/cev/SLAMv2/build/lidar_odometry': CMAKE_PREFIX_PATH=${CMAKE_PREFIX_PATH}:/opt/ros/humble /usr/bin/cmake --build /home/cev/SLAMv2/build/lidar_odometry -- -j4 -l4
[0.510s] [ 69%] Built target cevicp
[0.537s] [ 84%] Built target motor_controller
[0.674s] [100%] Built target lidar_odometry
[0.716s] Invoked command in '/home/cev/SLAMv2/build/lidar_odometry' returned '0': CMAKE_PREFIX_PATH=${CMAKE_PREFIX_PATH}:/opt/ros/humble /usr/bin/cmake --build /home/cev/SLAMv2/build/lidar_odometry -- -j4 -l4
[0.760s] Invoking command in '/home/cev/SLAMv2/build/lidar_odometry': CMAKE_PREFIX_PATH=${CMAKE_PREFIX_PATH}:/opt/ros/humble /usr/bin/cmake --install /home/cev/SLAMv2/build/lidar_odometry
[0.788s] -- Install configuration: ""
[0.793s] -- Execute custom install script
[0.795s] -- Up-to-date symlink: /home/cev/SLAMv2/install/lidar_odometry/lib/lidar_odometry/lidar_odometry
[0.796s] -- Up-to-date symlink: /home/cev/SLAMv2/install/lidar_odometry/lib/lidar_odometry/motor_controller
[0.800s] -- Up-to-date symlink: /home/cev/SLAMv2/install/lidar_odometry/share/lidar_odometry/launch/car.py
[0.801s] -- Up-to-date symlink: /home/cev/SLAMv2/install/lidar_odometry/share/lidar_odometry/launch/carv2.py
[0.802s] -- Up-to-date symlink: /home/cev/SLAMv2/install/lidar_odometry/share/lidar_odometry/launch/example.py
[0.803s] -- Up-to-date symlink: /home/cev/SLAMv2/install/lidar_odometry/share/lidar_odometry/config/ekf.yaml
[0.805s] -- Up-to-date symlink: /home/cev/SLAMv2/install/lidar_odometry/share/ament_index/resource_index/package_run_dependencies/lidar_odometry
[0.806s] -- Up-to-date symlink: /home/cev/SLAMv2/install/lidar_odometry/share/ament_index/resource_index/parent_prefix_path/lidar_odometry
[0.808s] -- Up-to-date symlink: /home/cev/SLAMv2/install/lidar_odometry/share/lidar_odometry/environment/ament_prefix_path.sh
[0.809s] -- Up-to-date symlink: /home/cev/SLAMv2/install/lidar_odometry/share/lidar_odometry/environment/ament_prefix_path.dsv
[0.810s] -- Up-to-date symlink: /home/cev/SLAMv2/install/lidar_odometry/share/lidar_odometry/environment/path.sh
[0.811s] -- Up-to-date symlink: /home/cev/SLAMv2/install/lidar_odometry/share/lidar_odometry/environment/path.dsv
[0.812s] -- Up-to-date symlink: /home/cev/SLAMv2/install/lidar_odometry/share/lidar_odometry/local_setup.bash
[0.813s] -- Up-to-date symlink: /home/cev/SLAMv2/install/lidar_odometry/share/lidar_odometry/local_setup.sh
[0.814s] -- Up-to-date symlink: /home/cev/SLAMv2/install/lidar_odometry/share/lidar_odometry/local_setup.zsh
[0.815s] -- Up-to-date symlink: /home/cev/SLAMv2/install/lidar_odometry/share/lidar_odometry/local_setup.dsv
[0.815s] -- Symlinking: /home/cev/SLAMv2/install/lidar_odometry/share/lidar_odometry/package.dsv
[0.847s] -- Up-to-date symlink: /home/cev/SLAMv2/install/lidar_odometry/share/ament_index/resource_index/packages/lidar_odometry
[0.848s] -- Up-to-date symlink: /home/cev/SLAMv2/install/lidar_odometry/share/lidar_odometry/cmake/lidar_odometryConfig.cmake
[0.848s] -- Up-to-date symlink: /home/cev/SLAMv2/install/lidar_odometry/share/lidar_odometry/cmake/lidar_odometryConfig-version.cmake
[0.849s] -- Up-to-date symlink: /home/cev/SLAMv2/install/lidar_odometry/share/lidar_odometry/package.xml
[0.857s] Invoked command in '/home/cev/SLAMv2/build/lidar_odometry' returned '0': CMAKE_PREFIX_PATH=${CMAKE_PREFIX_PATH}:/opt/ros/humble /usr/bin/cmake --install /home/cev/SLAMv2/build/lidar_odometry
