[0.053s] Invoking command in '/home/cev/SLAMv2/build/witmotion_ros2': CMAKE_PREFIX_PATH=${CMAKE_PREFIX_PATH}:/opt/ros/humble /usr/bin/cmake /home/cev/SLAMv2/src/witmotion_ros2 -DAMENT_CMAKE_SYMLINK_INSTALL=1 -DCMAKE_INSTALL_PREFIX=/home/cev/SLAMv2/install/witmotion_ros2
[0.314s] -- The C compiler identification is GNU 11.4.0
[0.576s] -- The CXX compiler identification is GNU 11.4.0
[0.608s] -- Detecting C compiler ABI info
[0.933s] -- Detecting C compiler ABI info - done
[0.960s] -- Check for working C compiler: /usr/bin/cc - skipped
[0.961s] -- Detecting C compile features
[0.963s] -- Detecting C compile features - done
[0.974s] -- Detecting CXX compiler ABI info
[1.326s] -- Detecting CXX compiler ABI info - done
[1.353s] -- Check for working CXX compiler: /usr/bin/c++ - skipped
[1.354s] -- Detecting CXX compile features
[1.355s] -- Detecting CXX compile features - done
[1.382s] -- Found ament_cmake_auto: 1.3.14 (/opt/ros/humble/share/ament_cmake_auto/cmake)
[2.181s] -- Found Python3: /usr/bin/python3 (found version "3.10.12") found components: Interpreter 
[2.494s] -- Override CMake install command with custom implementation using symlinks instead of copying resources
[2.888s] -- Found rclcpp: 16.0.15 (/opt/ros/humble/share/rclcpp/cmake)
[3.405s] -- Found rosidl_generator_c: 3.1.7 (/opt/ros/humble/share/rosidl_generator_c/cmake)
[3.473s] -- Found rosidl_adapter: 3.1.7 (/opt/ros/humble/share/rosidl_adapter/cmake)
[3.561s] -- Found rosidl_generator_cpp: 3.1.7 (/opt/ros/humble/share/rosidl_generator_cpp/cmake)
[3.680s] -- Using all available rosidl_typesupport_c: rosidl_typesupport_fastrtps_c;rosidl_typesupport_introspection_c
[3.843s] -- Using all available rosidl_typesupport_cpp: rosidl_typesupport_fastrtps_cpp;rosidl_typesupport_introspection_cpp
[4.266s] -- Found rmw_implementation_cmake: 6.1.2 (/opt/ros/humble/share/rmw_implementation_cmake/cmake)
[4.301s] -- Found rmw_fastrtps_cpp: 6.2.9 (/opt/ros/humble/share/rmw_fastrtps_cpp/cmake)
[4.943s] -- Found OpenSSL: /usr/lib/aarch64-linux-gnu/libcrypto.so (found version "3.0.2")  
[5.197s] -- Found FastRTPS: /opt/ros/humble/include  
[5.581s] -- Using RMW implementation 'rmw_fastrtps_cpp' as default
[5.692s] -- Looking for pthread.h
[6.105s] -- Looking for pthread.h - found
[6.107s] -- Performing Test CMAKE_HAVE_LIBC_PTHREAD
[6.474s] -- Performing Test CMAKE_HAVE_LIBC_PTHREAD - Success
[6.479s] -- Found Threads: TRUE  
[6.854s] -- Found sensor_msgs: 4.9.0 (/opt/ros/humble/share/sensor_msgs/cmake)
[7.069s] -- Found tf2: 0.25.16 (/opt/ros/humble/share/tf2/cmake)
[7.309s] -- Found Boost: /usr/lib/aarch64-linux-gnu/cmake/Boost-1.74.0/BoostConfig.cmake (found version "1.74.0") found components: system 
[7.647s] -- Configuring done
[7.716s] -- Generating done
[7.734s] -- Build files have been written to: /home/cev/SLAMv2/build/witmotion_ros2
[7.775s] Invoked command in '/home/cev/SLAMv2/build/witmotion_ros2' returned '0': CMAKE_PREFIX_PATH=${CMAKE_PREFIX_PATH}:/opt/ros/humble /usr/bin/cmake /home/cev/SLAMv2/src/witmotion_ros2 -DAMENT_CMAKE_SYMLINK_INSTALL=1 -DCMAKE_INSTALL_PREFIX=/home/cev/SLAMv2/install/witmotion_ros2
[7.784s] Invoking command in '/home/cev/SLAMv2/build/witmotion_ros2': CMAKE_PREFIX_PATH=${CMAKE_PREFIX_PATH}:/opt/ros/humble /usr/bin/cmake --build /home/cev/SLAMv2/build/witmotion_ros2 -- -j4 -l4
[7.994s] [ 33%] [32mBuilding CXX object CMakeFiles/witmotion_ros2.dir/src/witmotion_node.cpp.o[0m
[7.998s] [ 66%] [32mBuilding CXX object CMakeFiles/witmotion_ros2.dir/src/witmotion_handler.cpp.o[0m
[10.582s] In file included from [01m[K/home/cev/SLAMv2/src/witmotion_ros2/src/witmotion_handler.cpp:1[m[K:
[10.583s] [01m[K/home/cev/SLAMv2/src/witmotion_ros2/include/witmotion_ros2/witmotion_handler.hpp:6:10:[m[K [01;31m[Kfatal error: [m[Kasio.hpp: No such file or directory
[10.584s]     6 | #include [01;31m[K<asio.hpp>[m[K
[10.585s]       |          [01;31m[K^~~~~~~~~~[m[K
[10.587s] compilation terminated.
[10.594s] gmake[2]: *** [CMakeFiles/witmotion_ros2.dir/build.make:90: CMakeFiles/witmotion_ros2.dir/src/witmotion_handler.cpp.o] Error 1
[10.594s] gmake[2]: *** Waiting for unfinished jobs....
[10.714s] In file included from [01m[K/home/cev/SLAMv2/src/witmotion_ros2/src/witmotion_node.cpp:1[m[K:
[10.714s] [01m[K/home/cev/SLAMv2/src/witmotion_ros2/include/witmotion_ros2/witmotion_node.hpp:19:10:[m[K [01;31m[Kfatal error: [m[Kasio.hpp: No such file or directory
[10.715s]    19 | #include [01;31m[K<asio.hpp>[m[K
[10.716s]       |          [01;31m[K^~~~~~~~~~[m[K
[10.717s] compilation terminated.
[10.726s] gmake[2]: *** [CMakeFiles/witmotion_ros2.dir/build.make:76: CMakeFiles/witmotion_ros2.dir/src/witmotion_node.cpp.o] Error 1
[10.727s] gmake[1]: *** [CMakeFiles/Makefile2:137: CMakeFiles/witmotion_ros2.dir/all] Error 2
[10.728s] gmake: *** [Makefile:146: all] Error 2
[10.746s] Invoked command in '/home/cev/SLAMv2/build/witmotion_ros2' returned '2': CMAKE_PREFIX_PATH=${CMAKE_PREFIX_PATH}:/opt/ros/humble /usr/bin/cmake --build /home/cev/SLAMv2/build/witmotion_ros2 -- -j4 -l4
