[0.080s] Invoking command in '/home/cev/SLAMv2/build/cev_pose_graph_slam': CMAKE_PREFIX_PATH=${CMAKE_PREFIX_PATH}:/opt/ros/humble /usr/bin/cmake /home/cev/SLAMv2/src/cev_pose_graph_slam/src -DAMENT_CMAKE_SYMLINK_INSTALL=1 -DCMAKE_INSTALL_PREFIX=/home/cev/SLAMv2/install/cev_pose_graph_slam
[0.803s] -- The C compiler identification is GNU 11.4.0
[1.509s] -- The CXX compiler identification is GNU 11.4.0
[1.544s] -- Detecting C compiler ABI info
[1.988s] -- Detecting C compiler ABI info - done
[2.020s] -- Check for working C compiler: /usr/bin/cc - skipped
[2.021s] -- Detecting C compile features
[2.024s] -- Detecting C compile features - done
[2.044s] -- Detecting CXX compiler ABI info
[2.565s] -- Detecting CXX compiler ABI info - done
[2.599s] -- Check for working CXX compiler: /usr/bin/c++ - skipped
[2.604s] -- Detecting CXX compile features
[2.606s] -- Detecting CXX compile features - done
[2.659s] -- Found ament_cmake: 1.3.12 (/opt/ros/humble/share/ament_cmake/cmake)
[3.626s] -- Found Python3: /usr/bin/python3 (found version "3.10.12") found components: Interpreter 
[4.324s] -- Override CMake install command with custom implementation using symlinks instead of copying resources
[5.020s] -- Found rclcpp: 16.0.15 (/opt/ros/humble/share/rclcpp/cmake)
[5.643s] -- Found rosidl_generator_c: 3.1.7 (/opt/ros/humble/share/rosidl_generator_c/cmake)
[5.708s] -- Found rosidl_adapter: 3.1.7 (/opt/ros/humble/share/rosidl_adapter/cmake)
[5.797s] -- Found rosidl_generator_cpp: 3.1.7 (/opt/ros/humble/share/rosidl_generator_cpp/cmake)
[5.984s] -- Using all available rosidl_typesupport_c: rosidl_typesupport_fastrtps_c;rosidl_typesupport_introspection_c
[6.176s] -- Using all available rosidl_typesupport_cpp: rosidl_typesupport_fastrtps_cpp;rosidl_typesupport_introspection_cpp
[6.670s] -- Found rmw_implementation_cmake: 6.1.2 (/opt/ros/humble/share/rmw_implementation_cmake/cmake)
[6.708s] -- Found rmw_fastrtps_cpp: 6.2.9 (/opt/ros/humble/share/rmw_fastrtps_cpp/cmake)
[7.591s] -- Found OpenSSL: /usr/lib/aarch64-linux-gnu/libcrypto.so (found version "3.0.2")  
[7.873s] -- Found FastRTPS: /opt/ros/humble/include  
[8.294s] -- Using RMW implementation 'rmw_fastrtps_cpp' as default
[8.405s] -- Looking for pthread.h
[8.939s] -- Looking for pthread.h - found
[8.947s] -- Performing Test CMAKE_HAVE_LIBC_PTHREAD
[9.646s] -- Performing Test CMAKE_HAVE_LIBC_PTHREAD - Success
[9.658s] -- Found Threads: TRUE  
[10.286s] -- Found nav_msgs: 4.9.0 (/opt/ros/humble/share/nav_msgs/cmake)
[10.599s] -- Found tf2: 0.25.16 (/opt/ros/humble/share/tf2/cmake)
[10.742s] -- Found tf2_ros: 0.25.16 (/opt/ros/humble/share/tf2_ros/cmake)
[12.569s] -- Configuring done
[12.603s] [31mCMake Error at CMakeLists.txt:12 (add_executable):
[12.604s]   Cannot find source file:
[12.604s] 
[12.605s]     src/SLAM_backend_math.cpp
[12.605s] 
[12.606s]   Tried extensions .c .C .c++ .cc .cpp .cxx .cu .mpp .m .M .mm .ixx .cppm .h
[12.606s]   .hh .h++ .hm .hpp .hxx .in .txx .f .F .for .f77 .f90 .f95 .f03 .hip .ispc
[12.606s] 
[12.607s] [0m
[12.609s] [31mCMake Error at CMakeLists.txt:12 (add_executable):
[12.609s]   No SOURCES given to target: pgo_node
[12.610s] 
[12.610s] [0m
[12.611s] [0mCMake Generate step failed.  Build files cannot be regenerated correctly.[0m
[12.659s] Invoked command in '/home/cev/SLAMv2/build/cev_pose_graph_slam' returned '1': CMAKE_PREFIX_PATH=${CMAKE_PREFIX_PATH}:/opt/ros/humble /usr/bin/cmake /home/cev/SLAMv2/src/cev_pose_graph_slam/src -DAMENT_CMAKE_SYMLINK_INSTALL=1 -DCMAKE_INSTALL_PREFIX=/home/cev/SLAMv2/install/cev_pose_graph_slam
