[0.066s] Invoking command in '/home/cev/SLAMv2/build/cev_pose_graph_slam': CMAKE_PREFIX_PATH=${CMAKE_PREFIX_PATH}:/opt/ros/humble /usr/bin/cmake /home/cev/SLAMv2/src/cev_pose_graph_slam -DAMENT_CMAKE_SYMLINK_INSTALL=1 -DCMAKE_INSTALL_PREFIX=/home/cev/SLAMv2/install/cev_pose_graph_slam
[0.345s] -- The C compiler identification is GNU 11.4.0
[0.627s] -- The CXX compiler identification is GNU 11.4.0
[0.658s] -- Detecting C compiler ABI info
[1.006s] -- Detecting C compiler ABI info - done
[1.032s] -- Check for working C compiler: /usr/bin/cc - skipped
[1.038s] -- Detecting C compile features
[1.039s] -- Detecting C compile features - done
[1.050s] -- Detecting CXX compiler ABI info
[1.483s] -- Detecting CXX compiler ABI info - done
[1.508s] -- Check for working CXX compiler: /usr/bin/c++ - skipped
[1.509s] -- Detecting CXX compile features
[1.511s] -- Detecting CXX compile features - done
[1.540s] -- Found ament_cmake: 1.3.12 (/opt/ros/humble/share/ament_cmake/cmake)
[2.290s] -- Found Python3: /usr/bin/python3 (found version "3.10.12") found components: Interpreter 
[2.654s] -- Override CMake install command with custom implementation using symlinks instead of copying resources
[2.952s] -- Found rclcpp: 16.0.15 (/opt/ros/humble/share/rclcpp/cmake)
[3.301s] -- Found rosidl_generator_c: 3.1.7 (/opt/ros/humble/share/rosidl_generator_c/cmake)
[3.347s] -- Found rosidl_adapter: 3.1.7 (/opt/ros/humble/share/rosidl_adapter/cmake)
[3.412s] -- Found rosidl_generator_cpp: 3.1.7 (/opt/ros/humble/share/rosidl_generator_cpp/cmake)
[3.495s] -- Using all available rosidl_typesupport_c: rosidl_typesupport_fastrtps_c;rosidl_typesupport_introspection_c
[3.622s] -- Using all available rosidl_typesupport_cpp: rosidl_typesupport_fastrtps_cpp;rosidl_typesupport_introspection_cpp
[3.959s] -- Found rmw_implementation_cmake: 6.1.2 (/opt/ros/humble/share/rmw_implementation_cmake/cmake)
[3.985s] -- Found rmw_fastrtps_cpp: 6.2.9 (/opt/ros/humble/share/rmw_fastrtps_cpp/cmake)
[4.530s] -- Found OpenSSL: /usr/lib/aarch64-linux-gnu/libcrypto.so (found version "3.0.2")  
[4.763s] -- Found FastRTPS: /opt/ros/humble/include  
[5.148s] -- Using RMW implementation 'rmw_fastrtps_cpp' as default
[5.231s] -- Looking for pthread.h
[5.599s] -- Looking for pthread.h - found
[5.603s] -- Performing Test CMAKE_HAVE_LIBC_PTHREAD
[5.998s] -- Performing Test CMAKE_HAVE_LIBC_PTHREAD - Success
[6.008s] -- Found Threads: TRUE  
[6.364s] -- Found nav_msgs: 4.9.0 (/opt/ros/humble/share/nav_msgs/cmake)
[6.547s] -- Found tf2: 0.25.16 (/opt/ros/humble/share/tf2/cmake)
[6.665s] -- Found tf2_ros: 0.25.16 (/opt/ros/humble/share/tf2_ros/cmake)
[7.742s] -- Configuring done
[7.832s] -- Generating done
[7.861s] -- Build files have been written to: /home/cev/SLAMv2/build/cev_pose_graph_slam
[7.927s] Invoked command in '/home/cev/SLAMv2/build/cev_pose_graph_slam' returned '0': CMAKE_PREFIX_PATH=${CMAKE_PREFIX_PATH}:/opt/ros/humble /usr/bin/cmake /home/cev/SLAMv2/src/cev_pose_graph_slam -DAMENT_CMAKE_SYMLINK_INSTALL=1 -DCMAKE_INSTALL_PREFIX=/home/cev/SLAMv2/install/cev_pose_graph_slam
[7.928s] Invoking command in '/home/cev/SLAMv2/build/cev_pose_graph_slam': CMAKE_PREFIX_PATH=${CMAKE_PREFIX_PATH}:/opt/ros/humble /usr/bin/cmake --build /home/cev/SLAMv2/build/cev_pose_graph_slam -- -j4 -l4
[8.205s] [ 50%] [32mBuilding CXX object CMakeFiles/pgo_node.dir/src/SLAM_backend_math.cpp.o[0m
[18.659s] [01m[K/home/cev/SLAMv2/src/cev_pose_graph_slam/src/SLAM_backend_math.cpp:183:24:[m[K [01;31m[Kerror: [m[K‘[01m[Krclcpp[m[K’ has not been declared
[18.660s]   183 | class PgoNode : public [01;31m[Krclcpp[m[K::Node {
[18.660s]       |                        [01;31m[K^~~~~~[m[K
[18.661s] [01m[K/home/cev/SLAMv2/src/cev_pose_graph_slam/src/SLAM_backend_math.cpp:183:32:[m[K [01;31m[Kerror: [m[Kexpected ‘[01m[K{[m[K’ before ‘[01m[KNode[m[K’
[18.661s]   183 | class PgoNode : public rclcpp::[01;31m[KNode[m[K {
[18.663s]       |                                [01;31m[K^~~~[m[K
[18.664s] [01m[K/home/cev/SLAMv2/src/cev_pose_graph_slam/src/SLAM_backend_math.cpp:184:1:[m[K [01;31m[Kerror: [m[Kexpected primary-expression before ‘[01m[Kpublic[m[K’
[18.665s]   184 | [01;31m[Kpublic[m[K:
[18.665s]       | [01;31m[K^~~~~~[m[K
[18.666s] [01m[K/home/cev/SLAMv2/src/cev_pose_graph_slam/src/SLAM_backend_math.cpp:184:1:[m[K [01;31m[Kerror: [m[Kexpected ‘[01m[K}[m[K’ before ‘[01m[Kpublic[m[K’
[18.667s] [01m[K/home/cev/SLAMv2/src/cev_pose_graph_slam/src/SLAM_backend_math.cpp:183:37:[m[K [01;36m[Knote: [m[Kto match this ‘[01m[K{[m[K’
[18.667s]   183 | class PgoNode : public rclcpp::Node [01;36m[K{[m[K
[18.668s]       |                                     [01;36m[K^[m[K
[18.669s] [01m[K/home/cev/SLAMv2/src/cev_pose_graph_slam/src/SLAM_backend_math.cpp:196:1:[m[K [01;31m[Kerror: [m[Kexpected unqualified-id before ‘[01m[Kprivate[m[K’
[18.669s]   196 | [01;31m[Kprivate[m[K:
[18.670s]       | [01;31m[K^~~~~~~[m[K
[18.683s] [01m[K/home/cev/SLAMv2/src/cev_pose_graph_slam/src/SLAM_backend_math.cpp:[m[K In function ‘[01m[Kvoid publish_correction(double, double, double)[m[K’:
[18.684s] [01m[K/home/cev/SLAMv2/src/cev_pose_graph_slam/src/SLAM_backend_math.cpp:239:32:[m[K [01;31m[Kerror: [m[K‘[01m[KX[m[K’ was not declared in this scope
[18.685s]   239 |         Pose2 optimized_pose = [01;31m[KX[m[K.back();
[18.686s]       |                                [01;31m[K^[m[K
[18.687s] [01m[K/home/cev/SLAMv2/src/cev_pose_graph_slam/src/SLAM_backend_math.cpp:241:9:[m[K [01;31m[Kerror: [m[K‘[01m[Kgeometry_msgs[m[K’ has not been declared
[18.687s]   241 |         [01;31m[Kgeometry_msgs[m[K::msg::TransformStamped t;
[18.688s]       |         [01;31m[K^~~~~~~~~~~~~[m[K
[18.699s] [01m[K/home/cev/SLAMv2/src/cev_pose_graph_slam/src/SLAM_backend_math.cpp:242:9:[m[K [01;31m[Kerror: [m[K‘[01m[Kt[m[K’ was not declared in this scope; did you mean ‘[01m[Ktm[m[K’?
[18.700s]   242 |         [01;31m[Kt[m[K.header.stamp = this->get_clock()->now();
[18.702s]       |         [01;31m[K^[m[K
[18.703s]       |         [32m[Ktm[m[K
[18.704s] [01m[K/home/cev/SLAMv2/src/cev_pose_graph_slam/src/SLAM_backend_math.cpp:242:26:[m[K [01;31m[Kerror: [m[Kinvalid use of ‘[01m[Kthis[m[K’ in non-member function
[18.706s]   242 |         t.header.stamp = [01;31m[Kthis[m[K->get_clock()->now();
[18.709s]       |                          [01;31m[K^~~~[m[K
[18.709s] [01m[K/home/cev/SLAMv2/src/cev_pose_graph_slam/src/SLAM_backend_math.cpp:251:9:[m[K [01;31m[Kerror: [m[K‘[01m[Ktf2[m[K’ has not been declared
[18.710s]   251 |         [01;31m[Ktf2[m[K::Quaternion q;
[18.711s]       |         [01;31m[K^~~[m[K
[18.718s] [01m[K/home/cev/SLAMv2/src/cev_pose_graph_slam/src/SLAM_backend_math.cpp:252:9:[m[K [01;31m[Kerror: [m[K‘[01m[Kq[m[K’ was not declared in this scope
[18.718s]   252 |         [01;31m[Kq[m[K.setRPY(0, 0, optimized_pose.th - raw_th);
[18.719s]       |         [01;31m[K^[m[K
[18.745s] [01m[K/home/cev/SLAMv2/src/cev_pose_graph_slam/src/SLAM_backend_math.cpp:258:9:[m[K [01;31m[Kerror: [m[K‘[01m[Ktf_broadcaster_[m[K’ was not declared in this scope
[18.746s]   258 |         [01;31m[Ktf_broadcaster_[m[K->sendTransform(t);
[18.747s]       |         [01;31m[K^~~~~~~~~~~~~~~[m[K
[18.750s] [01m[K/home/cev/SLAMv2/src/cev_pose_graph_slam/src/SLAM_backend_math.cpp:[m[K At global scope:
[18.750s] [01m[K/home/cev/SLAMv2/src/cev_pose_graph_slam/src/SLAM_backend_math.cpp:261:5:[m[K [01;31m[Kerror: [m[K‘[01m[Krclcpp[m[K’ does not name a type
[18.751s]   261 |     [01;31m[Krclcpp[m[K::Subscription<nav_msgs::msg::Odometry>::SharedPtr odom_sub_;
[18.751s]       |     [01;31m[K^~~~~~[m[K
[18.753s] [01m[K/home/cev/SLAMv2/src/cev_pose_graph_slam/src/SLAM_backend_math.cpp:262:10:[m[K [01;31m[Kerror: [m[K‘[01m[Kunique_ptr[m[K’ in namespace ‘[01m[Kstd[m[K’ does not name a template type
[18.754s]   262 |     std::[01;31m[Kunique_ptr[m[K<tf2_ros::TransformBroadcaster> tf_broadcaster_;
[18.754s]       |          [01;31m[K^~~~~~~~~~[m[K
[18.755s] [01m[K/home/cev/SLAMv2/src/cev_pose_graph_slam/src/SLAM_backend_math.cpp:10:1:[m[K [01;36m[Knote: [m[K‘[01m[Kstd::unique_ptr[m[K’ is defined in header ‘[01m[K<memory>[m[K’; did you forget to ‘[01m[K#include <memory>[m[K’?
[18.755s]     9 | #include <iostream>
[18.756s]   +++ |+[32m[K#include <memory>[m[K
[18.756s]    10 | #include <vector>
[18.770s] [01m[K/home/cev/SLAMv2/src/cev_pose_graph_slam/src/SLAM_backend_math.cpp:266:1:[m[K [01;31m[Kerror: [m[Kexpected declaration before ‘[01m[K}[m[K’ token
[18.771s]   266 | [01;31m[K}[m[K;
[18.771s]       | [01;31m[K^[m[K
[18.772s] [01m[K/home/cev/SLAMv2/src/cev_pose_graph_slam/src/SLAM_backend_math.cpp:[m[K In function ‘[01m[Kint main(int, char**)[m[K’:
[18.772s] [01m[K/home/cev/SLAMv2/src/cev_pose_graph_slam/src/SLAM_backend_math.cpp:269:5:[m[K [01;31m[Kerror: [m[K‘[01m[Krclcpp[m[K’ has not been declared
[18.773s]   269 |     [01;31m[Krclcpp[m[K::init(argc, argv);
[18.777s]       |     [01;31m[K^~~~~~[m[K
[18.778s] [01m[K/home/cev/SLAMv2/src/cev_pose_graph_slam/src/SLAM_backend_math.cpp:270:5:[m[K [01;31m[Kerror: [m[K‘[01m[Krclcpp[m[K’ has not been declared
[18.778s]   270 |     [01;31m[Krclcpp[m[K::spin(std::make_shared<PgoNode>());
[18.779s]       |     [01;31m[K^~~~~~[m[K
[18.779s] [01m[K/home/cev/SLAMv2/src/cev_pose_graph_slam/src/SLAM_backend_math.cpp:270:23:[m[K [01;31m[Kerror: [m[K‘[01m[Kmake_shared[m[K’ is not a member of ‘[01m[Kstd[m[K’
[18.780s]   270 |     rclcpp::spin(std::[01;31m[Kmake_shared[m[K<PgoNode>());
[18.780s]       |                       [01;31m[K^~~~~~~~~~~[m[K
[18.781s] [01m[K/home/cev/SLAMv2/src/cev_pose_graph_slam/src/SLAM_backend_math.cpp:270:23:[m[K [01;36m[Knote: [m[K‘[01m[Kstd::make_shared[m[K’ is defined in header ‘[01m[K<memory>[m[K’; did you forget to ‘[01m[K#include <memory>[m[K’?
[18.782s] [01m[K/home/cev/SLAMv2/src/cev_pose_graph_slam/src/SLAM_backend_math.cpp:270:42:[m[K [01;31m[Kerror: [m[Kexpected primary-expression before ‘[01m[K>[m[K’ token
[18.783s]   270 |     rclcpp::spin(std::make_shared<PgoNode[01;31m[K>[m[K());
[18.783s]       |                                          [01;31m[K^[m[K
[18.784s] [01m[K/home/cev/SLAMv2/src/cev_pose_graph_slam/src/SLAM_backend_math.cpp:270:44:[m[K [01;31m[Kerror: [m[Kexpected primary-expression before ‘[01m[K)[m[K’ token
[18.784s]   270 |     rclcpp::spin(std::make_shared<PgoNode>([01;31m[K)[m[K);
[18.785s]       |                                            [01;31m[K^[m[K
[18.795s] [01m[K/home/cev/SLAMv2/src/cev_pose_graph_slam/src/SLAM_backend_math.cpp:271:5:[m[K [01;31m[Kerror: [m[K‘[01m[Krclcpp[m[K’ has not been declared
[18.798s]   271 |     [01;31m[Krclcpp[m[K::shutdown();
[18.798s]       |     [01;31m[K^~~~~~[m[K
[24.146s] gmake[2]: *** [CMakeFiles/pgo_node.dir/build.make:76: CMakeFiles/pgo_node.dir/src/SLAM_backend_math.cpp.o] Error 1
[24.148s] gmake[1]: *** [CMakeFiles/Makefile2:137: CMakeFiles/pgo_node.dir/all] Error 2
[24.150s] gmake: *** [Makefile:146: all] Error 2
[24.172s] Invoked command in '/home/cev/SLAMv2/build/cev_pose_graph_slam' returned '2': CMAKE_PREFIX_PATH=${CMAKE_PREFIX_PATH}:/opt/ros/humble /usr/bin/cmake --build /home/cev/SLAMv2/build/cev_pose_graph_slam -- -j4 -l4
