[0.128s] Invoking command in '/home/cev/SLAMv2/build/cev_pose_graph_slam': CMAKE_PREFIX_PATH=${CMAKE_PREFIX_PATH}:/opt/ros/humble /usr/bin/cmake --build /home/cev/SLAMv2/build/cev_pose_graph_slam -- -j4 -l4
[0.320s] [35m[1mConsolidate compiler generated dependencies of target pgo_node[0m
[0.485s] [100%] Built target pgo_node
[0.601s] Invoked command in '/home/cev/SLAMv2/build/cev_pose_graph_slam' returned '0': CMAKE_PREFIX_PATH=${CMAKE_PREFIX_PATH}:/opt/ros/humble /usr/bin/cmake --build /home/cev/SLAMv2/build/cev_pose_graph_slam -- -j4 -l4
[0.695s] Invoking command in '/home/cev/SLAMv2/build/cev_pose_graph_slam': CMAKE_PREFIX_PATH=${CMAKE_PREFIX_PATH}:/opt/ros/humble /usr/bin/cmake --install /home/cev/SLAMv2/build/cev_pose_graph_slam
[0.741s] -- Install configuration: ""
[0.743s] -- Execute custom install script
[0.747s] -- Up-to-date symlink: /home/cev/SLAMv2/install/cev_pose_graph_slam/lib/cev_pose_graph_slam/pgo_node
[0.749s] -- Up-to-date symlink: /home/cev/SLAMv2/install/cev_pose_graph_slam/share/ament_index/resource_index/package_run_dependencies/cev_pose_graph_slam
[0.751s] -- Up-to-date symlink: /home/cev/SLAMv2/install/cev_pose_graph_slam/share/ament_index/resource_index/parent_prefix_path/cev_pose_graph_slam
[0.753s] -- Up-to-date symlink: /home/cev/SLAMv2/install/cev_pose_graph_slam/share/cev_pose_graph_slam/environment/ament_prefix_path.sh
[0.756s] -- Up-to-date symlink: /home/cev/SLAMv2/install/cev_pose_graph_slam/share/cev_pose_graph_slam/environment/ament_prefix_path.dsv
[0.757s] -- Up-to-date symlink: /home/cev/SLAMv2/install/cev_pose_graph_slam/share/cev_pose_graph_slam/environment/path.sh
[0.761s] -- Up-to-date symlink: /home/cev/SLAMv2/install/cev_pose_graph_slam/share/cev_pose_graph_slam/environment/path.dsv
[0.763s] -- Up-to-date symlink: /home/cev/SLAMv2/install/cev_pose_graph_slam/share/cev_pose_graph_slam/local_setup.bash
[0.767s] -- Up-to-date symlink: /home/cev/SLAMv2/install/cev_pose_graph_slam/share/cev_pose_graph_slam/local_setup.sh
[0.771s] -- Up-to-date symlink: /home/cev/SLAMv2/install/cev_pose_graph_slam/share/cev_pose_graph_slam/local_setup.zsh
[0.778s] -- Up-to-date symlink: /home/cev/SLAMv2/install/cev_pose_graph_slam/share/cev_pose_graph_slam/local_setup.dsv
[0.785s] -- Symlinking: /home/cev/SLAMv2/install/cev_pose_graph_slam/share/cev_pose_graph_slam/package.dsv
[0.855s] -- Up-to-date symlink: /home/cev/SLAMv2/install/cev_pose_graph_slam/share/ament_index/resource_index/packages/cev_pose_graph_slam
[0.857s] -- Up-to-date symlink: /home/cev/SLAMv2/install/cev_pose_graph_slam/share/cev_pose_graph_slam/cmake/cev_pose_graph_slamConfig.cmake
[0.858s] -- Up-to-date symlink: /home/cev/SLAMv2/install/cev_pose_graph_slam/share/cev_pose_graph_slam/cmake/cev_pose_graph_slamConfig-version.cmake
[0.860s] -- Up-to-date symlink: /home/cev/SLAMv2/install/cev_pose_graph_slam/share/cev_pose_graph_slam/package.xml
[0.881s] Invoked command in '/home/cev/SLAMv2/build/cev_pose_graph_slam' returned '0': CMAKE_PREFIX_PATH=${CMAKE_PREFIX_PATH}:/opt/ros/humble /usr/bin/cmake --install /home/cev/SLAMv2/build/cev_pose_graph_slam
