[0.038s] Invoking command in '/home/cev/SLAMv2/build/witmotion_ros2': /usr/bin/cmake /home/cev/SLAMv2/src/witmotion_ros2 -DAMENT_CMAKE_SYMLINK_INSTALL=1 -DCMAKE_INSTALL_PREFIX=/home/cev/SLAMv2/install/witmotion_ros2
[0.278s] -- The C compiler identification is GNU 11.4.0
[0.533s] -- The CXX compiler identification is GNU 11.4.0
[0.566s] -- Detecting C compiler ABI info
[0.872s] -- Detecting C compiler ABI info - done
[0.897s] -- Check for working C compiler: /usr/bin/cc - skipped
[0.898s] -- Detecting C compile features
[0.900s] -- Detecting C compile features - done
[0.911s] -- Detecting CXX compiler ABI info
[1.251s] -- Detecting CXX compiler ABI info - done
[1.278s] -- Check for working CXX compiler: /usr/bin/c++ - skipped
[1.279s] -- Detecting CXX compile features
[1.281s] -- Detecting CXX compile features - done
[1.413s] [31mCMake Error at CMakeLists.txt:9 (find_package):
[1.414s]   By not providing "Findament_cmake_auto.cmake" in CMAKE_MODULE_PATH this
[1.414s]   project has asked CMake to find a package configuration file provided by
[1.414s]   "ament_cmake_auto", but CMake did not find one.
[1.415s] 
[1.415s]   Could not find a package configuration file provided by "ament_cmake_auto"
[1.416s]   with any of the following names:
[1.416s] 
[1.417s]     ament_cmake_autoConfig.cmake
[1.417s]     ament_cmake_auto-config.cmake
[1.418s] 
[1.419s]   Add the installation prefix of "ament_cmake_auto" to CMAKE_PREFIX_PATH or
[1.420s]   set "ament_cmake_auto_DIR" to a directory containing one of the above
[1.422s]   files.  If "ament_cmake_auto" provides a separate development package or
[1.422s]   SDK, be sure it has been installed.
[1.423s] 
[1.423s] [0m
[1.423s] -- Configuring incomplete, errors occurred!
[1.424s] See also "/home/cev/SLAMv2/build/witmotion_ros2/CMakeFiles/CMakeOutput.log".
[1.428s] Invoked command in '/home/cev/SLAMv2/build/witmotion_ros2' returned '1': /usr/bin/cmake /home/cev/SLAMv2/src/witmotion_ros2 -DAMENT_CMAKE_SYMLINK_INSTALL=1 -DCMAKE_INSTALL_PREFIX=/home/cev/SLAMv2/install/witmotion_ros2
