[100%] Built target witmotion_ros2
-- Install configuration: ""
-- Execute custom install script
-- Up-to-date symlink: /home/cev/SLAMv2/install/witmotion_ros2/lib/witmotion_ros2/witmotion_ros2
-- Up-to-date symlink: /home/cev/SLAMv2/install/witmotion_ros2/share/witmotion_ros2/launch/witmotion.launch.py
-- Up-to-date symlink: /home/cev/SLAMv2/install/witmotion_ros2/share/witmotion_ros2/config/witmotion.yaml
-- Up-to-date symlink: /home/cev/SLAMv2/install/witmotion_ros2/share/ament_index/resource_index/package_run_dependencies/witmotion_ros2
-- Up-to-date symlink: /home/cev/SLAMv2/install/witmotion_ros2/share/ament_index/resource_index/parent_prefix_path/witmotion_ros2
-- Up-to-date symlink: /home/cev/SLAMv2/install/witmotion_ros2/share/witmotion_ros2/environment/ament_prefix_path.sh
-- Up-to-date symlink: /home/cev/SLAMv2/install/witmotion_ros2/share/witmotion_ros2/environment/ament_prefix_path.dsv
-- Up-to-date symlink: /home/cev/SLAMv2/install/witmotion_ros2/share/witmotion_ros2/environment/path.sh
-- Up-to-date symlink: /home/cev/SLAMv2/install/witmotion_ros2/share/witmotion_ros2/environment/path.dsv
-- Up-to-date symlink: /home/cev/SLAMv2/install/witmotion_ros2/share/witmotion_ros2/local_setup.bash
-- Up-to-date symlink: /home/cev/SLAMv2/install/witmotion_ros2/share/witmotion_ros2/local_setup.sh
-- Up-to-date symlink: /home/cev/SLAMv2/install/witmotion_ros2/share/witmotion_ros2/local_setup.zsh
-- Up-to-date symlink: /home/cev/SLAMv2/install/witmotion_ros2/share/witmotion_ros2/local_setup.dsv
-- Symlinking: /home/cev/SLAMv2/install/witmotion_ros2/share/witmotion_ros2/package.dsv
-- Up-to-date symlink: /home/cev/SLAMv2/install/witmotion_ros2/share/ament_index/resource_index/packages/witmotion_ros2
-- Up-to-date symlink: /home/cev/SLAMv2/install/witmotion_ros2/share/witmotion_ros2/cmake/witmotion_ros2Config.cmake
-- Up-to-date symlink: /home/cev/SLAMv2/install/witmotion_ros2/share/witmotion_ros2/cmake/witmotion_ros2Config-version.cmake
-- Up-to-date symlink: /home/cev/SLAMv2/install/witmotion_ros2/share/witmotion_ros2/package.xml
