[0.085s] Invoking command in '/home/cev/SLAMv2/build/witmotion_ros2': CMAKE_PREFIX_PATH=${CMAKE_PREFIX_PATH}:/opt/ros/humble /usr/bin/cmake --build /home/cev/SLAMv2/build/witmotion_ros2 -- -j4 -l4
[0.385s] [100%] Built target witmotion_ros2
[0.430s] Invoked command in '/home/cev/SLAMv2/build/witmotion_ros2' returned '0': CMAKE_PREFIX_PATH=${CMAKE_PREFIX_PATH}:/opt/ros/humble /usr/bin/cmake --build /home/cev/SLAMv2/build/witmotion_ros2 -- -j4 -l4
[0.440s] Invoking command in '/home/cev/SLAMv2/build/witmotion_ros2': CMAKE_PREFIX_PATH=${CMAKE_PREFIX_PATH}:/opt/ros/humble /usr/bin/cmake --install /home/cev/SLAMv2/build/witmotion_ros2
[0.470s] -- Install configuration: ""
[0.473s] -- Execute custom install script
[0.476s] -- Up-to-date symlink: /home/cev/SLAMv2/install/witmotion_ros2/lib/witmotion_ros2/witmotion_ros2
[0.478s] -- Up-to-date symlink: /home/cev/SLAMv2/install/witmotion_ros2/share/witmotion_ros2/launch/witmotion.launch.py
[0.481s] -- Up-to-date symlink: /home/cev/SLAMv2/install/witmotion_ros2/share/witmotion_ros2/config/witmotion.yaml
[0.484s] -- Up-to-date symlink: /home/cev/SLAMv2/install/witmotion_ros2/share/ament_index/resource_index/package_run_dependencies/witmotion_ros2
[0.487s] -- Up-to-date symlink: /home/cev/SLAMv2/install/witmotion_ros2/share/ament_index/resource_index/parent_prefix_path/witmotion_ros2
[0.490s] -- Up-to-date symlink: /home/cev/SLAMv2/install/witmotion_ros2/share/witmotion_ros2/environment/ament_prefix_path.sh
[0.493s] -- Up-to-date symlink: /home/cev/SLAMv2/install/witmotion_ros2/share/witmotion_ros2/environment/ament_prefix_path.dsv
[0.498s] -- Up-to-date symlink: /home/cev/SLAMv2/install/witmotion_ros2/share/witmotion_ros2/environment/path.sh
[0.501s] -- Up-to-date symlink: /home/cev/SLAMv2/install/witmotion_ros2/share/witmotion_ros2/environment/path.dsv
[0.504s] -- Up-to-date symlink: /home/cev/SLAMv2/install/witmotion_ros2/share/witmotion_ros2/local_setup.bash
[0.507s] -- Up-to-date symlink: /home/cev/SLAMv2/install/witmotion_ros2/share/witmotion_ros2/local_setup.sh
[0.514s] -- Up-to-date symlink: /home/cev/SLAMv2/install/witmotion_ros2/share/witmotion_ros2/local_setup.zsh
[0.519s] -- Up-to-date symlink: /home/cev/SLAMv2/install/witmotion_ros2/share/witmotion_ros2/local_setup.dsv
[0.520s] -- Symlinking: /home/cev/SLAMv2/install/witmotion_ros2/share/witmotion_ros2/package.dsv
[0.532s] -- Up-to-date symlink: /home/cev/SLAMv2/install/witmotion_ros2/share/ament_index/resource_index/packages/witmotion_ros2
[0.534s] -- Up-to-date symlink: /home/cev/SLAMv2/install/witmotion_ros2/share/witmotion_ros2/cmake/witmotion_ros2Config.cmake
[0.536s] -- Up-to-date symlink: /home/cev/SLAMv2/install/witmotion_ros2/share/witmotion_ros2/cmake/witmotion_ros2Config-version.cmake
[0.537s] -- Up-to-date symlink: /home/cev/SLAMv2/install/witmotion_ros2/share/witmotion_ros2/package.xml
[0.624s] Invoked command in '/home/cev/SLAMv2/build/witmotion_ros2' returned '0': CMAKE_PREFIX_PATH=${CMAKE_PREFIX_PATH}:/opt/ros/humble /usr/bin/cmake --install /home/cev/SLAMv2/build/witmotion_ros2
