[0.046s] Invoking command in '/home/cev/SLAMv2/build/witmotion_ros2': /usr/bin/cmake /home/cev/SLAMv2/src/witmotion_ros2 -DAMENT_CMAKE_SYMLINK_INSTALL=1 -DCMAKE_INSTALL_PREFIX=/home/cev/SLAMv2/install/witmotion_ros2
[0.213s] [31mCMake Error at CMakeLists.txt:9 (find_package):
[0.213s]   By not providing "Findament_cmake_auto.cmake" in CMAKE_MODULE_PATH this
[0.213s]   project has asked CMake to find a package configuration file provided by
[0.214s]   "ament_cmake_auto", but CMake did not find one.
[0.214s] 
[0.215s]   Could not find a package configuration file provided by "ament_cmake_auto"
[0.215s]   with any of the following names:
[0.216s] 
[0.216s]     ament_cmake_autoConfig.cmake
[0.216s]     ament_cmake_auto-config.cmake
[0.217s] 
[0.218s]   Add the installation prefix of "ament_cmake_auto" to CMAKE_PREFIX_PATH or
[0.219s]   set "ament_cmake_auto_DIR" to a directory containing one of the above
[0.221s]   files.  If "ament_cmake_auto" provides a separate development package or
[0.222s]   SDK, be sure it has been installed.
[0.222s] 
[0.224s] [0m
[0.225s] -- Configuring incomplete, errors occurred!
[0.226s] See also "/home/cev/SLAMv2/build/witmotion_ros2/CMakeFiles/CMakeOutput.log".
[0.229s] Invoked command in '/home/cev/SLAMv2/build/witmotion_ros2' returned '1': /usr/bin/cmake /home/cev/SLAMv2/src/witmotion_ros2 -DAMENT_CMAKE_SYMLINK_INSTALL=1 -DCMAKE_INSTALL_PREFIX=/home/cev/SLAMv2/install/witmotion_ros2
