[0.290s] Invoking command in '/home/cev/SLAMv2/build/lidar_odometry': CMAKE_PREFIX_PATH=${CMAKE_PREFIX_PATH}:/opt/ros/humble /usr/bin/cmake --build /home/cev/SLAMv2/build/lidar_odometry -- -j4 -l4
[0.687s] [ 69%] Built target cevicp
[0.798s] [ 84%] Built target motor_controller
[1.266s] [100%] Built target lidar_odometry
[1.465s] Invoked command in '/home/cev/SLAMv2/build/lidar_odometry' returned '0': CMAKE_PREFIX_PATH=${CMAKE_PREFIX_PATH}:/opt/ros/humble /usr/bin/cmake --build /home/cev/SLAMv2/build/lidar_odometry -- -j4 -l4
[1.466s] Invoking command in '/home/cev/SLAMv2/build/lidar_odometry': CMAKE_PREFIX_PATH=${CMAKE_PREFIX_PATH}:/opt/ros/humble /usr/bin/cmake --install /home/cev/SLAMv2/build/lidar_odometry
[1.517s] -- Install configuration: ""
[1.522s] -- Execute custom install script
[1.524s] -- Up-to-date symlink: /home/cev/SLAMv2/install/lidar_odometry/lib/lidar_odometry/lidar_odometry
[1.526s] -- Up-to-date symlink: /home/cev/SLAMv2/install/lidar_odometry/lib/lidar_odometry/motor_controller
[1.533s] -- Up-to-date symlink: /home/cev/SLAMv2/install/lidar_odometry/share/lidar_odometry/launch/car.py
[1.534s] -- Up-to-date symlink: /home/cev/SLAMv2/install/lidar_odometry/share/lidar_odometry/launch/carv2.py
[1.534s] -- Up-to-date symlink: /home/cev/SLAMv2/install/lidar_odometry/share/lidar_odometry/launch/example.py
[1.534s] -- Up-to-date symlink: /home/cev/SLAMv2/install/lidar_odometry/share/ament_index/resource_index/package_run_dependencies/lidar_odometry
[1.535s] -- Up-to-date symlink: /home/cev/SLAMv2/install/lidar_odometry/share/ament_index/resource_index/parent_prefix_path/lidar_odometry
[1.547s] -- Up-to-date symlink: /home/cev/SLAMv2/install/lidar_odometry/share/lidar_odometry/environment/ament_prefix_path.sh
[1.549s] -- Up-to-date symlink: /home/cev/SLAMv2/install/lidar_odometry/share/lidar_odometry/environment/ament_prefix_path.dsv
[1.552s] -- Up-to-date symlink: /home/cev/SLAMv2/install/lidar_odometry/share/lidar_odometry/environment/path.sh
[1.554s] -- Up-to-date symlink: /home/cev/SLAMv2/install/lidar_odometry/share/lidar_odometry/environment/path.dsv
[1.555s] -- Up-to-date symlink: /home/cev/SLAMv2/install/lidar_odometry/share/lidar_odometry/local_setup.bash
[1.565s] -- Up-to-date symlink: /home/cev/SLAMv2/install/lidar_odometry/share/lidar_odometry/local_setup.sh
[1.569s] -- Up-to-date symlink: /home/cev/SLAMv2/install/lidar_odometry/share/lidar_odometry/local_setup.zsh
[1.569s] -- Up-to-date symlink: /home/cev/SLAMv2/install/lidar_odometry/share/lidar_odometry/local_setup.dsv
[1.577s] -- Symlinking: /home/cev/SLAMv2/install/lidar_odometry/share/lidar_odometry/package.dsv
[1.679s] -- Up-to-date symlink: /home/cev/SLAMv2/install/lidar_odometry/share/ament_index/resource_index/packages/lidar_odometry
[1.686s] -- Up-to-date symlink: /home/cev/SLAMv2/install/lidar_odometry/share/lidar_odometry/cmake/lidar_odometryConfig.cmake
[1.687s] -- Up-to-date symlink: /home/cev/SLAMv2/install/lidar_odometry/share/lidar_odometry/cmake/lidar_odometryConfig-version.cmake
[1.688s] -- Up-to-date symlink: /home/cev/SLAMv2/install/lidar_odometry/share/lidar_odometry/package.xml
[1.701s] Invoked command in '/home/cev/SLAMv2/build/lidar_odometry' returned '0': CMAKE_PREFIX_PATH=${CMAKE_PREFIX_PATH}:/opt/ros/humble /usr/bin/cmake --install /home/cev/SLAMv2/build/lidar_odometry
