[0.117s] Invoking command in '/home/cev/SLAMv2/build/lidar_odometry': CMAKE_PREFIX_PATH=${CMAKE_PREFIX_PATH}:/opt/ros/humble /usr/bin/cmake --build /home/cev/SLAMv2/build/lidar_odometry -- -j4 -l4
[0.426s] [ 69%] Built target cevicp
[0.455s] [ 84%] Built target motor_controller
[0.698s] [100%] Built target lidar_odometry
[0.793s] Invoked command in '/home/cev/SLAMv2/build/lidar_odometry' returned '0': CMAKE_PREFIX_PATH=${CMAKE_PREFIX_PATH}:/opt/ros/humble /usr/bin/cmake --build /home/cev/SLAMv2/build/lidar_odometry -- -j4 -l4
[0.812s] Invoking command in '/home/cev/SLAMv2/build/lidar_odometry': CMAKE_PREFIX_PATH=${CMAKE_PREFIX_PATH}:/opt/ros/humble /usr/bin/cmake --install /home/cev/SLAMv2/build/lidar_odometry
[0.845s] -- Install configuration: ""
[0.846s] -- Execute custom install script
[0.854s] -- Up-to-date symlink: /home/cev/SLAMv2/install/lidar_odometry/lib/lidar_odometry/lidar_odometry
[0.856s] -- Up-to-date symlink: /home/cev/SLAMv2/install/lidar_odometry/lib/lidar_odometry/motor_controller
[0.862s] -- Up-to-date symlink: /home/cev/SLAMv2/install/lidar_odometry/share/lidar_odometry/launch/car.py
[0.864s] -- Up-to-date symlink: /home/cev/SLAMv2/install/lidar_odometry/share/lidar_odometry/launch/carv2.py
[0.870s] -- Up-to-date symlink: /home/cev/SLAMv2/install/lidar_odometry/share/lidar_odometry/launch/example.py
[0.891s] -- Up-to-date symlink: /home/cev/SLAMv2/install/lidar_odometry/share/lidar_odometry/config/ekf.yaml
[0.894s] -- Up-to-date symlink: /home/cev/SLAMv2/install/lidar_odometry/lib/lidar_odometry/imu_covariance_injector.py
[0.896s] -- Up-to-date symlink: /home/cev/SLAMv2/install/lidar_odometry/share/ament_index/resource_index/package_run_dependencies/lidar_odometry
[0.898s] -- Up-to-date symlink: /home/cev/SLAMv2/install/lidar_odometry/share/ament_index/resource_index/parent_prefix_path/lidar_odometry
[0.899s] -- Up-to-date symlink: /home/cev/SLAMv2/install/lidar_odometry/share/lidar_odometry/environment/ament_prefix_path.sh
[0.903s] -- Up-to-date symlink: /home/cev/SLAMv2/install/lidar_odometry/share/lidar_odometry/environment/ament_prefix_path.dsv
[0.906s] -- Up-to-date symlink: /home/cev/SLAMv2/install/lidar_odometry/share/lidar_odometry/environment/path.sh
[0.913s] -- Up-to-date symlink: /home/cev/SLAMv2/install/lidar_odometry/share/lidar_odometry/environment/path.dsv
[0.916s] -- Up-to-date symlink: /home/cev/SLAMv2/install/lidar_odometry/share/lidar_odometry/local_setup.bash
[0.918s] -- Up-to-date symlink: /home/cev/SLAMv2/install/lidar_odometry/share/lidar_odometry/local_setup.sh
[0.923s] -- Up-to-date symlink: /home/cev/SLAMv2/install/lidar_odometry/share/lidar_odometry/local_setup.zsh
[0.924s] -- Up-to-date symlink: /home/cev/SLAMv2/install/lidar_odometry/share/lidar_odometry/local_setup.dsv
[0.926s] -- Symlinking: /home/cev/SLAMv2/install/lidar_odometry/share/lidar_odometry/package.dsv
[0.929s] -- Up-to-date symlink: /home/cev/SLAMv2/install/lidar_odometry/share/ament_index/resource_index/packages/lidar_odometry
[0.935s] -- Up-to-date symlink: /home/cev/SLAMv2/install/lidar_odometry/share/lidar_odometry/cmake/lidar_odometryConfig.cmake
[0.936s] -- Up-to-date symlink: /home/cev/SLAMv2/install/lidar_odometry/share/lidar_odometry/cmake/lidar_odometryConfig-version.cmake
[0.939s] -- Up-to-date symlink: /home/cev/SLAMv2/install/lidar_odometry/share/lidar_odometry/package.xml
[1.091s] Invoked command in '/home/cev/SLAMv2/build/lidar_odometry' returned '0': CMAKE_PREFIX_PATH=${CMAKE_PREFIX_PATH}:/opt/ros/humble /usr/bin/cmake --install /home/cev/SLAMv2/build/lidar_odometry
