[0.450s] DEBUG:colcon:Command line arguments: ['/usr/bin/colcon', 'build', '--symlink-install']
[0.451s] DEBUG:colcon:Parsed command line arguments: Namespace(log_base=None, log_level=None, verb_name='build', build_base='build', install_base='install', merge_install=False, symlink_install=True, test_result_base=None, continue_on_error=False, executor='parallel', parallel_workers=4, event_handlers=None, ignore_user_meta=False, metas=['./colcon.meta'], base_paths=['.'], packages_ignore=None, packages_ignore_regex=None, paths=None, packages_up_to=None, packages_up_to_regex=None, packages_above=None, packages_above_and_dependencies=None, packages_above_depth=None, packages_select_by_dep=None, packages_skip_by_dep=None, packages_skip_up_to=None, packages_select_build_failed=False, packages_skip_build_finished=False, packages_select_test_failures=False, packages_skip_test_passed=False, packages_select=None, packages_skip=None, packages_select_regex=None, packages_skip_regex=None, packages_start=None, packages_end=None, allow_overriding=[], cmake_args=None, cmake_target=None, cmake_target_skip_unavailable=False, cmake_clean_cache=False, cmake_clean_first=False, cmake_force_configure=False, ament_cmake_args=None, catkin_cmake_args=None, catkin_skip_building_tests=False, mixin_files=None, mixin=None, verb_parser=<colcon_mixin.mixin.mixin_argument.MixinArgumentDecorator object at 0xffffb99e91b0>, verb_extension=<colcon_core.verb.build.BuildVerb object at 0xffffb9b92110>, main=<bound method BuildVerb.main of <colcon_core.verb.build.BuildVerb object at 0xffffb9b92110>>, mixin_verb=('build',))
[1.273s] Level 1:colcon.colcon_core.package_discovery:discover_packages(colcon_meta) check parameters
[1.273s] Level 1:colcon.colcon_core.package_discovery:discover_packages(recursive) check parameters
[1.274s] Level 1:colcon.colcon_core.package_discovery:discover_packages(ignore) check parameters
[1.274s] Level 1:colcon.colcon_core.package_discovery:discover_packages(path) check parameters
[1.274s] Level 1:colcon.colcon_core.package_discovery:discover_packages(colcon_meta) discover
[1.274s] Level 1:colcon.colcon_core.package_discovery:discover_packages(recursive) discover
[1.274s] INFO:colcon.colcon_core.package_discovery:Crawling recursively for packages in '/home/cev/SLAMv2'
[1.275s] Level 1:colcon.colcon_core.package_identification:_identify(.) by extensions ['ignore', 'ignore_ament_install']
[1.275s] Level 1:colcon.colcon_core.package_identification:_identify(.) by extension 'ignore'
[1.275s] Level 1:colcon.colcon_core.package_identification:_identify(.) by extension 'ignore_ament_install'
[1.276s] Level 1:colcon.colcon_core.package_identification:_identify(.) by extensions ['colcon_pkg']
[1.276s] Level 1:colcon.colcon_core.package_identification:_identify(.) by extension 'colcon_pkg'
[1.276s] Level 1:colcon.colcon_core.package_identification:_identify(.) by extensions ['colcon_meta']
[1.276s] Level 1:colcon.colcon_core.package_identification:_identify(.) by extension 'colcon_meta'
[1.276s] Level 1:colcon.colcon_core.package_identification:_identify(.) by extensions ['ros']
[1.277s] Level 1:colcon.colcon_core.package_identification:_identify(.) by extension 'ros'
[1.320s] Level 1:colcon.colcon_core.package_identification:_identify(.) by extensions ['cmake', 'python']
[1.320s] Level 1:colcon.colcon_core.package_identification:_identify(.) by extension 'cmake'
[1.320s] Level 1:colcon.colcon_core.package_identification:_identify(.) by extension 'python'
[1.320s] Level 1:colcon.colcon_core.package_identification:_identify(.) by extensions ['python_setup_py']
[1.321s] Level 1:colcon.colcon_core.package_identification:_identify(.) by extension 'python_setup_py'
[1.321s] Level 1:colcon.colcon_core.package_identification:_identify(build) by extensions ['ignore', 'ignore_ament_install']
[1.322s] Level 1:colcon.colcon_core.package_identification:_identify(build) by extension 'ignore'
[1.322s] Level 1:colcon.colcon_core.package_identification:_identify(build) ignored
[1.323s] Level 1:colcon.colcon_core.package_identification:_identify(install) by extensions ['ignore', 'ignore_ament_install']
[1.323s] Level 1:colcon.colcon_core.package_identification:_identify(install) by extension 'ignore'
[1.323s] Level 1:colcon.colcon_core.package_identification:_identify(install) ignored
[1.324s] Level 1:colcon.colcon_core.package_identification:_identify(log) by extensions ['ignore', 'ignore_ament_install']
[1.324s] Level 1:colcon.colcon_core.package_identification:_identify(log) by extension 'ignore'
[1.324s] Level 1:colcon.colcon_core.package_identification:_identify(log) ignored
[1.325s] Level 1:colcon.colcon_core.package_identification:_identify(src) by extensions ['ignore', 'ignore_ament_install']
[1.325s] Level 1:colcon.colcon_core.package_identification:_identify(src) by extension 'ignore'
[1.325s] Level 1:colcon.colcon_core.package_identification:_identify(src) by extension 'ignore_ament_install'
[1.326s] Level 1:colcon.colcon_core.package_identification:_identify(src) by extensions ['colcon_pkg']
[1.326s] Level 1:colcon.colcon_core.package_identification:_identify(src) by extension 'colcon_pkg'
[1.326s] Level 1:colcon.colcon_core.package_identification:_identify(src) by extensions ['colcon_meta']
[1.326s] Level 1:colcon.colcon_core.package_identification:_identify(src) by extension 'colcon_meta'
[1.326s] Level 1:colcon.colcon_core.package_identification:_identify(src) by extensions ['ros']
[1.326s] Level 1:colcon.colcon_core.package_identification:_identify(src) by extension 'ros'
[1.327s] Level 1:colcon.colcon_core.package_identification:_identify(src) by extensions ['cmake', 'python']
[1.327s] Level 1:colcon.colcon_core.package_identification:_identify(src) by extension 'cmake'
[1.327s] Level 1:colcon.colcon_core.package_identification:_identify(src) by extension 'python'
[1.327s] Level 1:colcon.colcon_core.package_identification:_identify(src) by extensions ['python_setup_py']
[1.327s] Level 1:colcon.colcon_core.package_identification:_identify(src) by extension 'python_setup_py'
[1.328s] Level 1:colcon.colcon_core.package_identification:_identify(src/cev_lidar_odometry_ros2) by extensions ['ignore', 'ignore_ament_install']
[1.328s] Level 1:colcon.colcon_core.package_identification:_identify(src/cev_lidar_odometry_ros2) by extension 'ignore'
[1.329s] Level 1:colcon.colcon_core.package_identification:_identify(src/cev_lidar_odometry_ros2) by extension 'ignore_ament_install'
[1.329s] Level 1:colcon.colcon_core.package_identification:_identify(src/cev_lidar_odometry_ros2) by extensions ['colcon_pkg']
[1.329s] Level 1:colcon.colcon_core.package_identification:_identify(src/cev_lidar_odometry_ros2) by extension 'colcon_pkg'
[1.329s] Level 1:colcon.colcon_core.package_identification:_identify(src/cev_lidar_odometry_ros2) by extensions ['colcon_meta']
[1.329s] Level 1:colcon.colcon_core.package_identification:_identify(src/cev_lidar_odometry_ros2) by extension 'colcon_meta'
[1.330s] Level 1:colcon.colcon_core.package_identification:_identify(src/cev_lidar_odometry_ros2) by extensions ['ros']
[1.330s] Level 1:colcon.colcon_core.package_identification:_identify(src/cev_lidar_odometry_ros2) by extension 'ros'
[1.339s] DEBUG:colcon.colcon_core.package_identification:Package 'src/cev_lidar_odometry_ros2' with type 'ros.ament_cmake' and name 'lidar_odometry'
[1.339s] Level 1:colcon.colcon_core.package_identification:_identify(src/cev_pose_graph_slam) by extensions ['ignore', 'ignore_ament_install']
[1.340s] Level 1:colcon.colcon_core.package_identification:_identify(src/cev_pose_graph_slam) by extension 'ignore'
[1.340s] Level 1:colcon.colcon_core.package_identification:_identify(src/cev_pose_graph_slam) by extension 'ignore_ament_install'
[1.340s] Level 1:colcon.colcon_core.package_identification:_identify(src/cev_pose_graph_slam) by extensions ['colcon_pkg']
[1.340s] Level 1:colcon.colcon_core.package_identification:_identify(src/cev_pose_graph_slam) by extension 'colcon_pkg'
[1.341s] Level 1:colcon.colcon_core.package_identification:_identify(src/cev_pose_graph_slam) by extensions ['colcon_meta']
[1.341s] Level 1:colcon.colcon_core.package_identification:_identify(src/cev_pose_graph_slam) by extension 'colcon_meta'
[1.341s] Level 1:colcon.colcon_core.package_identification:_identify(src/cev_pose_graph_slam) by extensions ['ros']
[1.341s] Level 1:colcon.colcon_core.package_identification:_identify(src/cev_pose_graph_slam) by extension 'ros'
[1.344s] DEBUG:colcon.colcon_core.package_identification:Package 'src/cev_pose_graph_slam' with type 'ros.ament_cmake' and name 'cev_pose_graph_slam'
[1.345s] Level 1:colcon.colcon_core.package_identification:_identify(src/icp) by extensions ['ignore', 'ignore_ament_install']
[1.346s] Level 1:colcon.colcon_core.package_identification:_identify(src/icp) by extension 'ignore'
[1.346s] Level 1:colcon.colcon_core.package_identification:_identify(src/icp) ignored
[1.346s] Level 1:colcon.colcon_core.package_identification:_identify(src/script) by extensions ['ignore', 'ignore_ament_install']
[1.347s] Level 1:colcon.colcon_core.package_identification:_identify(src/script) by extension 'ignore'
[1.347s] Level 1:colcon.colcon_core.package_identification:_identify(src/script) by extension 'ignore_ament_install'
[1.347s] Level 1:colcon.colcon_core.package_identification:_identify(src/script) by extensions ['colcon_pkg']
[1.347s] Level 1:colcon.colcon_core.package_identification:_identify(src/script) by extension 'colcon_pkg'
[1.348s] Level 1:colcon.colcon_core.package_identification:_identify(src/script) by extensions ['colcon_meta']
[1.348s] Level 1:colcon.colcon_core.package_identification:_identify(src/script) by extension 'colcon_meta'
[1.348s] Level 1:colcon.colcon_core.package_identification:_identify(src/script) by extensions ['ros']
[1.348s] Level 1:colcon.colcon_core.package_identification:_identify(src/script) by extension 'ros'
[1.348s] Level 1:colcon.colcon_core.package_identification:_identify(src/script) by extensions ['cmake', 'python']
[1.349s] Level 1:colcon.colcon_core.package_identification:_identify(src/script) by extension 'cmake'
[1.349s] Level 1:colcon.colcon_core.package_identification:_identify(src/script) by extension 'python'
[1.349s] Level 1:colcon.colcon_core.package_identification:_identify(src/script) by extensions ['python_setup_py']
[1.349s] Level 1:colcon.colcon_core.package_identification:_identify(src/script) by extension 'python_setup_py'
[1.350s] Level 1:colcon.colcon_core.package_identification:_identify(src/witmotion_ros2) by extensions ['ignore', 'ignore_ament_install']
[1.351s] Level 1:colcon.colcon_core.package_identification:_identify(src/witmotion_ros2) by extension 'ignore'
[1.351s] Level 1:colcon.colcon_core.package_identification:_identify(src/witmotion_ros2) by extension 'ignore_ament_install'
[1.351s] Level 1:colcon.colcon_core.package_identification:_identify(src/witmotion_ros2) by extensions ['colcon_pkg']
[1.352s] Level 1:colcon.colcon_core.package_identification:_identify(src/witmotion_ros2) by extension 'colcon_pkg'
[1.352s] Level 1:colcon.colcon_core.package_identification:_identify(src/witmotion_ros2) by extensions ['colcon_meta']
[1.352s] Level 1:colcon.colcon_core.package_identification:_identify(src/witmotion_ros2) by extension 'colcon_meta'
[1.352s] Level 1:colcon.colcon_core.package_identification:_identify(src/witmotion_ros2) by extensions ['ros']
[1.352s] Level 1:colcon.colcon_core.package_identification:_identify(src/witmotion_ros2) by extension 'ros'
[1.356s] DEBUG:colcon.colcon_core.package_identification:Package 'src/witmotion_ros2' with type 'ros.ament_cmake' and name 'witmotion_ros2'
[1.357s] Level 1:colcon.colcon_core.package_identification:_identify(tmp) by extensions ['ignore', 'ignore_ament_install']
[1.357s] Level 1:colcon.colcon_core.package_identification:_identify(tmp) by extension 'ignore'
[1.358s] Level 1:colcon.colcon_core.package_identification:_identify(tmp) by extension 'ignore_ament_install'
[1.358s] Level 1:colcon.colcon_core.package_identification:_identify(tmp) by extensions ['colcon_pkg']
[1.358s] Level 1:colcon.colcon_core.package_identification:_identify(tmp) by extension 'colcon_pkg'
[1.358s] Level 1:colcon.colcon_core.package_identification:_identify(tmp) by extensions ['colcon_meta']
[1.358s] Level 1:colcon.colcon_core.package_identification:_identify(tmp) by extension 'colcon_meta'
[1.359s] Level 1:colcon.colcon_core.package_identification:_identify(tmp) by extensions ['ros']
[1.359s] Level 1:colcon.colcon_core.package_identification:_identify(tmp) by extension 'ros'
[1.359s] Level 1:colcon.colcon_core.package_identification:_identify(tmp) by extensions ['cmake', 'python']
[1.359s] Level 1:colcon.colcon_core.package_identification:_identify(tmp) by extension 'cmake'
[1.359s] Level 1:colcon.colcon_core.package_identification:_identify(tmp) by extension 'python'
[1.360s] Level 1:colcon.colcon_core.package_identification:_identify(tmp) by extensions ['python_setup_py']
[1.360s] Level 1:colcon.colcon_core.package_identification:_identify(tmp) by extension 'python_setup_py'
[1.360s] Level 1:colcon.colcon_core.package_discovery:discover_packages(recursive) using defaults
[1.360s] Level 1:colcon.colcon_core.package_discovery:discover_packages(ignore) discover
[1.360s] Level 1:colcon.colcon_core.package_discovery:discover_packages(ignore) using defaults
[1.360s] Level 1:colcon.colcon_core.package_discovery:discover_packages(path) discover
[1.361s] Level 1:colcon.colcon_core.package_discovery:discover_packages(path) using defaults
[1.475s] Level 1:colcon.colcon_core.package_discovery:discover_packages(prefix_path) check parameters
[1.475s] Level 1:colcon.colcon_core.package_discovery:discover_packages(prefix_path) discover
[1.484s] DEBUG:colcon.colcon_installed_package_information.package_discovery:Found 3 installed packages in /home/cev/SLAMv2/install
[1.493s] DEBUG:colcon.colcon_installed_package_information.package_discovery:Found 279 installed packages in /opt/ros/humble
[1.499s] Level 1:colcon.colcon_core.package_discovery:discover_packages(prefix_path) using defaults
[1.668s] Level 5:colcon.colcon_core.verb:set package 'cev_pose_graph_slam' build argument 'cmake_args' from command line to 'None'
[1.669s] Level 5:colcon.colcon_core.verb:set package 'cev_pose_graph_slam' build argument 'cmake_target' from command line to 'None'
[1.669s] Level 5:colcon.colcon_core.verb:set package 'cev_pose_graph_slam' build argument 'cmake_target_skip_unavailable' from command line to 'False'
[1.669s] Level 5:colcon.colcon_core.verb:set package 'cev_pose_graph_slam' build argument 'cmake_clean_cache' from command line to 'False'
[1.669s] Level 5:colcon.colcon_core.verb:set package 'cev_pose_graph_slam' build argument 'cmake_clean_first' from command line to 'False'
[1.669s] Level 5:colcon.colcon_core.verb:set package 'cev_pose_graph_slam' build argument 'cmake_force_configure' from command line to 'False'
[1.669s] Level 5:colcon.colcon_core.verb:set package 'cev_pose_graph_slam' build argument 'ament_cmake_args' from command line to 'None'
[1.669s] Level 5:colcon.colcon_core.verb:set package 'cev_pose_graph_slam' build argument 'catkin_cmake_args' from command line to 'None'
[1.670s] Level 5:colcon.colcon_core.verb:set package 'cev_pose_graph_slam' build argument 'catkin_skip_building_tests' from command line to 'False'
[1.670s] DEBUG:colcon.colcon_core.verb:Building package 'cev_pose_graph_slam' with the following arguments: {'ament_cmake_args': None, 'build_base': '/home/cev/SLAMv2/build/cev_pose_graph_slam', 'catkin_cmake_args': None, 'catkin_skip_building_tests': False, 'cmake_args': None, 'cmake_clean_cache': False, 'cmake_clean_first': False, 'cmake_force_configure': False, 'cmake_target': None, 'cmake_target_skip_unavailable': False, 'install_base': '/home/cev/SLAMv2/install/cev_pose_graph_slam', 'merge_install': False, 'path': '/home/cev/SLAMv2/src/cev_pose_graph_slam', 'symlink_install': True, 'test_result_base': None}
[1.671s] Level 5:colcon.colcon_core.verb:set package 'lidar_odometry' build argument 'cmake_args' from command line to 'None'
[1.671s] Level 5:colcon.colcon_core.verb:set package 'lidar_odometry' build argument 'cmake_target' from command line to 'None'
[1.672s] Level 5:colcon.colcon_core.verb:set package 'lidar_odometry' build argument 'cmake_target_skip_unavailable' from command line to 'False'
[1.672s] Level 5:colcon.colcon_core.verb:set package 'lidar_odometry' build argument 'cmake_clean_cache' from command line to 'False'
[1.672s] Level 5:colcon.colcon_core.verb:set package 'lidar_odometry' build argument 'cmake_clean_first' from command line to 'False'
[1.672s] Level 5:colcon.colcon_core.verb:set package 'lidar_odometry' build argument 'cmake_force_configure' from command line to 'False'
[1.672s] Level 5:colcon.colcon_core.verb:set package 'lidar_odometry' build argument 'ament_cmake_args' from command line to 'None'
[1.672s] Level 5:colcon.colcon_core.verb:set package 'lidar_odometry' build argument 'catkin_cmake_args' from command line to 'None'
[1.672s] Level 5:colcon.colcon_core.verb:set package 'lidar_odometry' build argument 'catkin_skip_building_tests' from command line to 'False'
[1.672s] DEBUG:colcon.colcon_core.verb:Building package 'lidar_odometry' with the following arguments: {'ament_cmake_args': None, 'build_base': '/home/cev/SLAMv2/build/lidar_odometry', 'catkin_cmake_args': None, 'catkin_skip_building_tests': False, 'cmake_args': None, 'cmake_clean_cache': False, 'cmake_clean_first': False, 'cmake_force_configure': False, 'cmake_target': None, 'cmake_target_skip_unavailable': False, 'install_base': '/home/cev/SLAMv2/install/lidar_odometry', 'merge_install': False, 'path': '/home/cev/SLAMv2/src/cev_lidar_odometry_ros2', 'symlink_install': True, 'test_result_base': None}
[1.674s] Level 5:colcon.colcon_core.verb:set package 'witmotion_ros2' build argument 'cmake_args' from command line to 'None'
[1.674s] Level 5:colcon.colcon_core.verb:set package 'witmotion_ros2' build argument 'cmake_target' from command line to 'None'
[1.674s] Level 5:colcon.colcon_core.verb:set package 'witmotion_ros2' build argument 'cmake_target_skip_unavailable' from command line to 'False'
[1.674s] Level 5:colcon.colcon_core.verb:set package 'witmotion_ros2' build argument 'cmake_clean_cache' from command line to 'False'
[1.675s] Level 5:colcon.colcon_core.verb:set package 'witmotion_ros2' build argument 'cmake_clean_first' from command line to 'False'
[1.675s] Level 5:colcon.colcon_core.verb:set package 'witmotion_ros2' build argument 'cmake_force_configure' from command line to 'False'
[1.675s] Level 5:colcon.colcon_core.verb:set package 'witmotion_ros2' build argument 'ament_cmake_args' from command line to 'None'
[1.675s] Level 5:colcon.colcon_core.verb:set package 'witmotion_ros2' build argument 'catkin_cmake_args' from command line to 'None'
[1.675s] Level 5:colcon.colcon_core.verb:set package 'witmotion_ros2' build argument 'catkin_skip_building_tests' from command line to 'False'
[1.675s] DEBUG:colcon.colcon_core.verb:Building package 'witmotion_ros2' with the following arguments: {'ament_cmake_args': None, 'build_base': '/home/cev/SLAMv2/build/witmotion_ros2', 'catkin_cmake_args': None, 'catkin_skip_building_tests': False, 'cmake_args': None, 'cmake_clean_cache': False, 'cmake_clean_first': False, 'cmake_force_configure': False, 'cmake_target': None, 'cmake_target_skip_unavailable': False, 'install_base': '/home/cev/SLAMv2/install/witmotion_ros2', 'merge_install': False, 'path': '/home/cev/SLAMv2/src/witmotion_ros2', 'symlink_install': True, 'test_result_base': None}
[1.676s] INFO:colcon.colcon_core.executor:Executing jobs using 'parallel' executor
[1.679s] DEBUG:colcon.colcon_parallel_executor.executor.parallel:run_until_complete
[1.680s] INFO:colcon.colcon_ros.task.ament_cmake.build:Building ROS package in '/home/cev/SLAMv2/src/cev_pose_graph_slam' with build type 'ament_cmake'
[1.681s] INFO:colcon.colcon_cmake.task.cmake.build:Building CMake package in '/home/cev/SLAMv2/src/cev_pose_graph_slam'
[1.690s] INFO:colcon.colcon_core.plugin_system:Skipping extension 'colcon_core.shell.bat': Not used on non-Windows systems
[1.691s] INFO:colcon.colcon_core.shell:Skip shell extension 'powershell' for command environment: Not usable outside of PowerShell
[1.691s] DEBUG:colcon.colcon_core.shell:Skip shell extension 'dsv' for command environment
[1.710s] INFO:colcon.colcon_ros.task.ament_cmake.build:Building ROS package in '/home/cev/SLAMv2/src/cev_lidar_odometry_ros2' with build type 'ament_cmake'
[1.711s] INFO:colcon.colcon_cmake.task.cmake.build:Building CMake package in '/home/cev/SLAMv2/src/cev_lidar_odometry_ros2'
[1.712s] INFO:colcon.colcon_core.shell:Skip shell extension 'powershell' for command environment: Not usable outside of PowerShell
[1.713s] DEBUG:colcon.colcon_core.shell:Skip shell extension 'dsv' for command environment
[1.733s] INFO:colcon.colcon_ros.task.ament_cmake.build:Building ROS package in '/home/cev/SLAMv2/src/witmotion_ros2' with build type 'ament_cmake'
[1.733s] INFO:colcon.colcon_cmake.task.cmake.build:Building CMake package in '/home/cev/SLAMv2/src/witmotion_ros2'
[1.734s] INFO:colcon.colcon_core.shell:Skip shell extension 'powershell' for command environment: Not usable outside of PowerShell
[1.735s] DEBUG:colcon.colcon_core.shell:Skip shell extension 'dsv' for command environment
[1.770s] DEBUG:colcon.colcon_core.event_handler.log_command:Invoking command in '/home/cev/SLAMv2/build/cev_pose_graph_slam': CMAKE_PREFIX_PATH=${CMAKE_PREFIX_PATH}:/opt/ros/humble /usr/bin/cmake --build /home/cev/SLAMv2/build/cev_pose_graph_slam -- -j4 -l4
[1.800s] DEBUG:colcon.colcon_core.event_handler.log_command:Invoking command in '/home/cev/SLAMv2/build/lidar_odometry': CMAKE_PREFIX_PATH=${CMAKE_PREFIX_PATH}:/opt/ros/humble /usr/bin/cmake --build /home/cev/SLAMv2/build/lidar_odometry -- -j4 -l4
[1.819s] DEBUG:colcon.colcon_core.event_handler.log_command:Invoking command in '/home/cev/SLAMv2/build/witmotion_ros2': CMAKE_PREFIX_PATH=${CMAKE_PREFIX_PATH}:/opt/ros/humble /usr/bin/cmake --build /home/cev/SLAMv2/build/witmotion_ros2 -- -j4 -l4
[2.093s] DEBUG:colcon.colcon_core.event_handler.log_command:Invoked command in '/home/cev/SLAMv2/build/cev_pose_graph_slam' returned '0': CMAKE_PREFIX_PATH=${CMAKE_PREFIX_PATH}:/opt/ros/humble /usr/bin/cmake --build /home/cev/SLAMv2/build/cev_pose_graph_slam -- -j4 -l4
[2.139s] DEBUG:colcon.colcon_core.event_handler.log_command:Invoking command in '/home/cev/SLAMv2/build/cev_pose_graph_slam': CMAKE_PREFIX_PATH=${CMAKE_PREFIX_PATH}:/opt/ros/humble /usr/bin/cmake --install /home/cev/SLAMv2/build/cev_pose_graph_slam
[2.164s] DEBUG:colcon.colcon_core.event_handler.log_command:Invoked command in '/home/cev/SLAMv2/build/witmotion_ros2' returned '0': CMAKE_PREFIX_PATH=${CMAKE_PREFIX_PATH}:/opt/ros/humble /usr/bin/cmake --build /home/cev/SLAMv2/build/witmotion_ros2 -- -j4 -l4
[2.173s] DEBUG:colcon.colcon_core.event_handler.log_command:Invoking command in '/home/cev/SLAMv2/build/witmotion_ros2': CMAKE_PREFIX_PATH=${CMAKE_PREFIX_PATH}:/opt/ros/humble /usr/bin/cmake --install /home/cev/SLAMv2/build/witmotion_ros2
[2.232s] Level 1:colcon.colcon_core.environment:create_environment_scripts_only(cev_pose_graph_slam)
[2.256s] DEBUG:colcon.colcon_core.event_handler.log_command:Invoked command in '/home/cev/SLAMv2/build/cev_pose_graph_slam' returned '0': CMAKE_PREFIX_PATH=${CMAKE_PREFIX_PATH}:/opt/ros/humble /usr/bin/cmake --install /home/cev/SLAMv2/build/cev_pose_graph_slam
[2.261s] Level 1:colcon.colcon_core.environment:checking '/home/cev/SLAMv2/install/cev_pose_graph_slam' for CMake module files
[2.267s] Level 1:colcon.colcon_core.environment:checking '/home/cev/SLAMv2/install/cev_pose_graph_slam' for CMake config files
[2.271s] Level 1:colcon.colcon_core.shell:create_environment_hook('cev_pose_graph_slam', 'cmake_prefix_path')
[2.272s] INFO:colcon.colcon_core.shell:Creating environment hook '/home/cev/SLAMv2/install/cev_pose_graph_slam/share/cev_pose_graph_slam/hook/cmake_prefix_path.ps1'
[2.275s] INFO:colcon.colcon_core.shell:Creating environment descriptor '/home/cev/SLAMv2/install/cev_pose_graph_slam/share/cev_pose_graph_slam/hook/cmake_prefix_path.dsv'
[2.277s] INFO:colcon.colcon_core.shell:Creating environment hook '/home/cev/SLAMv2/install/cev_pose_graph_slam/share/cev_pose_graph_slam/hook/cmake_prefix_path.sh'
[2.283s] Level 1:colcon.colcon_core.environment:checking '/home/cev/SLAMv2/install/cev_pose_graph_slam/lib'
[2.284s] Level 1:colcon.colcon_core.environment:checking '/home/cev/SLAMv2/install/cev_pose_graph_slam/bin'
[2.284s] Level 1:colcon.colcon_core.environment:checking '/home/cev/SLAMv2/install/cev_pose_graph_slam/lib/pkgconfig/cev_pose_graph_slam.pc'
[2.285s] Level 1:colcon.colcon_core.environment:checking '/home/cev/SLAMv2/install/cev_pose_graph_slam/lib/python3.10/site-packages'
[2.287s] Level 1:colcon.colcon_core.environment:checking '/home/cev/SLAMv2/install/cev_pose_graph_slam/bin'
[2.289s] INFO:colcon.colcon_core.shell:Creating package script '/home/cev/SLAMv2/install/cev_pose_graph_slam/share/cev_pose_graph_slam/package.ps1'
[2.293s] INFO:colcon.colcon_core.shell:Creating package descriptor '/home/cev/SLAMv2/install/cev_pose_graph_slam/share/cev_pose_graph_slam/package.dsv'
[2.295s] INFO:colcon.colcon_core.shell:Creating package script '/home/cev/SLAMv2/install/cev_pose_graph_slam/share/cev_pose_graph_slam/package.sh'
[2.299s] INFO:colcon.colcon_core.shell:Creating package script '/home/cev/SLAMv2/install/cev_pose_graph_slam/share/cev_pose_graph_slam/package.bash'
[2.302s] INFO:colcon.colcon_core.shell:Creating package script '/home/cev/SLAMv2/install/cev_pose_graph_slam/share/cev_pose_graph_slam/package.zsh'
[2.305s] Level 1:colcon.colcon_core.environment:create_file_with_runtime_dependencies(/home/cev/SLAMv2/install/cev_pose_graph_slam/share/colcon-core/packages/cev_pose_graph_slam)
[2.308s] Level 1:colcon.colcon_core.environment:create_environment_scripts_only(cev_pose_graph_slam)
[2.309s] Level 1:colcon.colcon_core.environment:checking '/home/cev/SLAMv2/install/cev_pose_graph_slam' for CMake module files
[2.311s] Level 1:colcon.colcon_core.environment:checking '/home/cev/SLAMv2/install/cev_pose_graph_slam' for CMake config files
[2.313s] Level 1:colcon.colcon_core.shell:create_environment_hook('cev_pose_graph_slam', 'cmake_prefix_path')
[2.314s] INFO:colcon.colcon_core.shell:Creating environment hook '/home/cev/SLAMv2/install/cev_pose_graph_slam/share/cev_pose_graph_slam/hook/cmake_prefix_path.ps1'
[2.316s] INFO:colcon.colcon_core.shell:Creating environment descriptor '/home/cev/SLAMv2/install/cev_pose_graph_slam/share/cev_pose_graph_slam/hook/cmake_prefix_path.dsv'
[2.318s] INFO:colcon.colcon_core.shell:Creating environment hook '/home/cev/SLAMv2/install/cev_pose_graph_slam/share/cev_pose_graph_slam/hook/cmake_prefix_path.sh'
[2.321s] Level 1:colcon.colcon_core.environment:checking '/home/cev/SLAMv2/install/cev_pose_graph_slam/lib'
[2.321s] Level 1:colcon.colcon_core.environment:checking '/home/cev/SLAMv2/install/cev_pose_graph_slam/bin'
[2.321s] Level 1:colcon.colcon_core.environment:checking '/home/cev/SLAMv2/install/cev_pose_graph_slam/lib/pkgconfig/cev_pose_graph_slam.pc'
[2.322s] Level 1:colcon.colcon_core.environment:checking '/home/cev/SLAMv2/install/cev_pose_graph_slam/lib/python3.10/site-packages'
[2.324s] Level 1:colcon.colcon_core.environment:checking '/home/cev/SLAMv2/install/cev_pose_graph_slam/bin'
[2.325s] INFO:colcon.colcon_core.shell:Creating package script '/home/cev/SLAMv2/install/cev_pose_graph_slam/share/cev_pose_graph_slam/package.ps1'
[2.327s] INFO:colcon.colcon_core.shell:Creating package descriptor '/home/cev/SLAMv2/install/cev_pose_graph_slam/share/cev_pose_graph_slam/package.dsv'
[2.330s] INFO:colcon.colcon_core.shell:Creating package script '/home/cev/SLAMv2/install/cev_pose_graph_slam/share/cev_pose_graph_slam/package.sh'
[2.332s] INFO:colcon.colcon_core.shell:Creating package script '/home/cev/SLAMv2/install/cev_pose_graph_slam/share/cev_pose_graph_slam/package.bash'
[2.334s] INFO:colcon.colcon_core.shell:Creating package script '/home/cev/SLAMv2/install/cev_pose_graph_slam/share/cev_pose_graph_slam/package.zsh'
[2.337s] Level 1:colcon.colcon_core.environment:create_file_with_runtime_dependencies(/home/cev/SLAMv2/install/cev_pose_graph_slam/share/colcon-core/packages/cev_pose_graph_slam)
[2.343s] DEBUG:colcon.colcon_core.event_handler.log_command:Invoked command in '/home/cev/SLAMv2/build/lidar_odometry' returned '0': CMAKE_PREFIX_PATH=${CMAKE_PREFIX_PATH}:/opt/ros/humble /usr/bin/cmake --build /home/cev/SLAMv2/build/lidar_odometry -- -j4 -l4
[2.352s] DEBUG:colcon.colcon_core.event_handler.log_command:Invoking command in '/home/cev/SLAMv2/build/lidar_odometry': CMAKE_PREFIX_PATH=${CMAKE_PREFIX_PATH}:/opt/ros/humble /usr/bin/cmake --install /home/cev/SLAMv2/build/lidar_odometry
[2.354s] Level 1:colcon.colcon_core.environment:create_environment_scripts_only(witmotion_ros2)
[2.356s] Level 1:colcon.colcon_core.environment:checking '/home/cev/SLAMv2/install/witmotion_ros2' for CMake module files
[2.358s] DEBUG:colcon.colcon_core.event_handler.log_command:Invoked command in '/home/cev/SLAMv2/build/witmotion_ros2' returned '0': CMAKE_PREFIX_PATH=${CMAKE_PREFIX_PATH}:/opt/ros/humble /usr/bin/cmake --install /home/cev/SLAMv2/build/witmotion_ros2
[2.362s] Level 1:colcon.colcon_core.environment:checking '/home/cev/SLAMv2/install/witmotion_ros2' for CMake config files
[2.364s] Level 1:colcon.colcon_core.shell:create_environment_hook('witmotion_ros2', 'cmake_prefix_path')
[2.365s] INFO:colcon.colcon_core.shell:Creating environment hook '/home/cev/SLAMv2/install/witmotion_ros2/share/witmotion_ros2/hook/cmake_prefix_path.ps1'
[2.368s] INFO:colcon.colcon_core.shell:Creating environment descriptor '/home/cev/SLAMv2/install/witmotion_ros2/share/witmotion_ros2/hook/cmake_prefix_path.dsv'
[2.370s] INFO:colcon.colcon_core.shell:Creating environment hook '/home/cev/SLAMv2/install/witmotion_ros2/share/witmotion_ros2/hook/cmake_prefix_path.sh'
[2.374s] Level 1:colcon.colcon_core.environment:checking '/home/cev/SLAMv2/install/witmotion_ros2/lib'
[2.374s] Level 1:colcon.colcon_core.environment:checking '/home/cev/SLAMv2/install/witmotion_ros2/bin'
[2.375s] Level 1:colcon.colcon_core.environment:checking '/home/cev/SLAMv2/install/witmotion_ros2/lib/pkgconfig/witmotion_ros2.pc'
[2.376s] Level 1:colcon.colcon_core.environment:checking '/home/cev/SLAMv2/install/witmotion_ros2/lib/python3.10/site-packages'
[2.378s] Level 1:colcon.colcon_core.environment:checking '/home/cev/SLAMv2/install/witmotion_ros2/bin'
[2.379s] INFO:colcon.colcon_core.shell:Creating package script '/home/cev/SLAMv2/install/witmotion_ros2/share/witmotion_ros2/package.ps1'
[2.383s] INFO:colcon.colcon_core.shell:Creating package descriptor '/home/cev/SLAMv2/install/witmotion_ros2/share/witmotion_ros2/package.dsv'
[2.387s] INFO:colcon.colcon_core.shell:Creating package script '/home/cev/SLAMv2/install/witmotion_ros2/share/witmotion_ros2/package.sh'
[2.393s] INFO:colcon.colcon_core.shell:Creating package script '/home/cev/SLAMv2/install/witmotion_ros2/share/witmotion_ros2/package.bash'
[2.397s] INFO:colcon.colcon_core.shell:Creating package script '/home/cev/SLAMv2/install/witmotion_ros2/share/witmotion_ros2/package.zsh'
[2.402s] Level 1:colcon.colcon_core.environment:create_file_with_runtime_dependencies(/home/cev/SLAMv2/install/witmotion_ros2/share/colcon-core/packages/witmotion_ros2)
[2.407s] Level 1:colcon.colcon_core.environment:create_environment_scripts_only(witmotion_ros2)
[2.409s] Level 1:colcon.colcon_core.environment:checking '/home/cev/SLAMv2/install/witmotion_ros2' for CMake module files
[2.413s] Level 1:colcon.colcon_core.environment:checking '/home/cev/SLAMv2/install/witmotion_ros2' for CMake config files
[2.416s] Level 1:colcon.colcon_core.shell:create_environment_hook('witmotion_ros2', 'cmake_prefix_path')
[2.417s] INFO:colcon.colcon_core.shell:Creating environment hook '/home/cev/SLAMv2/install/witmotion_ros2/share/witmotion_ros2/hook/cmake_prefix_path.ps1'
[2.420s] INFO:colcon.colcon_core.shell:Creating environment descriptor '/home/cev/SLAMv2/install/witmotion_ros2/share/witmotion_ros2/hook/cmake_prefix_path.dsv'
[2.422s] INFO:colcon.colcon_core.shell:Creating environment hook '/home/cev/SLAMv2/install/witmotion_ros2/share/witmotion_ros2/hook/cmake_prefix_path.sh'
[2.426s] Level 1:colcon.colcon_core.environment:checking '/home/cev/SLAMv2/install/witmotion_ros2/lib'
[2.427s] Level 1:colcon.colcon_core.environment:checking '/home/cev/SLAMv2/install/witmotion_ros2/bin'
[2.428s] Level 1:colcon.colcon_core.environment:checking '/home/cev/SLAMv2/install/witmotion_ros2/lib/pkgconfig/witmotion_ros2.pc'
[2.429s] Level 1:colcon.colcon_core.environment:checking '/home/cev/SLAMv2/install/witmotion_ros2/lib/python3.10/site-packages'
[2.431s] Level 1:colcon.colcon_core.environment:checking '/home/cev/SLAMv2/install/witmotion_ros2/bin'
[2.432s] INFO:colcon.colcon_core.shell:Creating package script '/home/cev/SLAMv2/install/witmotion_ros2/share/witmotion_ros2/package.ps1'
[2.435s] INFO:colcon.colcon_core.shell:Creating package descriptor '/home/cev/SLAMv2/install/witmotion_ros2/share/witmotion_ros2/package.dsv'
[2.438s] INFO:colcon.colcon_core.shell:Creating package script '/home/cev/SLAMv2/install/witmotion_ros2/share/witmotion_ros2/package.sh'
[2.442s] INFO:colcon.colcon_core.shell:Creating package script '/home/cev/SLAMv2/install/witmotion_ros2/share/witmotion_ros2/package.bash'
[2.446s] INFO:colcon.colcon_core.shell:Creating package script '/home/cev/SLAMv2/install/witmotion_ros2/share/witmotion_ros2/package.zsh'
[2.448s] Level 1:colcon.colcon_core.environment:create_file_with_runtime_dependencies(/home/cev/SLAMv2/install/witmotion_ros2/share/colcon-core/packages/witmotion_ros2)
[2.452s] Level 1:colcon.colcon_core.environment:create_environment_scripts_only(lidar_odometry)
[2.453s] Level 1:colcon.colcon_core.environment:checking '/home/cev/SLAMv2/install/lidar_odometry' for CMake module files
[2.456s] DEBUG:colcon.colcon_core.event_handler.log_command:Invoked command in '/home/cev/SLAMv2/build/lidar_odometry' returned '0': CMAKE_PREFIX_PATH=${CMAKE_PREFIX_PATH}:/opt/ros/humble /usr/bin/cmake --install /home/cev/SLAMv2/build/lidar_odometry
[2.458s] Level 1:colcon.colcon_core.environment:checking '/home/cev/SLAMv2/install/lidar_odometry' for CMake config files
[2.461s] Level 1:colcon.colcon_core.shell:create_environment_hook('lidar_odometry', 'cmake_prefix_path')
[2.462s] INFO:colcon.colcon_core.shell:Creating environment hook '/home/cev/SLAMv2/install/lidar_odometry/share/lidar_odometry/hook/cmake_prefix_path.ps1'
[2.464s] INFO:colcon.colcon_core.shell:Creating environment descriptor '/home/cev/SLAMv2/install/lidar_odometry/share/lidar_odometry/hook/cmake_prefix_path.dsv'
[2.466s] INFO:colcon.colcon_core.shell:Creating environment hook '/home/cev/SLAMv2/install/lidar_odometry/share/lidar_odometry/hook/cmake_prefix_path.sh'
[2.469s] Level 1:colcon.colcon_core.environment:checking '/home/cev/SLAMv2/install/lidar_odometry/lib'
[2.469s] Level 1:colcon.colcon_core.environment:checking '/home/cev/SLAMv2/install/lidar_odometry/bin'
[2.470s] Level 1:colcon.colcon_core.environment:checking '/home/cev/SLAMv2/install/lidar_odometry/lib/pkgconfig/lidar_odometry.pc'
[2.471s] Level 1:colcon.colcon_core.environment:checking '/home/cev/SLAMv2/install/lidar_odometry/lib/python3.10/site-packages'
[2.472s] Level 1:colcon.colcon_core.environment:checking '/home/cev/SLAMv2/install/lidar_odometry/bin'
[2.473s] INFO:colcon.colcon_core.shell:Creating package script '/home/cev/SLAMv2/install/lidar_odometry/share/lidar_odometry/package.ps1'
[2.475s] INFO:colcon.colcon_core.shell:Creating package descriptor '/home/cev/SLAMv2/install/lidar_odometry/share/lidar_odometry/package.dsv'
[2.477s] INFO:colcon.colcon_core.shell:Creating package script '/home/cev/SLAMv2/install/lidar_odometry/share/lidar_odometry/package.sh'
[2.480s] INFO:colcon.colcon_core.shell:Creating package script '/home/cev/SLAMv2/install/lidar_odometry/share/lidar_odometry/package.bash'
[2.482s] INFO:colcon.colcon_core.shell:Creating package script '/home/cev/SLAMv2/install/lidar_odometry/share/lidar_odometry/package.zsh'
[2.484s] Level 1:colcon.colcon_core.environment:create_file_with_runtime_dependencies(/home/cev/SLAMv2/install/lidar_odometry/share/colcon-core/packages/lidar_odometry)
[2.487s] Level 1:colcon.colcon_core.environment:create_environment_scripts_only(lidar_odometry)
[2.488s] Level 1:colcon.colcon_core.environment:checking '/home/cev/SLAMv2/install/lidar_odometry' for CMake module files
[2.491s] Level 1:colcon.colcon_core.environment:checking '/home/cev/SLAMv2/install/lidar_odometry' for CMake config files
[2.493s] Level 1:colcon.colcon_core.shell:create_environment_hook('lidar_odometry', 'cmake_prefix_path')
[2.494s] INFO:colcon.colcon_core.shell:Creating environment hook '/home/cev/SLAMv2/install/lidar_odometry/share/lidar_odometry/hook/cmake_prefix_path.ps1'
[2.496s] INFO:colcon.colcon_core.shell:Creating environment descriptor '/home/cev/SLAMv2/install/lidar_odometry/share/lidar_odometry/hook/cmake_prefix_path.dsv'
[2.497s] INFO:colcon.colcon_core.shell:Creating environment hook '/home/cev/SLAMv2/install/lidar_odometry/share/lidar_odometry/hook/cmake_prefix_path.sh'
[2.500s] Level 1:colcon.colcon_core.environment:checking '/home/cev/SLAMv2/install/lidar_odometry/lib'
[2.501s] Level 1:colcon.colcon_core.environment:checking '/home/cev/SLAMv2/install/lidar_odometry/bin'
[2.501s] Level 1:colcon.colcon_core.environment:checking '/home/cev/SLAMv2/install/lidar_odometry/lib/pkgconfig/lidar_odometry.pc'
[2.502s] Level 1:colcon.colcon_core.environment:checking '/home/cev/SLAMv2/install/lidar_odometry/lib/python3.10/site-packages'
[2.503s] Level 1:colcon.colcon_core.environment:checking '/home/cev/SLAMv2/install/lidar_odometry/bin'
[2.504s] INFO:colcon.colcon_core.shell:Creating package script '/home/cev/SLAMv2/install/lidar_odometry/share/lidar_odometry/package.ps1'
[2.507s] INFO:colcon.colcon_core.shell:Creating package descriptor '/home/cev/SLAMv2/install/lidar_odometry/share/lidar_odometry/package.dsv'
[2.509s] INFO:colcon.colcon_core.shell:Creating package script '/home/cev/SLAMv2/install/lidar_odometry/share/lidar_odometry/package.sh'
[2.511s] INFO:colcon.colcon_core.shell:Creating package script '/home/cev/SLAMv2/install/lidar_odometry/share/lidar_odometry/package.bash'
[2.513s] INFO:colcon.colcon_core.shell:Creating package script '/home/cev/SLAMv2/install/lidar_odometry/share/lidar_odometry/package.zsh'
[2.515s] Level 1:colcon.colcon_core.environment:create_file_with_runtime_dependencies(/home/cev/SLAMv2/install/lidar_odometry/share/colcon-core/packages/lidar_odometry)
[2.516s] DEBUG:colcon.colcon_parallel_executor.executor.parallel:closing loop
[2.518s] DEBUG:colcon.colcon_parallel_executor.executor.parallel:loop closed
[2.518s] DEBUG:colcon.colcon_parallel_executor.executor.parallel:run_until_complete finished with '0'
[2.519s] DEBUG:colcon.colcon_core.event_reactor:joining thread
[2.539s] INFO:colcon.colcon_core.plugin_system:Skipping extension 'colcon_notification.desktop_notification.notify_send': Could not find 'notify-send'
[2.540s] INFO:colcon.colcon_core.plugin_system:Skipping extension 'colcon_notification.desktop_notification.terminal_notifier': Not used on non-Darwin systems
[2.540s] INFO:colcon.colcon_core.plugin_system:Skipping extension 'colcon_notification.desktop_notification.win32': Not used on non-Windows systems
[2.541s] INFO:colcon.colcon_notification.desktop_notification:Sending desktop notification using 'notify2'
[2.544s] DEBUG:colcon.colcon_notification.desktop_notification.notify2:Failed to initialize notify2: org.freedesktop.DBus.Error.ServiceUnknown: The name org.freedesktop.Notifications was not provided by any .service files
[2.544s] DEBUG:colcon.colcon_core.event_reactor:joined thread
[2.545s] INFO:colcon.colcon_core.shell:Creating prefix script '/home/cev/SLAMv2/install/local_setup.ps1'
[2.549s] INFO:colcon.colcon_core.shell:Creating prefix util module '/home/cev/SLAMv2/install/_local_setup_util_ps1.py'
[2.555s] INFO:colcon.colcon_core.shell:Creating prefix chain script '/home/cev/SLAMv2/install/setup.ps1'
[2.561s] INFO:colcon.colcon_core.shell:Creating prefix script '/home/cev/SLAMv2/install/local_setup.sh'
[2.563s] INFO:colcon.colcon_core.shell:Creating prefix util module '/home/cev/SLAMv2/install/_local_setup_util_sh.py'
[2.566s] INFO:colcon.colcon_core.shell:Creating prefix chain script '/home/cev/SLAMv2/install/setup.sh'
[2.571s] INFO:colcon.colcon_core.shell:Creating prefix script '/home/cev/SLAMv2/install/local_setup.bash'
[2.574s] INFO:colcon.colcon_core.shell:Creating prefix chain script '/home/cev/SLAMv2/install/setup.bash'
[2.579s] INFO:colcon.colcon_core.shell:Creating prefix script '/home/cev/SLAMv2/install/local_setup.zsh'
[2.581s] INFO:colcon.colcon_core.shell:Creating prefix chain script '/home/cev/SLAMv2/install/setup.zsh'
