-- The C compiler identification is GNU 14.3.0
-- The CXX compiler identification is GNU 14.3.0
-- Detecting C compiler ABI info
-- Detecting C compiler ABI info - done
-- Check for working C compiler: /home/ishpar10/SLAMv2/.pixi/envs/default/bin/x86_64-conda-linux-gnu-cc - skipped
-- Detecting C compile features
-- Detecting C compile features - done
-- Detecting CXX compiler ABI info
-- Detecting CXX compiler ABI info - done
-- Check for working CXX compiler: /home/ishpar10/SLAMv2/.pixi/envs/default/bin/x86_64-conda-linux-gnu-c++ - skipped
-- Detecting CXX compile features
-- Detecting CXX compile features - done
-- Found ament_cmake: 1.3.13 (/home/ishpar10/SLAMv2/.pixi/envs/default/share/ament_cmake/cmake)
-- Found Python3: /home/ishpar10/SLAMv2/.pixi/envs/default/bin/python3 (found version "3.12.13") found components: Interpreter
-- Override CMake install command with custom implementation using symlinks instead of copying resources
-- Found rclcpp: 16.0.18 (/home/ishpar10/SLAMv2/.pixi/envs/default/share/rclcpp/cmake)
-- Found rosidl_generator_c: 3.1.8 (/home/ishpar10/SLAMv2/.pixi/envs/default/share/rosidl_generator_c/cmake)
-- Found rosidl_adapter: 3.1.8 (/home/ishpar10/SLAMv2/.pixi/envs/default/share/rosidl_adapter/cmake)
-- Found rosidl_generator_cpp: 3.1.8 (/home/ishpar10/SLAMv2/.pixi/envs/default/share/rosidl_generator_cpp/cmake)
-- Using all available rosidl_typesupport_c: rosidl_typesupport_fastrtps_c;rosidl_typesupport_introspection_c
-- Using all available rosidl_typesupport_cpp: rosidl_typesupport_fastrtps_cpp;rosidl_typesupport_introspection_cpp
-- Checking for module 'yaml-0.1'
--   Found yaml-0.1, version 0.2.5
-- Found rmw_implementation_cmake: 6.1.2 (/home/ishpar10/SLAMv2/.pixi/envs/default/share/rmw_implementation_cmake/cmake)
-- Found rmw_fastrtps_cpp: 6.2.10 (/home/ishpar10/SLAMv2/.pixi/envs/default/share/rmw_fastrtps_cpp/cmake)
-- Found OpenSSL: /home/ishpar10/SLAMv2/.pixi/envs/default/lib/libcrypto.so (found version "3.6.2")
-- Found FastRTPS: /home/ishpar10/SLAMv2/.pixi/envs/default/include
-- Using RMW implementation 'rmw_fastrtps_cpp' as default
-- Performing Test CMAKE_HAVE_LIBC_PTHREAD
-- Performing Test CMAKE_HAVE_LIBC_PTHREAD - Failed
-- Looking for pthread_create in pthreads
-- Looking for pthread_create in pthreads - not found
-- Looking for pthread_create in pthread
-- Looking for pthread_create in pthread - found
-- Found Threads: TRUE
-- Found nav_msgs: 4.9.1 (/home/ishpar10/SLAMv2/.pixi/envs/default/share/nav_msgs/cmake)
-- Found tf2: 0.25.19 (/home/ishpar10/SLAMv2/.pixi/envs/default/share/tf2/cmake)
-- Found tf2_ros: 0.25.19 (/home/ishpar10/SLAMv2/.pixi/envs/default/share/tf2_ros/cmake)
-- Configuring done (13.1s)
-- Generating done (0.0s)
-- Build files have been written to: /home/ishpar10/SLAMv2/build/cev_pose_graph_slam
[ 50%] [32mBuilding CXX object CMakeFiles/pgo_node.dir/src/SLAM_backend_math.cpp.o[0m
[100%] [1m[32mLinking CXX executable pgo_node[0m
[100%] Built target pgo_node
-- Install configuration: ""
-- Execute custom install script
-- Symlinking: /home/ishpar10/SLAMv2/install/cev_pose_graph_slam/lib/cev_pose_graph_slam/pgo_node
-- Symlinking: /home/ishpar10/SLAMv2/install/cev_pose_graph_slam/share/ament_index/resource_index/package_run_dependencies/cev_pose_graph_slam
-- Symlinking: /home/ishpar10/SLAMv2/install/cev_pose_graph_slam/share/ament_index/resource_index/parent_prefix_path/cev_pose_graph_slam
-- Symlinking: /home/ishpar10/SLAMv2/install/cev_pose_graph_slam/share/cev_pose_graph_slam/environment/ament_prefix_path.sh
-- Symlinking: /home/ishpar10/SLAMv2/install/cev_pose_graph_slam/share/cev_pose_graph_slam/environment/ament_prefix_path.dsv
-- Symlinking: /home/ishpar10/SLAMv2/install/cev_pose_graph_slam/share/cev_pose_graph_slam/environment/path.sh
-- Symlinking: /home/ishpar10/SLAMv2/install/cev_pose_graph_slam/share/cev_pose_graph_slam/environment/path.dsv
-- Symlinking: /home/ishpar10/SLAMv2/install/cev_pose_graph_slam/share/cev_pose_graph_slam/local_setup.bash
-- Symlinking: /home/ishpar10/SLAMv2/install/cev_pose_graph_slam/share/cev_pose_graph_slam/local_setup.sh
-- Symlinking: /home/ishpar10/SLAMv2/install/cev_pose_graph_slam/share/cev_pose_graph_slam/local_setup.zsh
-- Symlinking: /home/ishpar10/SLAMv2/install/cev_pose_graph_slam/share/cev_pose_graph_slam/local_setup.dsv
-- Symlinking: /home/ishpar10/SLAMv2/install/cev_pose_graph_slam/share/cev_pose_graph_slam/package.dsv
-- Symlinking: /home/ishpar10/SLAMv2/install/cev_pose_graph_slam/share/ament_index/resource_index/packages/cev_pose_graph_slam
-- Symlinking: /home/ishpar10/SLAMv2/install/cev_pose_graph_slam/share/cev_pose_graph_slam/cmake/cev_pose_graph_slamConfig.cmake
-- Symlinking: /home/ishpar10/SLAMv2/install/cev_pose_graph_slam/share/cev_pose_graph_slam/cmake/cev_pose_graph_slamConfig-version.cmake
-- Symlinking: /home/ishpar10/SLAMv2/install/cev_pose_graph_slam/share/cev_pose_graph_slam/package.xml
