[0.044s] Invoking command in '/home/cev/SLAMv2/build/witmotion_ros2': CMAKE_PREFIX_PATH=${CMAKE_PREFIX_PATH}:/opt/ros/humble /usr/bin/cmake /home/cev/SLAMv2/src/witmotion_ros2 -DAMENT_CMAKE_SYMLINK_INSTALL=1 -DCMAKE_INSTALL_PREFIX=/home/cev/SLAMv2/install/witmotion_ros2
[0.313s] -- The C compiler identification is GNU 11.4.0
[0.574s] -- The CXX compiler identification is GNU 11.4.0
[0.607s] -- Detecting C compiler ABI info
[0.925s] -- Detecting C compiler ABI info - done
[0.951s] -- Check for working C compiler: /usr/bin/cc - skipped
[0.952s] -- Detecting C compile features
[0.953s] -- Detecting C compile features - done
[0.964s] -- Detecting CXX compiler ABI info
[1.315s] -- Detecting CXX compiler ABI info - done
[1.341s] -- Check for working CXX compiler: /usr/bin/c++ - skipped
[1.342s] -- Detecting CXX compile features
[1.344s] -- Detecting CXX compile features - done
[1.367s] -- Found ament_cmake_auto: 1.3.14 (/opt/ros/humble/share/ament_cmake_auto/cmake)
[2.119s] -- Found Python3: /usr/bin/python3 (found version "3.10.12") found components: Interpreter 
[2.397s] -- Override CMake install command with custom implementation using symlinks instead of copying resources
[2.702s] -- Found rclcpp: 16.0.15 (/opt/ros/humble/share/rclcpp/cmake)
[3.052s] -- Found rosidl_generator_c: 3.1.7 (/opt/ros/humble/share/rosidl_generator_c/cmake)
[3.099s] -- Found rosidl_adapter: 3.1.7 (/opt/ros/humble/share/rosidl_adapter/cmake)
[3.160s] -- Found rosidl_generator_cpp: 3.1.7 (/opt/ros/humble/share/rosidl_generator_cpp/cmake)
[3.237s] -- Using all available rosidl_typesupport_c: rosidl_typesupport_fastrtps_c;rosidl_typesupport_introspection_c
[3.343s] -- Using all available rosidl_typesupport_cpp: rosidl_typesupport_fastrtps_cpp;rosidl_typesupport_introspection_cpp
[3.656s] -- Found rmw_implementation_cmake: 6.1.2 (/opt/ros/humble/share/rmw_implementation_cmake/cmake)
[3.674s] -- Found rmw_fastrtps_cpp: 6.2.9 (/opt/ros/humble/share/rmw_fastrtps_cpp/cmake)
[4.221s] -- Found OpenSSL: /usr/lib/aarch64-linux-gnu/libcrypto.so (found version "3.0.2")  
[4.450s] -- Found FastRTPS: /opt/ros/humble/include  
[4.818s] -- Using RMW implementation 'rmw_fastrtps_cpp' as default
[4.900s] -- Looking for pthread.h
[5.241s] -- Looking for pthread.h - found
[5.243s] -- Performing Test CMAKE_HAVE_LIBC_PTHREAD
[5.573s] -- Performing Test CMAKE_HAVE_LIBC_PTHREAD - Success
[5.579s] -- Found Threads: TRUE  
[5.859s] -- Found sensor_msgs: 4.9.0 (/opt/ros/humble/share/sensor_msgs/cmake)
[6.015s] -- Found tf2: 0.25.16 (/opt/ros/humble/share/tf2/cmake)
[6.197s] -- Found Boost: /usr/lib/aarch64-linux-gnu/cmake/Boost-1.74.0/BoostConfig.cmake (found version "1.74.0") found components: system 
[6.506s] -- Configuring done
[6.566s] -- Generating done
[6.581s] -- Build files have been written to: /home/cev/SLAMv2/build/witmotion_ros2
[6.617s] Invoked command in '/home/cev/SLAMv2/build/witmotion_ros2' returned '0': CMAKE_PREFIX_PATH=${CMAKE_PREFIX_PATH}:/opt/ros/humble /usr/bin/cmake /home/cev/SLAMv2/src/witmotion_ros2 -DAMENT_CMAKE_SYMLINK_INSTALL=1 -DCMAKE_INSTALL_PREFIX=/home/cev/SLAMv2/install/witmotion_ros2
[6.627s] Invoking command in '/home/cev/SLAMv2/build/witmotion_ros2': CMAKE_PREFIX_PATH=${CMAKE_PREFIX_PATH}:/opt/ros/humble /usr/bin/cmake --build /home/cev/SLAMv2/build/witmotion_ros2 -- -j4 -l4
[6.843s] [ 33%] [32mBuilding CXX object CMakeFiles/witmotion_ros2.dir/src/witmotion_node.cpp.o[0m
[6.845s] [ 66%] [32mBuilding CXX object CMakeFiles/witmotion_ros2.dir/src/witmotion_handler.cpp.o[0m
[63.913s] [100%] [32m[1mLinking CXX executable witmotion_ros2[0m
[66.786s] [100%] Built target witmotion_ros2
[66.824s] Invoked command in '/home/cev/SLAMv2/build/witmotion_ros2' returned '0': CMAKE_PREFIX_PATH=${CMAKE_PREFIX_PATH}:/opt/ros/humble /usr/bin/cmake --build /home/cev/SLAMv2/build/witmotion_ros2 -- -j4 -l4
[66.867s] Invoking command in '/home/cev/SLAMv2/build/witmotion_ros2': CMAKE_PREFIX_PATH=${CMAKE_PREFIX_PATH}:/opt/ros/humble /usr/bin/cmake --install /home/cev/SLAMv2/build/witmotion_ros2
[66.894s] -- Install configuration: ""
[66.896s] -- Execute custom install script
[66.898s] -- Symlinking: /home/cev/SLAMv2/install/witmotion_ros2/lib/witmotion_ros2/witmotion_ros2
[66.929s] -- Symlinking: /home/cev/SLAMv2/install/witmotion_ros2/share/witmotion_ros2/launch/witmotion.launch.py
[66.964s] -- Symlinking: /home/cev/SLAMv2/install/witmotion_ros2/share/witmotion_ros2/config/witmotion.yaml
[66.997s] -- Symlinking: /home/cev/SLAMv2/install/witmotion_ros2/share/ament_index/resource_index/package_run_dependencies/witmotion_ros2
[67.030s] -- Symlinking: /home/cev/SLAMv2/install/witmotion_ros2/share/ament_index/resource_index/parent_prefix_path/witmotion_ros2
[67.062s] -- Symlinking: /home/cev/SLAMv2/install/witmotion_ros2/share/witmotion_ros2/environment/ament_prefix_path.sh
[67.093s] -- Symlinking: /home/cev/SLAMv2/install/witmotion_ros2/share/witmotion_ros2/environment/ament_prefix_path.dsv
[67.126s] -- Symlinking: /home/cev/SLAMv2/install/witmotion_ros2/share/witmotion_ros2/environment/path.sh
[67.158s] -- Symlinking: /home/cev/SLAMv2/install/witmotion_ros2/share/witmotion_ros2/environment/path.dsv
[67.190s] -- Symlinking: /home/cev/SLAMv2/install/witmotion_ros2/share/witmotion_ros2/local_setup.bash
[67.220s] -- Symlinking: /home/cev/SLAMv2/install/witmotion_ros2/share/witmotion_ros2/local_setup.sh
[67.252s] -- Symlinking: /home/cev/SLAMv2/install/witmotion_ros2/share/witmotion_ros2/local_setup.zsh
[67.283s] -- Symlinking: /home/cev/SLAMv2/install/witmotion_ros2/share/witmotion_ros2/local_setup.dsv
[67.314s] -- Symlinking: /home/cev/SLAMv2/install/witmotion_ros2/share/witmotion_ros2/package.dsv
[67.346s] -- Symlinking: /home/cev/SLAMv2/install/witmotion_ros2/share/ament_index/resource_index/packages/witmotion_ros2
[67.380s] -- Symlinking: /home/cev/SLAMv2/install/witmotion_ros2/share/witmotion_ros2/cmake/witmotion_ros2Config.cmake
[67.410s] -- Symlinking: /home/cev/SLAMv2/install/witmotion_ros2/share/witmotion_ros2/cmake/witmotion_ros2Config-version.cmake
[67.442s] -- Symlinking: /home/cev/SLAMv2/install/witmotion_ros2/share/witmotion_ros2/package.xml
[67.479s] Invoked command in '/home/cev/SLAMv2/build/witmotion_ros2' returned '0': CMAKE_PREFIX_PATH=${CMAKE_PREFIX_PATH}:/opt/ros/humble /usr/bin/cmake --install /home/cev/SLAMv2/build/witmotion_ros2
