[0.132s] Invoking command in '/home/cev/SLAMv2/build/witmotion_ros2': CMAKE_PREFIX_PATH=${CMAKE_PREFIX_PATH}:/opt/ros/humble /usr/bin/cmake --build /home/cev/SLAMv2/build/witmotion_ros2 -- -j4 -l4
[0.393s] [35m[1mConsolidate compiler generated dependencies of target witmotion_ros2[0m
[0.691s] [100%] Built target witmotion_ros2
[1.028s] Invoked command in '/home/cev/SLAMv2/build/witmotion_ros2' returned '0': CMAKE_PREFIX_PATH=${CMAKE_PREFIX_PATH}:/opt/ros/humble /usr/bin/cmake --build /home/cev/SLAMv2/build/witmotion_ros2 -- -j4 -l4
[1.040s] Invoking command in '/home/cev/SLAMv2/build/witmotion_ros2': CMAKE_PREFIX_PATH=${CMAKE_PREFIX_PATH}:/opt/ros/humble /usr/bin/cmake --install /home/cev/SLAMv2/build/witmotion_ros2
[1.123s] -- Install configuration: ""
[1.125s] -- Execute custom install script
[1.127s] -- Up-to-date symlink: /home/cev/SLAMv2/install/witmotion_ros2/lib/witmotion_ros2/witmotion_ros2
[1.129s] -- Up-to-date symlink: /home/cev/SLAMv2/install/witmotion_ros2/share/witmotion_ros2/launch/witmotion.launch.py
[1.135s] -- Up-to-date symlink: /home/cev/SLAMv2/install/witmotion_ros2/share/witmotion_ros2/config/witmotion.yaml
[1.144s] -- Up-to-date symlink: /home/cev/SLAMv2/install/witmotion_ros2/share/ament_index/resource_index/package_run_dependencies/witmotion_ros2
[1.146s] -- Up-to-date symlink: /home/cev/SLAMv2/install/witmotion_ros2/share/ament_index/resource_index/parent_prefix_path/witmotion_ros2
[1.151s] -- Up-to-date symlink: /home/cev/SLAMv2/install/witmotion_ros2/share/witmotion_ros2/environment/ament_prefix_path.sh
[1.153s] -- Up-to-date symlink: /home/cev/SLAMv2/install/witmotion_ros2/share/witmotion_ros2/environment/ament_prefix_path.dsv
[1.159s] -- Up-to-date symlink: /home/cev/SLAMv2/install/witmotion_ros2/share/witmotion_ros2/environment/path.sh
[1.161s] -- Up-to-date symlink: /home/cev/SLAMv2/install/witmotion_ros2/share/witmotion_ros2/environment/path.dsv
[1.168s] -- Up-to-date symlink: /home/cev/SLAMv2/install/witmotion_ros2/share/witmotion_ros2/local_setup.bash
[1.170s] -- Up-to-date symlink: /home/cev/SLAMv2/install/witmotion_ros2/share/witmotion_ros2/local_setup.sh
[1.173s] -- Up-to-date symlink: /home/cev/SLAMv2/install/witmotion_ros2/share/witmotion_ros2/local_setup.zsh
[1.179s] -- Up-to-date symlink: /home/cev/SLAMv2/install/witmotion_ros2/share/witmotion_ros2/local_setup.dsv
[1.180s] -- Symlinking: /home/cev/SLAMv2/install/witmotion_ros2/share/witmotion_ros2/package.dsv
[1.263s] -- Up-to-date symlink: /home/cev/SLAMv2/install/witmotion_ros2/share/ament_index/resource_index/packages/witmotion_ros2
[1.264s] -- Up-to-date symlink: /home/cev/SLAMv2/install/witmotion_ros2/share/witmotion_ros2/cmake/witmotion_ros2Config.cmake
[1.264s] -- Up-to-date symlink: /home/cev/SLAMv2/install/witmotion_ros2/share/witmotion_ros2/cmake/witmotion_ros2Config-version.cmake
[1.266s] -- Up-to-date symlink: /home/cev/SLAMv2/install/witmotion_ros2/share/witmotion_ros2/package.xml
[1.284s] Invoked command in '/home/cev/SLAMv2/build/witmotion_ros2' returned '0': CMAKE_PREFIX_PATH=${CMAKE_PREFIX_PATH}:/opt/ros/humble /usr/bin/cmake --install /home/cev/SLAMv2/build/witmotion_ros2
