[0.764s] DEBUG:colcon:Command line arguments: ['/usr/bin/colcon', 'build', '--packages-select', 'lidar_odometry']
[0.764s] DEBUG:colcon:Parsed command line arguments: Namespace(log_base=None, log_level=None, verb_name='build', build_base='build', install_base='install', merge_install=False, symlink_install=False, test_result_base=None, continue_on_error=False, executor='parallel', parallel_workers=4, event_handlers=None, ignore_user_meta=False, metas=['./colcon.meta'], base_paths=['.'], packages_ignore=None, packages_ignore_regex=None, paths=None, packages_up_to=None, packages_up_to_regex=None, packages_above=None, packages_above_and_dependencies=None, packages_above_depth=None, packages_select_by_dep=None, packages_skip_by_dep=None, packages_skip_up_to=None, packages_select_build_failed=False, packages_skip_build_finished=False, packages_select_test_failures=False, packages_skip_test_passed=False, packages_select=['lidar_odometry'], packages_skip=None, packages_select_regex=None, packages_skip_regex=None, packages_start=None, packages_end=None, allow_overriding=[], cmake_args=None, cmake_target=None, cmake_target_skip_unavailable=False, cmake_clean_cache=False, cmake_clean_first=False, cmake_force_configure=False, ament_cmake_args=None, catkin_cmake_args=None, catkin_skip_building_tests=False, mixin_files=None, mixin=None, verb_parser=<colcon_mixin.mixin.mixin_argument.MixinArgumentDecorator object at 0xffff84555270>, verb_extension=<colcon_core.verb.build.BuildVerb object at 0xffff846f6170>, main=<bound method BuildVerb.main of <colcon_core.verb.build.BuildVerb object at 0xffff846f6170>>, mixin_verb=('build',))
[2.006s] Level 1:colcon.colcon_core.package_discovery:discover_packages(colcon_meta) check parameters
[2.007s] Level 1:colcon.colcon_core.package_discovery:discover_packages(recursive) check parameters
[2.007s] Level 1:colcon.colcon_core.package_discovery:discover_packages(ignore) check parameters
[2.007s] Level 1:colcon.colcon_core.package_discovery:discover_packages(path) check parameters
[2.007s] Level 1:colcon.colcon_core.package_discovery:discover_packages(colcon_meta) discover
[2.008s] Level 1:colcon.colcon_core.package_discovery:discover_packages(recursive) discover
[2.008s] INFO:colcon.colcon_core.package_discovery:Crawling recursively for packages in '/home/cev/SLAMv2'
[2.009s] Level 1:colcon.colcon_core.package_identification:_identify(.) by extensions ['ignore', 'ignore_ament_install']
[2.009s] Level 1:colcon.colcon_core.package_identification:_identify(.) by extension 'ignore'
[2.010s] Level 1:colcon.colcon_core.package_identification:_identify(.) by extension 'ignore_ament_install'
[2.010s] Level 1:colcon.colcon_core.package_identification:_identify(.) by extensions ['colcon_pkg']
[2.010s] Level 1:colcon.colcon_core.package_identification:_identify(.) by extension 'colcon_pkg'
[2.011s] Level 1:colcon.colcon_core.package_identification:_identify(.) by extensions ['colcon_meta']
[2.011s] Level 1:colcon.colcon_core.package_identification:_identify(.) by extension 'colcon_meta'
[2.011s] Level 1:colcon.colcon_core.package_identification:_identify(.) by extensions ['ros']
[2.011s] Level 1:colcon.colcon_core.package_identification:_identify(.) by extension 'ros'
[2.084s] Level 1:colcon.colcon_core.package_identification:_identify(.) by extensions ['cmake', 'python']
[2.085s] Level 1:colcon.colcon_core.package_identification:_identify(.) by extension 'cmake'
[2.085s] Level 1:colcon.colcon_core.package_identification:_identify(.) by extension 'python'
[2.086s] Level 1:colcon.colcon_core.package_identification:_identify(.) by extensions ['python_setup_py']
[2.086s] Level 1:colcon.colcon_core.package_identification:_identify(.) by extension 'python_setup_py'
[2.086s] Level 1:colcon.colcon_core.package_identification:_identify(build) by extensions ['ignore', 'ignore_ament_install']
[2.087s] Level 1:colcon.colcon_core.package_identification:_identify(build) by extension 'ignore'
[2.087s] Level 1:colcon.colcon_core.package_identification:_identify(build) ignored
[2.088s] Level 1:colcon.colcon_core.package_identification:_identify(install) by extensions ['ignore', 'ignore_ament_install']
[2.088s] Level 1:colcon.colcon_core.package_identification:_identify(install) by extension 'ignore'
[2.089s] Level 1:colcon.colcon_core.package_identification:_identify(install) ignored
[2.089s] Level 1:colcon.colcon_core.package_identification:_identify(log) by extensions ['ignore', 'ignore_ament_install']
[2.090s] Level 1:colcon.colcon_core.package_identification:_identify(log) by extension 'ignore'
[2.090s] Level 1:colcon.colcon_core.package_identification:_identify(log) ignored
[2.090s] Level 1:colcon.colcon_core.package_identification:_identify(src) by extensions ['ignore', 'ignore_ament_install']
[2.091s] Level 1:colcon.colcon_core.package_identification:_identify(src) by extension 'ignore'
[2.091s] Level 1:colcon.colcon_core.package_identification:_identify(src) by extension 'ignore_ament_install'
[2.091s] Level 1:colcon.colcon_core.package_identification:_identify(src) by extensions ['colcon_pkg']
[2.091s] Level 1:colcon.colcon_core.package_identification:_identify(src) by extension 'colcon_pkg'
[2.091s] Level 1:colcon.colcon_core.package_identification:_identify(src) by extensions ['colcon_meta']
[2.092s] Level 1:colcon.colcon_core.package_identification:_identify(src) by extension 'colcon_meta'
[2.092s] Level 1:colcon.colcon_core.package_identification:_identify(src) by extensions ['ros']
[2.092s] Level 1:colcon.colcon_core.package_identification:_identify(src) by extension 'ros'
[2.092s] Level 1:colcon.colcon_core.package_identification:_identify(src) by extensions ['cmake', 'python']
[2.092s] Level 1:colcon.colcon_core.package_identification:_identify(src) by extension 'cmake'
[2.093s] Level 1:colcon.colcon_core.package_identification:_identify(src) by extension 'python'
[2.093s] Level 1:colcon.colcon_core.package_identification:_identify(src) by extensions ['python_setup_py']
[2.093s] Level 1:colcon.colcon_core.package_identification:_identify(src) by extension 'python_setup_py'
[2.094s] Level 1:colcon.colcon_core.package_identification:_identify(src/cev_lidar_odometry_ros2) by extensions ['ignore', 'ignore_ament_install']
[2.094s] Level 1:colcon.colcon_core.package_identification:_identify(src/cev_lidar_odometry_ros2) by extension 'ignore'
[2.094s] Level 1:colcon.colcon_core.package_identification:_identify(src/cev_lidar_odometry_ros2) by extension 'ignore_ament_install'
[2.095s] Level 1:colcon.colcon_core.package_identification:_identify(src/cev_lidar_odometry_ros2) by extensions ['colcon_pkg']
[2.095s] Level 1:colcon.colcon_core.package_identification:_identify(src/cev_lidar_odometry_ros2) by extension 'colcon_pkg'
[2.095s] Level 1:colcon.colcon_core.package_identification:_identify(src/cev_lidar_odometry_ros2) by extensions ['colcon_meta']
[2.095s] Level 1:colcon.colcon_core.package_identification:_identify(src/cev_lidar_odometry_ros2) by extension 'colcon_meta'
[2.095s] Level 1:colcon.colcon_core.package_identification:_identify(src/cev_lidar_odometry_ros2) by extensions ['ros']
[2.095s] Level 1:colcon.colcon_core.package_identification:_identify(src/cev_lidar_odometry_ros2) by extension 'ros'
[2.108s] DEBUG:colcon.colcon_core.package_identification:Package 'src/cev_lidar_odometry_ros2' with type 'ros.ament_cmake' and name 'lidar_odometry'
[2.109s] Level 1:colcon.colcon_core.package_identification:_identify(src/cev_pose_graph_slam) by extensions ['ignore', 'ignore_ament_install']
[2.110s] Level 1:colcon.colcon_core.package_identification:_identify(src/cev_pose_graph_slam) by extension 'ignore'
[2.110s] Level 1:colcon.colcon_core.package_identification:_identify(src/cev_pose_graph_slam) by extension 'ignore_ament_install'
[2.110s] Level 1:colcon.colcon_core.package_identification:_identify(src/cev_pose_graph_slam) by extensions ['colcon_pkg']
[2.110s] Level 1:colcon.colcon_core.package_identification:_identify(src/cev_pose_graph_slam) by extension 'colcon_pkg'
[2.111s] Level 1:colcon.colcon_core.package_identification:_identify(src/cev_pose_graph_slam) by extensions ['colcon_meta']
[2.111s] Level 1:colcon.colcon_core.package_identification:_identify(src/cev_pose_graph_slam) by extension 'colcon_meta'
[2.111s] Level 1:colcon.colcon_core.package_identification:_identify(src/cev_pose_graph_slam) by extensions ['ros']
[2.111s] Level 1:colcon.colcon_core.package_identification:_identify(src/cev_pose_graph_slam) by extension 'ros'
[2.116s] DEBUG:colcon.colcon_core.package_identification:Package 'src/cev_pose_graph_slam' with type 'ros.ament_cmake' and name 'cev_pose_graph_slam'
[2.117s] Level 1:colcon.colcon_core.package_identification:_identify(src/icp) by extensions ['ignore', 'ignore_ament_install']
[2.117s] Level 1:colcon.colcon_core.package_identification:_identify(src/icp) by extension 'ignore'
[2.118s] Level 1:colcon.colcon_core.package_identification:_identify(src/icp) by extension 'ignore_ament_install'
[2.118s] Level 1:colcon.colcon_core.package_identification:_identify(src/icp) by extensions ['colcon_pkg']
[2.118s] Level 1:colcon.colcon_core.package_identification:_identify(src/icp) by extension 'colcon_pkg'
[2.118s] Level 1:colcon.colcon_core.package_identification:_identify(src/icp) by extensions ['colcon_meta']
[2.118s] Level 1:colcon.colcon_core.package_identification:_identify(src/icp) by extension 'colcon_meta'
[2.119s] Level 1:colcon.colcon_core.package_identification:_identify(src/icp) by extensions ['ros']
[2.119s] Level 1:colcon.colcon_core.package_identification:_identify(src/icp) by extension 'ros'
[2.119s] Level 1:colcon.colcon_core.package_identification:_identify(src/icp) by extensions ['cmake', 'python']
[2.119s] Level 1:colcon.colcon_core.package_identification:_identify(src/icp) by extension 'cmake'
[2.130s] Level 1:colcon.colcon_core.package_identification:_identify(src/icp) by extension 'python'
[2.131s] DEBUG:colcon.colcon_core.package_identification:Package 'src/icp' with type 'cmake' and name 'CevIcp'
[2.131s] Level 1:colcon.colcon_core.package_identification:_identify(src/lidar_odometry) by extensions ['ignore', 'ignore_ament_install']
[2.132s] Level 1:colcon.colcon_core.package_identification:_identify(src/lidar_odometry) by extension 'ignore'
[2.132s] Level 1:colcon.colcon_core.package_identification:_identify(src/lidar_odometry) by extension 'ignore_ament_install'
[2.132s] Level 1:colcon.colcon_core.package_identification:_identify(src/lidar_odometry) by extensions ['colcon_pkg']
[2.132s] Level 1:colcon.colcon_core.package_identification:_identify(src/lidar_odometry) by extension 'colcon_pkg'
[2.132s] Level 1:colcon.colcon_core.package_identification:_identify(src/lidar_odometry) by extensions ['colcon_meta']
[2.133s] Level 1:colcon.colcon_core.package_identification:_identify(src/lidar_odometry) by extension 'colcon_meta'
[2.133s] Level 1:colcon.colcon_core.package_identification:_identify(src/lidar_odometry) by extensions ['ros']
[2.133s] Level 1:colcon.colcon_core.package_identification:_identify(src/lidar_odometry) by extension 'ros'
[2.133s] Level 1:colcon.colcon_core.package_identification:_identify(src/lidar_odometry) by extensions ['cmake', 'python']
[2.134s] Level 1:colcon.colcon_core.package_identification:_identify(src/lidar_odometry) by extension 'cmake'
[2.134s] Level 1:colcon.colcon_core.package_identification:_identify(src/lidar_odometry) by extension 'python'
[2.134s] Level 1:colcon.colcon_core.package_identification:_identify(src/lidar_odometry) by extensions ['python_setup_py']
[2.134s] Level 1:colcon.colcon_core.package_identification:_identify(src/lidar_odometry) by extension 'python_setup_py'
[2.135s] Level 1:colcon.colcon_core.package_identification:_identify(src/lidar_odometry/config) by extensions ['ignore', 'ignore_ament_install']
[2.135s] Level 1:colcon.colcon_core.package_identification:_identify(src/lidar_odometry/config) by extension 'ignore'
[2.135s] Level 1:colcon.colcon_core.package_identification:_identify(src/lidar_odometry/config) by extension 'ignore_ament_install'
[2.135s] Level 1:colcon.colcon_core.package_identification:_identify(src/lidar_odometry/config) by extensions ['colcon_pkg']
[2.136s] Level 1:colcon.colcon_core.package_identification:_identify(src/lidar_odometry/config) by extension 'colcon_pkg'
[2.136s] Level 1:colcon.colcon_core.package_identification:_identify(src/lidar_odometry/config) by extensions ['colcon_meta']
[2.136s] Level 1:colcon.colcon_core.package_identification:_identify(src/lidar_odometry/config) by extension 'colcon_meta'
[2.136s] Level 1:colcon.colcon_core.package_identification:_identify(src/lidar_odometry/config) by extensions ['ros']
[2.136s] Level 1:colcon.colcon_core.package_identification:_identify(src/lidar_odometry/config) by extension 'ros'
[2.137s] Level 1:colcon.colcon_core.package_identification:_identify(src/lidar_odometry/config) by extensions ['cmake', 'python']
[2.137s] Level 1:colcon.colcon_core.package_identification:_identify(src/lidar_odometry/config) by extension 'cmake'
[2.137s] Level 1:colcon.colcon_core.package_identification:_identify(src/lidar_odometry/config) by extension 'python'
[2.137s] Level 1:colcon.colcon_core.package_identification:_identify(src/lidar_odometry/config) by extensions ['python_setup_py']
[2.138s] Level 1:colcon.colcon_core.package_identification:_identify(src/lidar_odometry/config) by extension 'python_setup_py'
[2.138s] Level 1:colcon.colcon_core.package_identification:_identify(src/script) by extensions ['ignore', 'ignore_ament_install']
[2.138s] Level 1:colcon.colcon_core.package_identification:_identify(src/script) by extension 'ignore'
[2.139s] Level 1:colcon.colcon_core.package_identification:_identify(src/script) by extension 'ignore_ament_install'
[2.139s] Level 1:colcon.colcon_core.package_identification:_identify(src/script) by extensions ['colcon_pkg']
[2.139s] Level 1:colcon.colcon_core.package_identification:_identify(src/script) by extension 'colcon_pkg'
[2.139s] Level 1:colcon.colcon_core.package_identification:_identify(src/script) by extensions ['colcon_meta']
[2.139s] Level 1:colcon.colcon_core.package_identification:_identify(src/script) by extension 'colcon_meta'
[2.140s] Level 1:colcon.colcon_core.package_identification:_identify(src/script) by extensions ['ros']
[2.140s] Level 1:colcon.colcon_core.package_identification:_identify(src/script) by extension 'ros'
[2.140s] Level 1:colcon.colcon_core.package_identification:_identify(src/script) by extensions ['cmake', 'python']
[2.140s] Level 1:colcon.colcon_core.package_identification:_identify(src/script) by extension 'cmake'
[2.140s] Level 1:colcon.colcon_core.package_identification:_identify(src/script) by extension 'python'
[2.141s] Level 1:colcon.colcon_core.package_identification:_identify(src/script) by extensions ['python_setup_py']
[2.141s] Level 1:colcon.colcon_core.package_identification:_identify(src/script) by extension 'python_setup_py'
[2.141s] Level 1:colcon.colcon_core.package_identification:_identify(src/witmotion_ros2) by extensions ['ignore', 'ignore_ament_install']
[2.142s] Level 1:colcon.colcon_core.package_identification:_identify(src/witmotion_ros2) by extension 'ignore'
[2.142s] Level 1:colcon.colcon_core.package_identification:_identify(src/witmotion_ros2) by extension 'ignore_ament_install'
[2.142s] Level 1:colcon.colcon_core.package_identification:_identify(src/witmotion_ros2) by extensions ['colcon_pkg']
[2.142s] Level 1:colcon.colcon_core.package_identification:_identify(src/witmotion_ros2) by extension 'colcon_pkg'
[2.142s] Level 1:colcon.colcon_core.package_identification:_identify(src/witmotion_ros2) by extensions ['colcon_meta']
[2.143s] Level 1:colcon.colcon_core.package_identification:_identify(src/witmotion_ros2) by extension 'colcon_meta'
[2.143s] Level 1:colcon.colcon_core.package_identification:_identify(src/witmotion_ros2) by extensions ['ros']
[2.143s] Level 1:colcon.colcon_core.package_identification:_identify(src/witmotion_ros2) by extension 'ros'
[2.148s] DEBUG:colcon.colcon_core.package_identification:Package 'src/witmotion_ros2' with type 'ros.ament_cmake' and name 'witmotion_ros2'
[2.148s] Level 1:colcon.colcon_core.package_discovery:discover_packages(recursive) using defaults
[2.149s] Level 1:colcon.colcon_core.package_discovery:discover_packages(ignore) discover
[2.149s] Level 1:colcon.colcon_core.package_discovery:discover_packages(ignore) using defaults
[2.149s] Level 1:colcon.colcon_core.package_discovery:discover_packages(path) discover
[2.149s] Level 1:colcon.colcon_core.package_discovery:discover_packages(path) using defaults
[2.293s] INFO:colcon.colcon_core.package_selection:Skipping not selected package 'CevIcp' in 'src/icp'
[2.294s] INFO:colcon.colcon_core.package_selection:Skipping not selected package 'cev_pose_graph_slam' in 'src/cev_pose_graph_slam'
[2.294s] INFO:colcon.colcon_core.package_selection:Skipping not selected package 'witmotion_ros2' in 'src/witmotion_ros2'
[2.297s] Level 1:colcon.colcon_core.package_discovery:discover_packages(prefix_path) check parameters
[2.297s] Level 1:colcon.colcon_core.package_discovery:discover_packages(prefix_path) discover
[2.312s] DEBUG:colcon.colcon_installed_package_information.package_discovery:Found 3 installed packages in /home/cev/SLAMv2/install
[2.323s] DEBUG:colcon.colcon_installed_package_information.package_discovery:Found 279 installed packages in /opt/ros/humble
[2.329s] Level 1:colcon.colcon_core.package_discovery:discover_packages(prefix_path) using defaults
[2.506s] Level 5:colcon.colcon_core.verb:set package 'lidar_odometry' build argument 'cmake_args' from command line to 'None'
[2.506s] Level 5:colcon.colcon_core.verb:set package 'lidar_odometry' build argument 'cmake_target' from command line to 'None'
[2.506s] Level 5:colcon.colcon_core.verb:set package 'lidar_odometry' build argument 'cmake_target_skip_unavailable' from command line to 'False'
[2.506s] Level 5:colcon.colcon_core.verb:set package 'lidar_odometry' build argument 'cmake_clean_cache' from command line to 'False'
[2.506s] Level 5:colcon.colcon_core.verb:set package 'lidar_odometry' build argument 'cmake_clean_first' from command line to 'False'
[2.507s] Level 5:colcon.colcon_core.verb:set package 'lidar_odometry' build argument 'cmake_force_configure' from command line to 'False'
[2.507s] Level 5:colcon.colcon_core.verb:set package 'lidar_odometry' build argument 'ament_cmake_args' from command line to 'None'
[2.507s] Level 5:colcon.colcon_core.verb:set package 'lidar_odometry' build argument 'catkin_cmake_args' from command line to 'None'
[2.507s] Level 5:colcon.colcon_core.verb:set package 'lidar_odometry' build argument 'catkin_skip_building_tests' from command line to 'False'
[2.507s] DEBUG:colcon.colcon_core.verb:Building package 'lidar_odometry' with the following arguments: {'ament_cmake_args': None, 'build_base': '/home/cev/SLAMv2/build/lidar_odometry', 'catkin_cmake_args': None, 'catkin_skip_building_tests': False, 'cmake_args': None, 'cmake_clean_cache': False, 'cmake_clean_first': False, 'cmake_force_configure': False, 'cmake_target': None, 'cmake_target_skip_unavailable': False, 'install_base': '/home/cev/SLAMv2/install/lidar_odometry', 'merge_install': False, 'path': '/home/cev/SLAMv2/src/cev_lidar_odometry_ros2', 'symlink_install': False, 'test_result_base': None}
[2.508s] INFO:colcon.colcon_core.executor:Executing jobs using 'parallel' executor
[2.511s] DEBUG:colcon.colcon_parallel_executor.executor.parallel:run_until_complete
[2.512s] INFO:colcon.colcon_ros.task.ament_cmake.build:Building ROS package in '/home/cev/SLAMv2/src/cev_lidar_odometry_ros2' with build type 'ament_cmake'
[2.513s] INFO:colcon.colcon_cmake.task.cmake.build:Building CMake package in '/home/cev/SLAMv2/src/cev_lidar_odometry_ros2'
[2.533s] INFO:colcon.colcon_core.plugin_system:Skipping extension 'colcon_core.shell.bat': Not used on non-Windows systems
[2.534s] INFO:colcon.colcon_core.shell:Skip shell extension 'powershell' for command environment: Not usable outside of PowerShell
[2.534s] DEBUG:colcon.colcon_core.shell:Skip shell extension 'dsv' for command environment
[2.584s] DEBUG:colcon.colcon_core.event_handler.log_command:Invoking command in '/home/cev/SLAMv2/build/lidar_odometry': CMAKE_PREFIX_PATH=${CMAKE_PREFIX_PATH}:/opt/ros/humble /usr/bin/cmake /home/cev/SLAMv2/src/cev_lidar_odometry_ros2 -DCMAKE_INSTALL_PREFIX=/home/cev/SLAMv2/install/lidar_odometry
[6.734s] DEBUG:colcon.colcon_core.event_handler.log_command:Invoked command in '/home/cev/SLAMv2/build/lidar_odometry' returned '0': CMAKE_PREFIX_PATH=${CMAKE_PREFIX_PATH}:/opt/ros/humble /usr/bin/cmake /home/cev/SLAMv2/src/cev_lidar_odometry_ros2 -DCMAKE_INSTALL_PREFIX=/home/cev/SLAMv2/install/lidar_odometry
[6.747s] DEBUG:colcon.colcon_core.event_handler.log_command:Invoking command in '/home/cev/SLAMv2/build/lidar_odometry': CMAKE_PREFIX_PATH=${CMAKE_PREFIX_PATH}:/opt/ros/humble /usr/bin/cmake --build /home/cev/SLAMv2/build/lidar_odometry -- -j4 -l4
[7.317s] DEBUG:colcon.colcon_core.event_handler.log_command:Invoked command in '/home/cev/SLAMv2/build/lidar_odometry' returned '0': CMAKE_PREFIX_PATH=${CMAKE_PREFIX_PATH}:/opt/ros/humble /usr/bin/cmake --build /home/cev/SLAMv2/build/lidar_odometry -- -j4 -l4
[7.357s] DEBUG:colcon.colcon_core.event_handler.log_command:Invoking command in '/home/cev/SLAMv2/build/lidar_odometry': CMAKE_PREFIX_PATH=${CMAKE_PREFIX_PATH}:/opt/ros/humble /usr/bin/cmake --install /home/cev/SLAMv2/build/lidar_odometry
[7.442s] Level 1:colcon.colcon_core.environment:create_environment_scripts_only(lidar_odometry)
[7.444s] DEBUG:colcon.colcon_core.event_handler.log_command:Invoked command in '/home/cev/SLAMv2/build/lidar_odometry' returned '0': CMAKE_PREFIX_PATH=${CMAKE_PREFIX_PATH}:/opt/ros/humble /usr/bin/cmake --install /home/cev/SLAMv2/build/lidar_odometry
[7.469s] Level 1:colcon.colcon_core.environment:checking '/home/cev/SLAMv2/install/lidar_odometry' for CMake module files
[7.472s] Level 1:colcon.colcon_core.environment:checking '/home/cev/SLAMv2/install/lidar_odometry' for CMake config files
[7.474s] Level 1:colcon.colcon_core.shell:create_environment_hook('lidar_odometry', 'cmake_prefix_path')
[7.475s] INFO:colcon.colcon_core.shell:Creating environment hook '/home/cev/SLAMv2/install/lidar_odometry/share/lidar_odometry/hook/cmake_prefix_path.ps1'
[7.479s] INFO:colcon.colcon_core.shell:Creating environment descriptor '/home/cev/SLAMv2/install/lidar_odometry/share/lidar_odometry/hook/cmake_prefix_path.dsv'
[7.484s] INFO:colcon.colcon_core.shell:Creating environment hook '/home/cev/SLAMv2/install/lidar_odometry/share/lidar_odometry/hook/cmake_prefix_path.sh'
[7.489s] Level 1:colcon.colcon_core.environment:checking '/home/cev/SLAMv2/install/lidar_odometry/lib'
[7.490s] Level 1:colcon.colcon_core.environment:checking '/home/cev/SLAMv2/install/lidar_odometry/bin'
[7.491s] Level 1:colcon.colcon_core.environment:checking '/home/cev/SLAMv2/install/lidar_odometry/lib/pkgconfig/lidar_odometry.pc'
[7.492s] Level 1:colcon.colcon_core.environment:checking '/home/cev/SLAMv2/install/lidar_odometry/lib/python3.10/site-packages'
[7.494s] Level 1:colcon.colcon_core.environment:checking '/home/cev/SLAMv2/install/lidar_odometry/bin'
[7.495s] INFO:colcon.colcon_core.shell:Creating package script '/home/cev/SLAMv2/install/lidar_odometry/share/lidar_odometry/package.ps1'
[7.500s] INFO:colcon.colcon_core.shell:Creating package descriptor '/home/cev/SLAMv2/install/lidar_odometry/share/lidar_odometry/package.dsv'
[7.504s] INFO:colcon.colcon_core.shell:Creating package script '/home/cev/SLAMv2/install/lidar_odometry/share/lidar_odometry/package.sh'
[7.508s] INFO:colcon.colcon_core.shell:Creating package script '/home/cev/SLAMv2/install/lidar_odometry/share/lidar_odometry/package.bash'
[7.513s] INFO:colcon.colcon_core.shell:Creating package script '/home/cev/SLAMv2/install/lidar_odometry/share/lidar_odometry/package.zsh'
[7.517s] Level 1:colcon.colcon_core.environment:create_file_with_runtime_dependencies(/home/cev/SLAMv2/install/lidar_odometry/share/colcon-core/packages/lidar_odometry)
[7.520s] Level 1:colcon.colcon_core.environment:create_environment_scripts_only(lidar_odometry)
[7.522s] Level 1:colcon.colcon_core.environment:checking '/home/cev/SLAMv2/install/lidar_odometry' for CMake module files
[7.525s] Level 1:colcon.colcon_core.environment:checking '/home/cev/SLAMv2/install/lidar_odometry' for CMake config files
[7.527s] Level 1:colcon.colcon_core.shell:create_environment_hook('lidar_odometry', 'cmake_prefix_path')
[7.529s] INFO:colcon.colcon_core.shell:Creating environment hook '/home/cev/SLAMv2/install/lidar_odometry/share/lidar_odometry/hook/cmake_prefix_path.ps1'
[7.531s] INFO:colcon.colcon_core.shell:Creating environment descriptor '/home/cev/SLAMv2/install/lidar_odometry/share/lidar_odometry/hook/cmake_prefix_path.dsv'
[7.533s] INFO:colcon.colcon_core.shell:Creating environment hook '/home/cev/SLAMv2/install/lidar_odometry/share/lidar_odometry/hook/cmake_prefix_path.sh'
[7.536s] Level 1:colcon.colcon_core.environment:checking '/home/cev/SLAMv2/install/lidar_odometry/lib'
[7.536s] Level 1:colcon.colcon_core.environment:checking '/home/cev/SLAMv2/install/lidar_odometry/bin'
[7.537s] Level 1:colcon.colcon_core.environment:checking '/home/cev/SLAMv2/install/lidar_odometry/lib/pkgconfig/lidar_odometry.pc'
[7.538s] Level 1:colcon.colcon_core.environment:checking '/home/cev/SLAMv2/install/lidar_odometry/lib/python3.10/site-packages'
[7.540s] Level 1:colcon.colcon_core.environment:checking '/home/cev/SLAMv2/install/lidar_odometry/bin'
[7.541s] INFO:colcon.colcon_core.shell:Creating package script '/home/cev/SLAMv2/install/lidar_odometry/share/lidar_odometry/package.ps1'
[7.543s] INFO:colcon.colcon_core.shell:Creating package descriptor '/home/cev/SLAMv2/install/lidar_odometry/share/lidar_odometry/package.dsv'
[7.546s] INFO:colcon.colcon_core.shell:Creating package script '/home/cev/SLAMv2/install/lidar_odometry/share/lidar_odometry/package.sh'
[7.548s] INFO:colcon.colcon_core.shell:Creating package script '/home/cev/SLAMv2/install/lidar_odometry/share/lidar_odometry/package.bash'
[7.552s] INFO:colcon.colcon_core.shell:Creating package script '/home/cev/SLAMv2/install/lidar_odometry/share/lidar_odometry/package.zsh'
[7.554s] Level 1:colcon.colcon_core.environment:create_file_with_runtime_dependencies(/home/cev/SLAMv2/install/lidar_odometry/share/colcon-core/packages/lidar_odometry)
[7.555s] DEBUG:colcon.colcon_parallel_executor.executor.parallel:closing loop
[7.556s] DEBUG:colcon.colcon_parallel_executor.executor.parallel:loop closed
[7.556s] DEBUG:colcon.colcon_parallel_executor.executor.parallel:run_until_complete finished with '0'
[7.557s] DEBUG:colcon.colcon_core.event_reactor:joining thread
[7.584s] INFO:colcon.colcon_core.plugin_system:Skipping extension 'colcon_notification.desktop_notification.notify_send': Could not find 'notify-send'
[7.585s] INFO:colcon.colcon_core.plugin_system:Skipping extension 'colcon_notification.desktop_notification.terminal_notifier': Not used on non-Darwin systems
[7.585s] INFO:colcon.colcon_core.plugin_system:Skipping extension 'colcon_notification.desktop_notification.win32': Not used on non-Windows systems
[7.586s] INFO:colcon.colcon_notification.desktop_notification:Sending desktop notification using 'notify2'
[7.620s] DEBUG:colcon.colcon_notification.desktop_notification.notify2:Failed to initialize notify2: org.freedesktop.DBus.Error.ServiceUnknown: The name org.freedesktop.Notifications was not provided by any .service files
[7.620s] DEBUG:colcon.colcon_core.event_reactor:joined thread
[7.621s] INFO:colcon.colcon_core.shell:Creating prefix script '/home/cev/SLAMv2/install/local_setup.ps1'
[7.628s] INFO:colcon.colcon_core.shell:Creating prefix util module '/home/cev/SLAMv2/install/_local_setup_util_ps1.py'
[7.637s] INFO:colcon.colcon_core.shell:Creating prefix chain script '/home/cev/SLAMv2/install/setup.ps1'
[7.645s] INFO:colcon.colcon_core.shell:Creating prefix script '/home/cev/SLAMv2/install/local_setup.sh'
[7.649s] INFO:colcon.colcon_core.shell:Creating prefix util module '/home/cev/SLAMv2/install/_local_setup_util_sh.py'
[7.653s] INFO:colcon.colcon_core.shell:Creating prefix chain script '/home/cev/SLAMv2/install/setup.sh'
[7.661s] INFO:colcon.colcon_core.shell:Creating prefix script '/home/cev/SLAMv2/install/local_setup.bash'
[7.665s] INFO:colcon.colcon_core.shell:Creating prefix chain script '/home/cev/SLAMv2/install/setup.bash'
[7.672s] INFO:colcon.colcon_core.shell:Creating prefix script '/home/cev/SLAMv2/install/local_setup.zsh'
[7.676s] INFO:colcon.colcon_core.shell:Creating prefix chain script '/home/cev/SLAMv2/install/setup.zsh'
