[0.040s] Invoking command in '/home/cev/SLAMv2/build/cev_pose_graph_slam': /usr/bin/cmake /home/cev/SLAMv2/src/cev_pose_graph_slam -DCMAKE_INSTALL_PREFIX=/home/cev/SLAMv2/install/cev_pose_graph_slam
[0.079s] -- Found ament_cmake: 1.3.14 (/opt/ros/humble/share/ament_cmake/cmake)
[0.688s] Traceback (most recent call last):
[0.689s]   File "/opt/ros/humble/share/ament_cmake_core/cmake/package_templates/templates_2_cmake.py", line 21, in <module>
[0.690s]     from ament_package.templates import get_environment_hook_template_path
[0.692s] ModuleNotFoundError: No module named 'ament_package'
[0.749s] [31mCMake Error at /opt/ros/humble/share/ament_cmake_core/cmake/ament_cmake_package_templates-extras.cmake:41 (message):
[0.749s]   execute_process(/usr/bin/python3
[0.750s]   /opt/ros/humble/share/ament_cmake_core/cmake/package_templates/templates_2_cmake.py
[0.750s]   /home/cev/SLAMv2/build/cev_pose_graph_slam/ament_cmake_package_templates/templates.cmake)
[0.750s]   returned error code 1
[0.751s] Call Stack (most recent call first):
[0.751s]   /opt/ros/humble/share/ament_cmake_core/cmake/ament_cmake_coreConfig.cmake:41 (include)
[0.752s]   /opt/ros/humble/share/ament_cmake/cmake/ament_cmake_export_dependencies-extras.cmake:15 (find_package)
[0.752s]   /opt/ros/humble/share/ament_cmake/cmake/ament_cmakeConfig.cmake:41 (include)
[0.752s]   CMakeLists.txt:4 (find_package)
[0.753s] 
[0.754s] [0m
[0.755s] -- Configuring incomplete, errors occurred!
[0.756s] See also "/home/cev/SLAMv2/build/cev_pose_graph_slam/CMakeFiles/CMakeOutput.log".
[0.761s] Invoked command in '/home/cev/SLAMv2/build/cev_pose_graph_slam' returned '1': /usr/bin/cmake /home/cev/SLAMv2/src/cev_pose_graph_slam -DCMAKE_INSTALL_PREFIX=/home/cev/SLAMv2/install/cev_pose_graph_slam
