[0.449s] DEBUG:colcon:Command line arguments: ['/usr/bin/colcon', 'build', '--symlink-install']
[0.450s] DEBUG:colcon:Parsed command line arguments: Namespace(log_base=None, log_level=None, verb_name='build', build_base='build', install_base='install', merge_install=False, symlink_install=True, test_result_base=None, continue_on_error=False, executor='parallel', parallel_workers=4, event_handlers=None, ignore_user_meta=False, metas=['./colcon.meta'], base_paths=['.'], packages_ignore=None, packages_ignore_regex=None, paths=None, packages_up_to=None, packages_up_to_regex=None, packages_above=None, packages_above_and_dependencies=None, packages_above_depth=None, packages_select_by_dep=None, packages_skip_by_dep=None, packages_skip_up_to=None, packages_select_build_failed=False, packages_skip_build_finished=False, packages_select_test_failures=False, packages_skip_test_passed=False, packages_select=None, packages_skip=None, packages_select_regex=None, packages_skip_regex=None, packages_start=None, packages_end=None, allow_overriding=[], cmake_args=None, cmake_target=None, cmake_target_skip_unavailable=False, cmake_clean_cache=False, cmake_clean_first=False, cmake_force_configure=False, ament_cmake_args=None, catkin_cmake_args=None, catkin_skip_building_tests=False, mixin_files=None, mixin=None, verb_parser=<colcon_mixin.mixin.mixin_argument.MixinArgumentDecorator object at 0xffff7e2a91b0>, verb_extension=<colcon_core.verb.build.BuildVerb object at 0xffff7e452110>, main=<bound method BuildVerb.main of <colcon_core.verb.build.BuildVerb object at 0xffff7e452110>>, mixin_verb=('build',))
[1.270s] Level 1:colcon.colcon_core.package_discovery:discover_packages(colcon_meta) check parameters
[1.270s] Level 1:colcon.colcon_core.package_discovery:discover_packages(recursive) check parameters
[1.271s] Level 1:colcon.colcon_core.package_discovery:discover_packages(ignore) check parameters
[1.271s] Level 1:colcon.colcon_core.package_discovery:discover_packages(path) check parameters
[1.271s] Level 1:colcon.colcon_core.package_discovery:discover_packages(colcon_meta) discover
[1.271s] Level 1:colcon.colcon_core.package_discovery:discover_packages(recursive) discover
[1.271s] INFO:colcon.colcon_core.package_discovery:Crawling recursively for packages in '/home/cev/SLAMv2'
[1.272s] Level 1:colcon.colcon_core.package_identification:_identify(.) by extensions ['ignore', 'ignore_ament_install']
[1.272s] Level 1:colcon.colcon_core.package_identification:_identify(.) by extension 'ignore'
[1.273s] Level 1:colcon.colcon_core.package_identification:_identify(.) by extension 'ignore_ament_install'
[1.273s] Level 1:colcon.colcon_core.package_identification:_identify(.) by extensions ['colcon_pkg']
[1.273s] Level 1:colcon.colcon_core.package_identification:_identify(.) by extension 'colcon_pkg'
[1.273s] Level 1:colcon.colcon_core.package_identification:_identify(.) by extensions ['colcon_meta']
[1.273s] Level 1:colcon.colcon_core.package_identification:_identify(.) by extension 'colcon_meta'
[1.274s] Level 1:colcon.colcon_core.package_identification:_identify(.) by extensions ['ros']
[1.274s] Level 1:colcon.colcon_core.package_identification:_identify(.) by extension 'ros'
[1.317s] Level 1:colcon.colcon_core.package_identification:_identify(.) by extensions ['cmake', 'python']
[1.317s] Level 1:colcon.colcon_core.package_identification:_identify(.) by extension 'cmake'
[1.318s] Level 1:colcon.colcon_core.package_identification:_identify(.) by extension 'python'
[1.318s] Level 1:colcon.colcon_core.package_identification:_identify(.) by extensions ['python_setup_py']
[1.318s] Level 1:colcon.colcon_core.package_identification:_identify(.) by extension 'python_setup_py'
[1.319s] Level 1:colcon.colcon_core.package_identification:_identify(build) by extensions ['ignore', 'ignore_ament_install']
[1.319s] Level 1:colcon.colcon_core.package_identification:_identify(build) by extension 'ignore'
[1.319s] Level 1:colcon.colcon_core.package_identification:_identify(build) ignored
[1.320s] Level 1:colcon.colcon_core.package_identification:_identify(install) by extensions ['ignore', 'ignore_ament_install']
[1.320s] Level 1:colcon.colcon_core.package_identification:_identify(install) by extension 'ignore'
[1.320s] Level 1:colcon.colcon_core.package_identification:_identify(install) ignored
[1.321s] Level 1:colcon.colcon_core.package_identification:_identify(log) by extensions ['ignore', 'ignore_ament_install']
[1.321s] Level 1:colcon.colcon_core.package_identification:_identify(log) by extension 'ignore'
[1.322s] Level 1:colcon.colcon_core.package_identification:_identify(log) ignored
[1.322s] Level 1:colcon.colcon_core.package_identification:_identify(src) by extensions ['ignore', 'ignore_ament_install']
[1.322s] Level 1:colcon.colcon_core.package_identification:_identify(src) by extension 'ignore'
[1.323s] Level 1:colcon.colcon_core.package_identification:_identify(src) by extension 'ignore_ament_install'
[1.323s] Level 1:colcon.colcon_core.package_identification:_identify(src) by extensions ['colcon_pkg']
[1.323s] Level 1:colcon.colcon_core.package_identification:_identify(src) by extension 'colcon_pkg'
[1.323s] Level 1:colcon.colcon_core.package_identification:_identify(src) by extensions ['colcon_meta']
[1.323s] Level 1:colcon.colcon_core.package_identification:_identify(src) by extension 'colcon_meta'
[1.323s] Level 1:colcon.colcon_core.package_identification:_identify(src) by extensions ['ros']
[1.324s] Level 1:colcon.colcon_core.package_identification:_identify(src) by extension 'ros'
[1.324s] Level 1:colcon.colcon_core.package_identification:_identify(src) by extensions ['cmake', 'python']
[1.324s] Level 1:colcon.colcon_core.package_identification:_identify(src) by extension 'cmake'
[1.324s] Level 1:colcon.colcon_core.package_identification:_identify(src) by extension 'python'
[1.324s] Level 1:colcon.colcon_core.package_identification:_identify(src) by extensions ['python_setup_py']
[1.325s] Level 1:colcon.colcon_core.package_identification:_identify(src) by extension 'python_setup_py'
[1.325s] Level 1:colcon.colcon_core.package_identification:_identify(src/cev_lidar_odometry_ros2) by extensions ['ignore', 'ignore_ament_install']
[1.326s] Level 1:colcon.colcon_core.package_identification:_identify(src/cev_lidar_odometry_ros2) by extension 'ignore'
[1.326s] Level 1:colcon.colcon_core.package_identification:_identify(src/cev_lidar_odometry_ros2) by extension 'ignore_ament_install'
[1.326s] Level 1:colcon.colcon_core.package_identification:_identify(src/cev_lidar_odometry_ros2) by extensions ['colcon_pkg']
[1.326s] Level 1:colcon.colcon_core.package_identification:_identify(src/cev_lidar_odometry_ros2) by extension 'colcon_pkg'
[1.326s] Level 1:colcon.colcon_core.package_identification:_identify(src/cev_lidar_odometry_ros2) by extensions ['colcon_meta']
[1.326s] Level 1:colcon.colcon_core.package_identification:_identify(src/cev_lidar_odometry_ros2) by extension 'colcon_meta'
[1.327s] Level 1:colcon.colcon_core.package_identification:_identify(src/cev_lidar_odometry_ros2) by extensions ['ros']
[1.327s] Level 1:colcon.colcon_core.package_identification:_identify(src/cev_lidar_odometry_ros2) by extension 'ros'
[1.335s] DEBUG:colcon.colcon_core.package_identification:Package 'src/cev_lidar_odometry_ros2' with type 'ros.ament_cmake' and name 'lidar_odometry'
[1.336s] Level 1:colcon.colcon_core.package_identification:_identify(src/cev_pose_graph_slam) by extensions ['ignore', 'ignore_ament_install']
[1.337s] Level 1:colcon.colcon_core.package_identification:_identify(src/cev_pose_graph_slam) by extension 'ignore'
[1.337s] Level 1:colcon.colcon_core.package_identification:_identify(src/cev_pose_graph_slam) by extension 'ignore_ament_install'
[1.337s] Level 1:colcon.colcon_core.package_identification:_identify(src/cev_pose_graph_slam) by extensions ['colcon_pkg']
[1.337s] Level 1:colcon.colcon_core.package_identification:_identify(src/cev_pose_graph_slam) by extension 'colcon_pkg'
[1.337s] Level 1:colcon.colcon_core.package_identification:_identify(src/cev_pose_graph_slam) by extensions ['colcon_meta']
[1.338s] Level 1:colcon.colcon_core.package_identification:_identify(src/cev_pose_graph_slam) by extension 'colcon_meta'
[1.338s] Level 1:colcon.colcon_core.package_identification:_identify(src/cev_pose_graph_slam) by extensions ['ros']
[1.338s] Level 1:colcon.colcon_core.package_identification:_identify(src/cev_pose_graph_slam) by extension 'ros'
[1.341s] DEBUG:colcon.colcon_core.package_identification:Package 'src/cev_pose_graph_slam' with type 'ros.ament_cmake' and name 'cev_pose_graph_slam'
[1.342s] Level 1:colcon.colcon_core.package_identification:_identify(src/icp) by extensions ['ignore', 'ignore_ament_install']
[1.343s] Level 1:colcon.colcon_core.package_identification:_identify(src/icp) by extension 'ignore'
[1.343s] Level 1:colcon.colcon_core.package_identification:_identify(src/icp) by extension 'ignore_ament_install'
[1.343s] Level 1:colcon.colcon_core.package_identification:_identify(src/icp) by extensions ['colcon_pkg']
[1.343s] Level 1:colcon.colcon_core.package_identification:_identify(src/icp) by extension 'colcon_pkg'
[1.343s] Level 1:colcon.colcon_core.package_identification:_identify(src/icp) by extensions ['colcon_meta']
[1.344s] Level 1:colcon.colcon_core.package_identification:_identify(src/icp) by extension 'colcon_meta'
[1.344s] Level 1:colcon.colcon_core.package_identification:_identify(src/icp) by extensions ['ros']
[1.344s] Level 1:colcon.colcon_core.package_identification:_identify(src/icp) by extension 'ros'
[1.344s] Level 1:colcon.colcon_core.package_identification:_identify(src/icp) by extensions ['cmake', 'python']
[1.344s] Level 1:colcon.colcon_core.package_identification:_identify(src/icp) by extension 'cmake'
[1.354s] Level 1:colcon.colcon_core.package_identification:_identify(src/icp) by extension 'python'
[1.355s] DEBUG:colcon.colcon_core.package_identification:Package 'src/icp' with type 'cmake' and name 'CevIcp'
[1.355s] Level 1:colcon.colcon_core.package_identification:_identify(src/script) by extensions ['ignore', 'ignore_ament_install']
[1.356s] Level 1:colcon.colcon_core.package_identification:_identify(src/script) by extension 'ignore'
[1.356s] Level 1:colcon.colcon_core.package_identification:_identify(src/script) by extension 'ignore_ament_install'
[1.356s] Level 1:colcon.colcon_core.package_identification:_identify(src/script) by extensions ['colcon_pkg']
[1.356s] Level 1:colcon.colcon_core.package_identification:_identify(src/script) by extension 'colcon_pkg'
[1.357s] Level 1:colcon.colcon_core.package_identification:_identify(src/script) by extensions ['colcon_meta']
[1.357s] Level 1:colcon.colcon_core.package_identification:_identify(src/script) by extension 'colcon_meta'
[1.357s] Level 1:colcon.colcon_core.package_identification:_identify(src/script) by extensions ['ros']
[1.357s] Level 1:colcon.colcon_core.package_identification:_identify(src/script) by extension 'ros'
[1.358s] Level 1:colcon.colcon_core.package_identification:_identify(src/script) by extensions ['cmake', 'python']
[1.358s] Level 1:colcon.colcon_core.package_identification:_identify(src/script) by extension 'cmake'
[1.358s] Level 1:colcon.colcon_core.package_identification:_identify(src/script) by extension 'python'
[1.359s] Level 1:colcon.colcon_core.package_identification:_identify(src/script) by extensions ['python_setup_py']
[1.359s] Level 1:colcon.colcon_core.package_identification:_identify(src/script) by extension 'python_setup_py'
[1.359s] Level 1:colcon.colcon_core.package_identification:_identify(src/witmotion_ros2) by extensions ['ignore', 'ignore_ament_install']
[1.360s] Level 1:colcon.colcon_core.package_identification:_identify(src/witmotion_ros2) by extension 'ignore'
[1.360s] Level 1:colcon.colcon_core.package_identification:_identify(src/witmotion_ros2) by extension 'ignore_ament_install'
[1.360s] Level 1:colcon.colcon_core.package_identification:_identify(src/witmotion_ros2) by extensions ['colcon_pkg']
[1.361s] Level 1:colcon.colcon_core.package_identification:_identify(src/witmotion_ros2) by extension 'colcon_pkg'
[1.361s] Level 1:colcon.colcon_core.package_identification:_identify(src/witmotion_ros2) by extensions ['colcon_meta']
[1.361s] Level 1:colcon.colcon_core.package_identification:_identify(src/witmotion_ros2) by extension 'colcon_meta'
[1.361s] Level 1:colcon.colcon_core.package_identification:_identify(src/witmotion_ros2) by extensions ['ros']
[1.361s] Level 1:colcon.colcon_core.package_identification:_identify(src/witmotion_ros2) by extension 'ros'
[1.365s] DEBUG:colcon.colcon_core.package_identification:Package 'src/witmotion_ros2' with type 'ros.ament_cmake' and name 'witmotion_ros2'
[1.366s] Level 1:colcon.colcon_core.package_identification:_identify(tmp) by extensions ['ignore', 'ignore_ament_install']
[1.366s] Level 1:colcon.colcon_core.package_identification:_identify(tmp) by extension 'ignore'
[1.367s] Level 1:colcon.colcon_core.package_identification:_identify(tmp) by extension 'ignore_ament_install'
[1.367s] Level 1:colcon.colcon_core.package_identification:_identify(tmp) by extensions ['colcon_pkg']
[1.367s] Level 1:colcon.colcon_core.package_identification:_identify(tmp) by extension 'colcon_pkg'
[1.367s] Level 1:colcon.colcon_core.package_identification:_identify(tmp) by extensions ['colcon_meta']
[1.367s] Level 1:colcon.colcon_core.package_identification:_identify(tmp) by extension 'colcon_meta'
[1.367s] Level 1:colcon.colcon_core.package_identification:_identify(tmp) by extensions ['ros']
[1.368s] Level 1:colcon.colcon_core.package_identification:_identify(tmp) by extension 'ros'
[1.368s] Level 1:colcon.colcon_core.package_identification:_identify(tmp) by extensions ['cmake', 'python']
[1.368s] Level 1:colcon.colcon_core.package_identification:_identify(tmp) by extension 'cmake'
[1.368s] Level 1:colcon.colcon_core.package_identification:_identify(tmp) by extension 'python'
[1.368s] Level 1:colcon.colcon_core.package_identification:_identify(tmp) by extensions ['python_setup_py']
[1.369s] Level 1:colcon.colcon_core.package_identification:_identify(tmp) by extension 'python_setup_py'
[1.369s] Level 1:colcon.colcon_core.package_discovery:discover_packages(recursive) using defaults
[1.369s] Level 1:colcon.colcon_core.package_discovery:discover_packages(ignore) discover
[1.369s] Level 1:colcon.colcon_core.package_discovery:discover_packages(ignore) using defaults
[1.369s] Level 1:colcon.colcon_core.package_discovery:discover_packages(path) discover
[1.369s] Level 1:colcon.colcon_core.package_discovery:discover_packages(path) using defaults
[1.483s] Level 1:colcon.colcon_core.package_discovery:discover_packages(prefix_path) check parameters
[1.483s] Level 1:colcon.colcon_core.package_discovery:discover_packages(prefix_path) discover
[1.492s] DEBUG:colcon.colcon_installed_package_information.package_discovery:Found 3 installed packages in /home/cev/SLAMv2/install
[1.502s] DEBUG:colcon.colcon_installed_package_information.package_discovery:Found 279 installed packages in /opt/ros/humble
[1.508s] Level 1:colcon.colcon_core.package_discovery:discover_packages(prefix_path) using defaults
[1.681s] Level 5:colcon.colcon_core.verb:set package 'CevIcp' build argument 'cmake_args' from command line to 'None'
[1.681s] Level 5:colcon.colcon_core.verb:set package 'CevIcp' build argument 'cmake_target' from command line to 'None'
[1.681s] Level 5:colcon.colcon_core.verb:set package 'CevIcp' build argument 'cmake_target_skip_unavailable' from command line to 'False'
[1.681s] Level 5:colcon.colcon_core.verb:set package 'CevIcp' build argument 'cmake_clean_cache' from command line to 'False'
[1.682s] Level 5:colcon.colcon_core.verb:set package 'CevIcp' build argument 'cmake_clean_first' from command line to 'False'
[1.682s] Level 5:colcon.colcon_core.verb:set package 'CevIcp' build argument 'cmake_force_configure' from command line to 'False'
[1.682s] Level 5:colcon.colcon_core.verb:set package 'CevIcp' build argument 'ament_cmake_args' from command line to 'None'
[1.682s] Level 5:colcon.colcon_core.verb:set package 'CevIcp' build argument 'catkin_cmake_args' from command line to 'None'
[1.682s] Level 5:colcon.colcon_core.verb:set package 'CevIcp' build argument 'catkin_skip_building_tests' from command line to 'False'
[1.682s] DEBUG:colcon.colcon_core.verb:Building package 'CevIcp' with the following arguments: {'ament_cmake_args': None, 'build_base': '/home/cev/SLAMv2/build/CevIcp', 'catkin_cmake_args': None, 'catkin_skip_building_tests': False, 'cmake_args': None, 'cmake_clean_cache': False, 'cmake_clean_first': False, 'cmake_force_configure': False, 'cmake_target': None, 'cmake_target_skip_unavailable': False, 'install_base': '/home/cev/SLAMv2/install/CevIcp', 'merge_install': False, 'path': '/home/cev/SLAMv2/src/icp', 'symlink_install': True, 'test_result_base': None}
[1.684s] Level 5:colcon.colcon_core.verb:set package 'cev_pose_graph_slam' build argument 'cmake_args' from command line to 'None'
[1.684s] Level 5:colcon.colcon_core.verb:set package 'cev_pose_graph_slam' build argument 'cmake_target' from command line to 'None'
[1.684s] Level 5:colcon.colcon_core.verb:set package 'cev_pose_graph_slam' build argument 'cmake_target_skip_unavailable' from command line to 'False'
[1.684s] Level 5:colcon.colcon_core.verb:set package 'cev_pose_graph_slam' build argument 'cmake_clean_cache' from command line to 'False'
[1.684s] Level 5:colcon.colcon_core.verb:set package 'cev_pose_graph_slam' build argument 'cmake_clean_first' from command line to 'False'
[1.684s] Level 5:colcon.colcon_core.verb:set package 'cev_pose_graph_slam' build argument 'cmake_force_configure' from command line to 'False'
[1.685s] Level 5:colcon.colcon_core.verb:set package 'cev_pose_graph_slam' build argument 'ament_cmake_args' from command line to 'None'
[1.685s] Level 5:colcon.colcon_core.verb:set package 'cev_pose_graph_slam' build argument 'catkin_cmake_args' from command line to 'None'
[1.685s] Level 5:colcon.colcon_core.verb:set package 'cev_pose_graph_slam' build argument 'catkin_skip_building_tests' from command line to 'False'
[1.685s] DEBUG:colcon.colcon_core.verb:Building package 'cev_pose_graph_slam' with the following arguments: {'ament_cmake_args': None, 'build_base': '/home/cev/SLAMv2/build/cev_pose_graph_slam', 'catkin_cmake_args': None, 'catkin_skip_building_tests': False, 'cmake_args': None, 'cmake_clean_cache': False, 'cmake_clean_first': False, 'cmake_force_configure': False, 'cmake_target': None, 'cmake_target_skip_unavailable': False, 'install_base': '/home/cev/SLAMv2/install/cev_pose_graph_slam', 'merge_install': False, 'path': '/home/cev/SLAMv2/src/cev_pose_graph_slam', 'symlink_install': True, 'test_result_base': None}
[1.686s] Level 5:colcon.colcon_core.verb:set package 'lidar_odometry' build argument 'cmake_args' from command line to 'None'
[1.687s] Level 5:colcon.colcon_core.verb:set package 'lidar_odometry' build argument 'cmake_target' from command line to 'None'
[1.687s] Level 5:colcon.colcon_core.verb:set package 'lidar_odometry' build argument 'cmake_target_skip_unavailable' from command line to 'False'
[1.687s] Level 5:colcon.colcon_core.verb:set package 'lidar_odometry' build argument 'cmake_clean_cache' from command line to 'False'
[1.687s] Level 5:colcon.colcon_core.verb:set package 'lidar_odometry' build argument 'cmake_clean_first' from command line to 'False'
[1.687s] Level 5:colcon.colcon_core.verb:set package 'lidar_odometry' build argument 'cmake_force_configure' from command line to 'False'
[1.687s] Level 5:colcon.colcon_core.verb:set package 'lidar_odometry' build argument 'ament_cmake_args' from command line to 'None'
[1.687s] Level 5:colcon.colcon_core.verb:set package 'lidar_odometry' build argument 'catkin_cmake_args' from command line to 'None'
[1.687s] Level 5:colcon.colcon_core.verb:set package 'lidar_odometry' build argument 'catkin_skip_building_tests' from command line to 'False'
[1.688s] DEBUG:colcon.colcon_core.verb:Building package 'lidar_odometry' with the following arguments: {'ament_cmake_args': None, 'build_base': '/home/cev/SLAMv2/build/lidar_odometry', 'catkin_cmake_args': None, 'catkin_skip_building_tests': False, 'cmake_args': None, 'cmake_clean_cache': False, 'cmake_clean_first': False, 'cmake_force_configure': False, 'cmake_target': None, 'cmake_target_skip_unavailable': False, 'install_base': '/home/cev/SLAMv2/install/lidar_odometry', 'merge_install': False, 'path': '/home/cev/SLAMv2/src/cev_lidar_odometry_ros2', 'symlink_install': True, 'test_result_base': None}
[1.689s] Level 5:colcon.colcon_core.verb:set package 'witmotion_ros2' build argument 'cmake_args' from command line to 'None'
[1.689s] Level 5:colcon.colcon_core.verb:set package 'witmotion_ros2' build argument 'cmake_target' from command line to 'None'
[1.689s] Level 5:colcon.colcon_core.verb:set package 'witmotion_ros2' build argument 'cmake_target_skip_unavailable' from command line to 'False'
[1.689s] Level 5:colcon.colcon_core.verb:set package 'witmotion_ros2' build argument 'cmake_clean_cache' from command line to 'False'
[1.690s] Level 5:colcon.colcon_core.verb:set package 'witmotion_ros2' build argument 'cmake_clean_first' from command line to 'False'
[1.690s] Level 5:colcon.colcon_core.verb:set package 'witmotion_ros2' build argument 'cmake_force_configure' from command line to 'False'
[1.690s] Level 5:colcon.colcon_core.verb:set package 'witmotion_ros2' build argument 'ament_cmake_args' from command line to 'None'
[1.690s] Level 5:colcon.colcon_core.verb:set package 'witmotion_ros2' build argument 'catkin_cmake_args' from command line to 'None'
[1.690s] Level 5:colcon.colcon_core.verb:set package 'witmotion_ros2' build argument 'catkin_skip_building_tests' from command line to 'False'
[1.690s] DEBUG:colcon.colcon_core.verb:Building package 'witmotion_ros2' with the following arguments: {'ament_cmake_args': None, 'build_base': '/home/cev/SLAMv2/build/witmotion_ros2', 'catkin_cmake_args': None, 'catkin_skip_building_tests': False, 'cmake_args': None, 'cmake_clean_cache': False, 'cmake_clean_first': False, 'cmake_force_configure': False, 'cmake_target': None, 'cmake_target_skip_unavailable': False, 'install_base': '/home/cev/SLAMv2/install/witmotion_ros2', 'merge_install': False, 'path': '/home/cev/SLAMv2/src/witmotion_ros2', 'symlink_install': True, 'test_result_base': None}
[1.691s] INFO:colcon.colcon_core.executor:Executing jobs using 'parallel' executor
[1.694s] DEBUG:colcon.colcon_parallel_executor.executor.parallel:run_until_complete
[1.695s] INFO:colcon.colcon_cmake.task.cmake.build:Building CMake package in '/home/cev/SLAMv2/src/icp'
[1.705s] INFO:colcon.colcon_core.plugin_system:Skipping extension 'colcon_core.shell.bat': Not used on non-Windows systems
[1.706s] INFO:colcon.colcon_core.shell:Skip shell extension 'powershell' for command environment: Not usable outside of PowerShell
[1.706s] DEBUG:colcon.colcon_core.shell:Skip shell extension 'dsv' for command environment
[1.726s] INFO:colcon.colcon_ros.task.ament_cmake.build:Building ROS package in '/home/cev/SLAMv2/src/cev_pose_graph_slam' with build type 'ament_cmake'
[1.726s] INFO:colcon.colcon_cmake.task.cmake.build:Building CMake package in '/home/cev/SLAMv2/src/cev_pose_graph_slam'
[1.728s] INFO:colcon.colcon_core.shell:Skip shell extension 'powershell' for command environment: Not usable outside of PowerShell
[1.728s] DEBUG:colcon.colcon_core.shell:Skip shell extension 'dsv' for command environment
[1.748s] INFO:colcon.colcon_ros.task.ament_cmake.build:Building ROS package in '/home/cev/SLAMv2/src/cev_lidar_odometry_ros2' with build type 'ament_cmake'
[1.749s] INFO:colcon.colcon_cmake.task.cmake.build:Building CMake package in '/home/cev/SLAMv2/src/cev_lidar_odometry_ros2'
[1.750s] INFO:colcon.colcon_core.shell:Skip shell extension 'powershell' for command environment: Not usable outside of PowerShell
[1.750s] DEBUG:colcon.colcon_core.shell:Skip shell extension 'dsv' for command environment
[1.770s] INFO:colcon.colcon_ros.task.ament_cmake.build:Building ROS package in '/home/cev/SLAMv2/src/witmotion_ros2' with build type 'ament_cmake'
[1.771s] INFO:colcon.colcon_cmake.task.cmake.build:Building CMake package in '/home/cev/SLAMv2/src/witmotion_ros2'
[1.772s] INFO:colcon.colcon_core.shell:Skip shell extension 'powershell' for command environment: Not usable outside of PowerShell
[1.773s] DEBUG:colcon.colcon_core.shell:Skip shell extension 'dsv' for command environment
[1.825s] DEBUG:colcon.colcon_core.event_handler.log_command:Invoking command in '/home/cev/SLAMv2/build/CevIcp': /usr/bin/cmake --build /home/cev/SLAMv2/build/CevIcp -- -j4 -l4
[1.855s] DEBUG:colcon.colcon_core.event_handler.log_command:Invoking command in '/home/cev/SLAMv2/build/cev_pose_graph_slam': CMAKE_PREFIX_PATH=${CMAKE_PREFIX_PATH}:/opt/ros/humble /usr/bin/cmake --build /home/cev/SLAMv2/build/cev_pose_graph_slam -- -j4 -l4
[1.867s] DEBUG:colcon.colcon_core.event_handler.log_command:Invoking command in '/home/cev/SLAMv2/build/lidar_odometry': CMAKE_PREFIX_PATH=${CMAKE_PREFIX_PATH}:/opt/ros/humble /usr/bin/cmake --build /home/cev/SLAMv2/build/lidar_odometry -- -j4 -l4
[1.905s] DEBUG:colcon.colcon_core.event_handler.log_command:Invoking command in '/home/cev/SLAMv2/build/witmotion_ros2': CMAKE_PREFIX_PATH=${CMAKE_PREFIX_PATH}:/opt/ros/humble /usr/bin/cmake --build /home/cev/SLAMv2/build/witmotion_ros2 -- -j4 -l4
[2.327s] DEBUG:colcon.colcon_core.event_handler.log_command:Invoked command in '/home/cev/SLAMv2/build/cev_pose_graph_slam' returned '0': CMAKE_PREFIX_PATH=${CMAKE_PREFIX_PATH}:/opt/ros/humble /usr/bin/cmake --build /home/cev/SLAMv2/build/cev_pose_graph_slam -- -j4 -l4
[2.421s] DEBUG:colcon.colcon_core.event_handler.log_command:Invoking command in '/home/cev/SLAMv2/build/cev_pose_graph_slam': CMAKE_PREFIX_PATH=${CMAKE_PREFIX_PATH}:/opt/ros/humble /usr/bin/cmake --install /home/cev/SLAMv2/build/cev_pose_graph_slam
[2.542s] DEBUG:colcon.colcon_core.event_handler.log_command:Invoked command in '/home/cev/SLAMv2/build/lidar_odometry' returned '0': CMAKE_PREFIX_PATH=${CMAKE_PREFIX_PATH}:/opt/ros/humble /usr/bin/cmake --build /home/cev/SLAMv2/build/lidar_odometry -- -j4 -l4
[2.563s] DEBUG:colcon.colcon_core.event_handler.log_command:Invoking command in '/home/cev/SLAMv2/build/lidar_odometry': CMAKE_PREFIX_PATH=${CMAKE_PREFIX_PATH}:/opt/ros/humble /usr/bin/cmake --install /home/cev/SLAMv2/build/lidar_odometry
[2.596s] Level 1:colcon.colcon_core.environment:create_environment_scripts_only(cev_pose_graph_slam)
[2.608s] DEBUG:colcon.colcon_core.event_handler.log_command:Invoked command in '/home/cev/SLAMv2/build/cev_pose_graph_slam' returned '0': CMAKE_PREFIX_PATH=${CMAKE_PREFIX_PATH}:/opt/ros/humble /usr/bin/cmake --install /home/cev/SLAMv2/build/cev_pose_graph_slam
[2.650s] Level 1:colcon.colcon_core.environment:checking '/home/cev/SLAMv2/install/cev_pose_graph_slam' for CMake module files
[2.661s] Level 1:colcon.colcon_core.environment:checking '/home/cev/SLAMv2/install/cev_pose_graph_slam' for CMake config files
[2.671s] Level 1:colcon.colcon_core.shell:create_environment_hook('cev_pose_graph_slam', 'cmake_prefix_path')
[2.677s] INFO:colcon.colcon_core.shell:Creating environment hook '/home/cev/SLAMv2/install/cev_pose_graph_slam/share/cev_pose_graph_slam/hook/cmake_prefix_path.ps1'
[2.689s] INFO:colcon.colcon_core.shell:Creating environment descriptor '/home/cev/SLAMv2/install/cev_pose_graph_slam/share/cev_pose_graph_slam/hook/cmake_prefix_path.dsv'
[2.694s] INFO:colcon.colcon_core.shell:Creating environment hook '/home/cev/SLAMv2/install/cev_pose_graph_slam/share/cev_pose_graph_slam/hook/cmake_prefix_path.sh'
[2.701s] Level 1:colcon.colcon_core.environment:checking '/home/cev/SLAMv2/install/cev_pose_graph_slam/lib'
[2.703s] Level 1:colcon.colcon_core.environment:checking '/home/cev/SLAMv2/install/cev_pose_graph_slam/bin'
[2.704s] Level 1:colcon.colcon_core.environment:checking '/home/cev/SLAMv2/install/cev_pose_graph_slam/lib/pkgconfig/cev_pose_graph_slam.pc'
[2.706s] Level 1:colcon.colcon_core.environment:checking '/home/cev/SLAMv2/install/cev_pose_graph_slam/lib/python3.10/site-packages'
[2.708s] Level 1:colcon.colcon_core.environment:checking '/home/cev/SLAMv2/install/cev_pose_graph_slam/bin'
[2.711s] INFO:colcon.colcon_core.shell:Creating package script '/home/cev/SLAMv2/install/cev_pose_graph_slam/share/cev_pose_graph_slam/package.ps1'
[2.716s] INFO:colcon.colcon_core.shell:Creating package descriptor '/home/cev/SLAMv2/install/cev_pose_graph_slam/share/cev_pose_graph_slam/package.dsv'
[2.721s] INFO:colcon.colcon_core.shell:Creating package script '/home/cev/SLAMv2/install/cev_pose_graph_slam/share/cev_pose_graph_slam/package.sh'
[2.726s] INFO:colcon.colcon_core.shell:Creating package script '/home/cev/SLAMv2/install/cev_pose_graph_slam/share/cev_pose_graph_slam/package.bash'
[2.732s] INFO:colcon.colcon_core.shell:Creating package script '/home/cev/SLAMv2/install/cev_pose_graph_slam/share/cev_pose_graph_slam/package.zsh'
[2.736s] Level 1:colcon.colcon_core.environment:create_file_with_runtime_dependencies(/home/cev/SLAMv2/install/cev_pose_graph_slam/share/colcon-core/packages/cev_pose_graph_slam)
[2.741s] Level 1:colcon.colcon_core.environment:create_environment_scripts_only(cev_pose_graph_slam)
[2.743s] Level 1:colcon.colcon_core.environment:checking '/home/cev/SLAMv2/install/cev_pose_graph_slam' for CMake module files
[2.747s] Level 1:colcon.colcon_core.environment:checking '/home/cev/SLAMv2/install/cev_pose_graph_slam' for CMake config files
[2.749s] Level 1:colcon.colcon_core.shell:create_environment_hook('cev_pose_graph_slam', 'cmake_prefix_path')
[2.750s] INFO:colcon.colcon_core.shell:Creating environment hook '/home/cev/SLAMv2/install/cev_pose_graph_slam/share/cev_pose_graph_slam/hook/cmake_prefix_path.ps1'
[2.754s] INFO:colcon.colcon_core.shell:Creating environment descriptor '/home/cev/SLAMv2/install/cev_pose_graph_slam/share/cev_pose_graph_slam/hook/cmake_prefix_path.dsv'
[2.758s] INFO:colcon.colcon_core.shell:Creating environment hook '/home/cev/SLAMv2/install/cev_pose_graph_slam/share/cev_pose_graph_slam/hook/cmake_prefix_path.sh'
[2.764s] Level 1:colcon.colcon_core.environment:checking '/home/cev/SLAMv2/install/cev_pose_graph_slam/lib'
[2.765s] Level 1:colcon.colcon_core.environment:checking '/home/cev/SLAMv2/install/cev_pose_graph_slam/bin'
[2.766s] Level 1:colcon.colcon_core.environment:checking '/home/cev/SLAMv2/install/cev_pose_graph_slam/lib/pkgconfig/cev_pose_graph_slam.pc'
[2.768s] Level 1:colcon.colcon_core.environment:checking '/home/cev/SLAMv2/install/cev_pose_graph_slam/lib/python3.10/site-packages'
[2.771s] Level 1:colcon.colcon_core.environment:checking '/home/cev/SLAMv2/install/cev_pose_graph_slam/bin'
[2.773s] INFO:colcon.colcon_core.shell:Creating package script '/home/cev/SLAMv2/install/cev_pose_graph_slam/share/cev_pose_graph_slam/package.ps1'
[2.777s] INFO:colcon.colcon_core.shell:Creating package descriptor '/home/cev/SLAMv2/install/cev_pose_graph_slam/share/cev_pose_graph_slam/package.dsv'
[2.781s] INFO:colcon.colcon_core.shell:Creating package script '/home/cev/SLAMv2/install/cev_pose_graph_slam/share/cev_pose_graph_slam/package.sh'
[2.785s] INFO:colcon.colcon_core.shell:Creating package script '/home/cev/SLAMv2/install/cev_pose_graph_slam/share/cev_pose_graph_slam/package.bash'
[2.789s] INFO:colcon.colcon_core.shell:Creating package script '/home/cev/SLAMv2/install/cev_pose_graph_slam/share/cev_pose_graph_slam/package.zsh'
[2.793s] Level 1:colcon.colcon_core.environment:create_file_with_runtime_dependencies(/home/cev/SLAMv2/install/cev_pose_graph_slam/share/colcon-core/packages/cev_pose_graph_slam)
[2.800s] DEBUG:colcon.colcon_core.event_handler.log_command:Invoked command in '/home/cev/SLAMv2/build/witmotion_ros2' returned '0': CMAKE_PREFIX_PATH=${CMAKE_PREFIX_PATH}:/opt/ros/humble /usr/bin/cmake --build /home/cev/SLAMv2/build/witmotion_ros2 -- -j4 -l4
[2.812s] DEBUG:colcon.colcon_core.event_handler.log_command:Invoking command in '/home/cev/SLAMv2/build/witmotion_ros2': CMAKE_PREFIX_PATH=${CMAKE_PREFIX_PATH}:/opt/ros/humble /usr/bin/cmake --install /home/cev/SLAMv2/build/witmotion_ros2
[2.833s] Level 1:colcon.colcon_core.environment:create_environment_scripts_only(lidar_odometry)
[2.835s] Level 1:colcon.colcon_core.environment:checking '/home/cev/SLAMv2/install/lidar_odometry' for CMake module files
[2.840s] DEBUG:colcon.colcon_core.event_handler.log_command:Invoked command in '/home/cev/SLAMv2/build/lidar_odometry' returned '0': CMAKE_PREFIX_PATH=${CMAKE_PREFIX_PATH}:/opt/ros/humble /usr/bin/cmake --install /home/cev/SLAMv2/build/lidar_odometry
[2.842s] Level 1:colcon.colcon_core.environment:checking '/home/cev/SLAMv2/install/lidar_odometry' for CMake config files
[2.845s] Level 1:colcon.colcon_core.shell:create_environment_hook('lidar_odometry', 'cmake_prefix_path')
[2.851s] INFO:colcon.colcon_core.shell:Creating environment hook '/home/cev/SLAMv2/install/lidar_odometry/share/lidar_odometry/hook/cmake_prefix_path.ps1'
[2.862s] INFO:colcon.colcon_core.shell:Creating environment descriptor '/home/cev/SLAMv2/install/lidar_odometry/share/lidar_odometry/hook/cmake_prefix_path.dsv'
[2.865s] INFO:colcon.colcon_core.shell:Creating environment hook '/home/cev/SLAMv2/install/lidar_odometry/share/lidar_odometry/hook/cmake_prefix_path.sh'
[2.877s] Level 1:colcon.colcon_core.environment:checking '/home/cev/SLAMv2/install/lidar_odometry/lib'
[2.883s] Level 1:colcon.colcon_core.environment:checking '/home/cev/SLAMv2/install/lidar_odometry/bin'
[2.887s] Level 1:colcon.colcon_core.environment:checking '/home/cev/SLAMv2/install/lidar_odometry/lib/pkgconfig/lidar_odometry.pc'
[2.906s] Level 1:colcon.colcon_core.environment:checking '/home/cev/SLAMv2/install/lidar_odometry/lib/python3.10/site-packages'
[2.914s] Level 1:colcon.colcon_core.environment:checking '/home/cev/SLAMv2/install/lidar_odometry/bin'
[2.921s] INFO:colcon.colcon_core.shell:Creating package script '/home/cev/SLAMv2/install/lidar_odometry/share/lidar_odometry/package.ps1'
[2.934s] INFO:colcon.colcon_core.shell:Creating package descriptor '/home/cev/SLAMv2/install/lidar_odometry/share/lidar_odometry/package.dsv'
[2.938s] INFO:colcon.colcon_core.shell:Creating package script '/home/cev/SLAMv2/install/lidar_odometry/share/lidar_odometry/package.sh'
[2.953s] INFO:colcon.colcon_core.shell:Creating package script '/home/cev/SLAMv2/install/lidar_odometry/share/lidar_odometry/package.bash'
[2.958s] INFO:colcon.colcon_core.shell:Creating package script '/home/cev/SLAMv2/install/lidar_odometry/share/lidar_odometry/package.zsh'
[2.962s] Level 1:colcon.colcon_core.environment:create_file_with_runtime_dependencies(/home/cev/SLAMv2/install/lidar_odometry/share/colcon-core/packages/lidar_odometry)
[2.967s] Level 1:colcon.colcon_core.environment:create_environment_scripts_only(lidar_odometry)
[2.969s] Level 1:colcon.colcon_core.environment:checking '/home/cev/SLAMv2/install/lidar_odometry' for CMake module files
[2.974s] Level 1:colcon.colcon_core.environment:checking '/home/cev/SLAMv2/install/lidar_odometry' for CMake config files
[2.977s] Level 1:colcon.colcon_core.shell:create_environment_hook('lidar_odometry', 'cmake_prefix_path')
[2.978s] INFO:colcon.colcon_core.shell:Creating environment hook '/home/cev/SLAMv2/install/lidar_odometry/share/lidar_odometry/hook/cmake_prefix_path.ps1'
[2.981s] INFO:colcon.colcon_core.shell:Creating environment descriptor '/home/cev/SLAMv2/install/lidar_odometry/share/lidar_odometry/hook/cmake_prefix_path.dsv'
[2.984s] INFO:colcon.colcon_core.shell:Creating environment hook '/home/cev/SLAMv2/install/lidar_odometry/share/lidar_odometry/hook/cmake_prefix_path.sh'
[2.989s] Level 1:colcon.colcon_core.environment:checking '/home/cev/SLAMv2/install/lidar_odometry/lib'
[2.990s] Level 1:colcon.colcon_core.environment:checking '/home/cev/SLAMv2/install/lidar_odometry/bin'
[2.991s] Level 1:colcon.colcon_core.environment:checking '/home/cev/SLAMv2/install/lidar_odometry/lib/pkgconfig/lidar_odometry.pc'
[2.993s] Level 1:colcon.colcon_core.environment:checking '/home/cev/SLAMv2/install/lidar_odometry/lib/python3.10/site-packages'
[2.995s] Level 1:colcon.colcon_core.environment:checking '/home/cev/SLAMv2/install/lidar_odometry/bin'
[2.998s] INFO:colcon.colcon_core.shell:Creating package script '/home/cev/SLAMv2/install/lidar_odometry/share/lidar_odometry/package.ps1'
[3.001s] INFO:colcon.colcon_core.shell:Creating package descriptor '/home/cev/SLAMv2/install/lidar_odometry/share/lidar_odometry/package.dsv'
[3.006s] INFO:colcon.colcon_core.shell:Creating package script '/home/cev/SLAMv2/install/lidar_odometry/share/lidar_odometry/package.sh'
[3.012s] INFO:colcon.colcon_core.shell:Creating package script '/home/cev/SLAMv2/install/lidar_odometry/share/lidar_odometry/package.bash'
[3.016s] INFO:colcon.colcon_core.shell:Creating package script '/home/cev/SLAMv2/install/lidar_odometry/share/lidar_odometry/package.zsh'
[3.020s] Level 1:colcon.colcon_core.environment:create_file_with_runtime_dependencies(/home/cev/SLAMv2/install/lidar_odometry/share/colcon-core/packages/lidar_odometry)
[3.049s] Level 1:colcon.colcon_core.environment:create_environment_scripts_only(witmotion_ros2)
[3.051s] Level 1:colcon.colcon_core.environment:checking '/home/cev/SLAMv2/install/witmotion_ros2' for CMake module files
[3.056s] DEBUG:colcon.colcon_core.event_handler.log_command:Invoked command in '/home/cev/SLAMv2/build/witmotion_ros2' returned '0': CMAKE_PREFIX_PATH=${CMAKE_PREFIX_PATH}:/opt/ros/humble /usr/bin/cmake --install /home/cev/SLAMv2/build/witmotion_ros2
[3.057s] Level 1:colcon.colcon_core.environment:checking '/home/cev/SLAMv2/install/witmotion_ros2' for CMake config files
[3.059s] Level 1:colcon.colcon_core.shell:create_environment_hook('witmotion_ros2', 'cmake_prefix_path')
[3.060s] INFO:colcon.colcon_core.shell:Creating environment hook '/home/cev/SLAMv2/install/witmotion_ros2/share/witmotion_ros2/hook/cmake_prefix_path.ps1'
[3.063s] INFO:colcon.colcon_core.shell:Creating environment descriptor '/home/cev/SLAMv2/install/witmotion_ros2/share/witmotion_ros2/hook/cmake_prefix_path.dsv'
[3.065s] INFO:colcon.colcon_core.shell:Creating environment hook '/home/cev/SLAMv2/install/witmotion_ros2/share/witmotion_ros2/hook/cmake_prefix_path.sh'
[3.070s] Level 1:colcon.colcon_core.environment:checking '/home/cev/SLAMv2/install/witmotion_ros2/lib'
[3.071s] Level 1:colcon.colcon_core.environment:checking '/home/cev/SLAMv2/install/witmotion_ros2/bin'
[3.071s] Level 1:colcon.colcon_core.environment:checking '/home/cev/SLAMv2/install/witmotion_ros2/lib/pkgconfig/witmotion_ros2.pc'
[3.073s] Level 1:colcon.colcon_core.environment:checking '/home/cev/SLAMv2/install/witmotion_ros2/lib/python3.10/site-packages'
[3.075s] Level 1:colcon.colcon_core.environment:checking '/home/cev/SLAMv2/install/witmotion_ros2/bin'
[3.077s] INFO:colcon.colcon_core.shell:Creating package script '/home/cev/SLAMv2/install/witmotion_ros2/share/witmotion_ros2/package.ps1'
[3.080s] INFO:colcon.colcon_core.shell:Creating package descriptor '/home/cev/SLAMv2/install/witmotion_ros2/share/witmotion_ros2/package.dsv'
[3.083s] INFO:colcon.colcon_core.shell:Creating package script '/home/cev/SLAMv2/install/witmotion_ros2/share/witmotion_ros2/package.sh'
[3.086s] INFO:colcon.colcon_core.shell:Creating package script '/home/cev/SLAMv2/install/witmotion_ros2/share/witmotion_ros2/package.bash'
[3.088s] INFO:colcon.colcon_core.shell:Creating package script '/home/cev/SLAMv2/install/witmotion_ros2/share/witmotion_ros2/package.zsh'
[3.091s] Level 1:colcon.colcon_core.environment:create_file_with_runtime_dependencies(/home/cev/SLAMv2/install/witmotion_ros2/share/colcon-core/packages/witmotion_ros2)
[3.094s] Level 1:colcon.colcon_core.environment:create_environment_scripts_only(witmotion_ros2)
[3.096s] Level 1:colcon.colcon_core.environment:checking '/home/cev/SLAMv2/install/witmotion_ros2' for CMake module files
[3.099s] Level 1:colcon.colcon_core.environment:checking '/home/cev/SLAMv2/install/witmotion_ros2' for CMake config files
[3.103s] Level 1:colcon.colcon_core.shell:create_environment_hook('witmotion_ros2', 'cmake_prefix_path')
[3.105s] INFO:colcon.colcon_core.shell:Creating environment hook '/home/cev/SLAMv2/install/witmotion_ros2/share/witmotion_ros2/hook/cmake_prefix_path.ps1'
[3.108s] INFO:colcon.colcon_core.shell:Creating environment descriptor '/home/cev/SLAMv2/install/witmotion_ros2/share/witmotion_ros2/hook/cmake_prefix_path.dsv'
[3.111s] INFO:colcon.colcon_core.shell:Creating environment hook '/home/cev/SLAMv2/install/witmotion_ros2/share/witmotion_ros2/hook/cmake_prefix_path.sh'
[3.115s] Level 1:colcon.colcon_core.environment:checking '/home/cev/SLAMv2/install/witmotion_ros2/lib'
[3.116s] Level 1:colcon.colcon_core.environment:checking '/home/cev/SLAMv2/install/witmotion_ros2/bin'
[3.118s] Level 1:colcon.colcon_core.environment:checking '/home/cev/SLAMv2/install/witmotion_ros2/lib/pkgconfig/witmotion_ros2.pc'
[3.119s] Level 1:colcon.colcon_core.environment:checking '/home/cev/SLAMv2/install/witmotion_ros2/lib/python3.10/site-packages'
[3.121s] Level 1:colcon.colcon_core.environment:checking '/home/cev/SLAMv2/install/witmotion_ros2/bin'
[3.123s] INFO:colcon.colcon_core.shell:Creating package script '/home/cev/SLAMv2/install/witmotion_ros2/share/witmotion_ros2/package.ps1'
[3.126s] INFO:colcon.colcon_core.shell:Creating package descriptor '/home/cev/SLAMv2/install/witmotion_ros2/share/witmotion_ros2/package.dsv'
[3.131s] INFO:colcon.colcon_core.shell:Creating package script '/home/cev/SLAMv2/install/witmotion_ros2/share/witmotion_ros2/package.sh'
[3.134s] INFO:colcon.colcon_core.shell:Creating package script '/home/cev/SLAMv2/install/witmotion_ros2/share/witmotion_ros2/package.bash'
[3.137s] INFO:colcon.colcon_core.shell:Creating package script '/home/cev/SLAMv2/install/witmotion_ros2/share/witmotion_ros2/package.zsh'
[3.140s] Level 1:colcon.colcon_core.environment:create_file_with_runtime_dependencies(/home/cev/SLAMv2/install/witmotion_ros2/share/colcon-core/packages/witmotion_ros2)
[16.643s] DEBUG:colcon.colcon_core.event_handler.log_command:Invoked command in '/home/cev/SLAMv2/build/CevIcp' returned '2': /usr/bin/cmake --build /home/cev/SLAMv2/build/CevIcp -- -j4 -l4
[16.652s] DEBUG:colcon.colcon_parallel_executor.executor.parallel:closing loop
[16.653s] DEBUG:colcon.colcon_parallel_executor.executor.parallel:loop closed
[16.653s] DEBUG:colcon.colcon_parallel_executor.executor.parallel:run_until_complete finished with '2'
[16.654s] DEBUG:colcon.colcon_core.event_reactor:joining thread
[16.677s] INFO:colcon.colcon_core.plugin_system:Skipping extension 'colcon_notification.desktop_notification.notify_send': Could not find 'notify-send'
[16.678s] INFO:colcon.colcon_core.plugin_system:Skipping extension 'colcon_notification.desktop_notification.terminal_notifier': Not used on non-Darwin systems
[16.678s] INFO:colcon.colcon_core.plugin_system:Skipping extension 'colcon_notification.desktop_notification.win32': Not used on non-Windows systems
[16.678s] INFO:colcon.colcon_notification.desktop_notification:Sending desktop notification using 'notify2'
[16.682s] DEBUG:colcon.colcon_notification.desktop_notification.notify2:Failed to initialize notify2: org.freedesktop.DBus.Error.ServiceUnknown: The name org.freedesktop.Notifications was not provided by any .service files
[16.683s] DEBUG:colcon.colcon_core.event_reactor:joined thread
[16.684s] INFO:colcon.colcon_core.shell:Creating prefix script '/home/cev/SLAMv2/install/local_setup.ps1'
[16.688s] INFO:colcon.colcon_core.shell:Creating prefix util module '/home/cev/SLAMv2/install/_local_setup_util_ps1.py'
[16.694s] INFO:colcon.colcon_core.shell:Creating prefix chain script '/home/cev/SLAMv2/install/setup.ps1'
[16.700s] INFO:colcon.colcon_core.shell:Creating prefix script '/home/cev/SLAMv2/install/local_setup.sh'
[16.703s] INFO:colcon.colcon_core.shell:Creating prefix util module '/home/cev/SLAMv2/install/_local_setup_util_sh.py'
[16.706s] INFO:colcon.colcon_core.shell:Creating prefix chain script '/home/cev/SLAMv2/install/setup.sh'
[16.712s] INFO:colcon.colcon_core.shell:Creating prefix script '/home/cev/SLAMv2/install/local_setup.bash'
[16.714s] INFO:colcon.colcon_core.shell:Creating prefix chain script '/home/cev/SLAMv2/install/setup.bash'
[16.719s] INFO:colcon.colcon_core.shell:Creating prefix script '/home/cev/SLAMv2/install/local_setup.zsh'
[16.722s] INFO:colcon.colcon_core.shell:Creating prefix chain script '/home/cev/SLAMv2/install/setup.zsh'
