-- Found ament_cmake: 1.3.12 (/opt/ros/humble/share/ament_cmake/cmake)
-- Override CMake install command with custom implementation using symlinks instead of copying resources
-- Found rclcpp: 16.0.15 (/opt/ros/humble/share/rclcpp/cmake)
-- Found rosidl_generator_c: 3.1.7 (/opt/ros/humble/share/rosidl_generator_c/cmake)
-- Found rosidl_adapter: 3.1.7 (/opt/ros/humble/share/rosidl_adapter/cmake)
-- Found rosidl_generator_cpp: 3.1.7 (/opt/ros/humble/share/rosidl_generator_cpp/cmake)
-- Using all available rosidl_typesupport_c: rosidl_typesupport_fastrtps_c;rosidl_typesupport_introspection_c
-- Using all available rosidl_typesupport_cpp: rosidl_typesupport_fastrtps_cpp;rosidl_typesupport_introspection_cpp
-- Found rmw_implementation_cmake: 6.1.2 (/opt/ros/humble/share/rmw_implementation_cmake/cmake)
-- Found rmw_fastrtps_cpp: 6.2.9 (/opt/ros/humble/share/rmw_fastrtps_cpp/cmake)
-- Using RMW implementation 'rmw_fastrtps_cpp' as default
-- Found sensor_msgs: 4.9.0 (/opt/ros/humble/share/sensor_msgs/cmake)
-- Found nav_msgs: 4.9.0 (/opt/ros/humble/share/nav_msgs/cmake)
-- Found tf2: 0.25.16 (/opt/ros/humble/share/tf2/cmake)
-- Found tf2_ros: 0.25.16 (/opt/ros/humble/share/tf2_ros/cmake)
-- Found tf2_eigen: 0.25.16 (/opt/ros/humble/share/tf2_eigen/cmake)
-- Found ament_lint_auto: 0.12.14 (/opt/ros/humble/share/ament_lint_auto/cmake)
-- Added test 'cppcheck' to perform static code analysis on C / C++ code
-- Configured cppcheck include dirs: $<BUILD_INTERFACE:/home/cev/SLAMv2/src/cev_lidar_odometry_ros2/include>;$<BUILD_INTERFACE:/home/cev/SLAMv2/src/cev_lidar_odometry_ros2/icp/include>
-- Configured cppcheck exclude dirs and/or files: 
-- Added test 'flake8' to check Python code syntax and style conventions
-- Added test 'lint_cmake' to check CMake code style
-- Added test 'pep257' to check Python code against some of the docstring style conventions in PEP 257
-- Added test 'uncrustify' to check C / C++ code style
-- Configured uncrustify additional arguments: 
-- Added test 'xmllint' to check XML markup files
-- Configuring done
-- Generating done
-- Build files have been written to: /home/cev/SLAMv2/build/lidar_odometry
[35m[1mConsolidate compiler generated dependencies of target motor_controller[0m
[35m[1mConsolidate compiler generated dependencies of target cevicp[0m
[ 69%] Built target cevicp
[ 76%] [32m[1mLinking CXX executable motor_controller[0m
[35m[1mConsolidate compiler generated dependencies of target lidar_odometry[0m
[ 84%] [32m[1mLinking CXX executable lidar_odometry[0m
[ 92%] Built target motor_controller
[100%] Built target lidar_odometry
-- Install configuration: ""
-- Execute custom install script
-- Symlinking: /home/cev/SLAMv2/install/lidar_odometry/lib/lidar_odometry/lidar_odometry
-- Symlinking: /home/cev/SLAMv2/install/lidar_odometry/lib/lidar_odometry/motor_controller
-- Symlinking: /home/cev/SLAMv2/install/lidar_odometry/share/lidar_odometry/launch/car.py
-- Symlinking: /home/cev/SLAMv2/install/lidar_odometry/share/lidar_odometry/launch/carv2.py
-- Symlinking: /home/cev/SLAMv2/install/lidar_odometry/share/lidar_odometry/launch/example.py
-- Symlinking: /home/cev/SLAMv2/install/lidar_odometry/share/ament_index/resource_index/package_run_dependencies/lidar_odometry
-- Symlinking: /home/cev/SLAMv2/install/lidar_odometry/share/ament_index/resource_index/parent_prefix_path/lidar_odometry
-- Symlinking: /home/cev/SLAMv2/install/lidar_odometry/share/lidar_odometry/environment/ament_prefix_path.sh
-- Symlinking: /home/cev/SLAMv2/install/lidar_odometry/share/lidar_odometry/environment/ament_prefix_path.dsv
-- Symlinking: /home/cev/SLAMv2/install/lidar_odometry/share/lidar_odometry/environment/path.sh
-- Symlinking: /home/cev/SLAMv2/install/lidar_odometry/share/lidar_odometry/environment/path.dsv
-- Symlinking: /home/cev/SLAMv2/install/lidar_odometry/share/lidar_odometry/local_setup.bash
-- Symlinking: /home/cev/SLAMv2/install/lidar_odometry/share/lidar_odometry/local_setup.sh
-- Symlinking: /home/cev/SLAMv2/install/lidar_odometry/share/lidar_odometry/local_setup.zsh
-- Symlinking: /home/cev/SLAMv2/install/lidar_odometry/share/lidar_odometry/local_setup.dsv
-- Symlinking: /home/cev/SLAMv2/install/lidar_odometry/share/lidar_odometry/package.dsv
-- Symlinking: /home/cev/SLAMv2/install/lidar_odometry/share/ament_index/resource_index/packages/lidar_odometry
-- Symlinking: /home/cev/SLAMv2/install/lidar_odometry/share/lidar_odometry/cmake/lidar_odometryConfig.cmake
-- Symlinking: /home/cev/SLAMv2/install/lidar_odometry/share/lidar_odometry/cmake/lidar_odometryConfig-version.cmake
-- Symlinking: /home/cev/SLAMv2/install/lidar_odometry/share/lidar_odometry/package.xml
