[0.053s] Invoking command in '/home/cev/SLAMv2/build/lidar_odometry': CMAKE_PREFIX_PATH=${CMAKE_PREFIX_PATH}:/opt/ros/humble /usr/bin/cmake /home/cev/SLAMv2/src/cev_lidar_odometry_ros2 -DAMENT_CMAKE_SYMLINK_INSTALL=1 -DCMAKE_INSTALL_PREFIX=/home/cev/SLAMv2/install/lidar_odometry
[0.100s] -- Found ament_cmake: 1.3.12 (/opt/ros/humble/share/ament_cmake/cmake)
[0.674s] -- Override CMake install command with custom implementation using symlinks instead of copying resources
[0.760s] -- Found rclcpp: 16.0.15 (/opt/ros/humble/share/rclcpp/cmake)
[0.998s] -- Found rosidl_generator_c: 3.1.7 (/opt/ros/humble/share/rosidl_generator_c/cmake)
[1.017s] -- Found rosidl_adapter: 3.1.7 (/opt/ros/humble/share/rosidl_adapter/cmake)
[1.061s] -- Found rosidl_generator_cpp: 3.1.7 (/opt/ros/humble/share/rosidl_generator_cpp/cmake)
[1.121s] -- Using all available rosidl_typesupport_c: rosidl_typesupport_fastrtps_c;rosidl_typesupport_introspection_c
[1.197s] -- Using all available rosidl_typesupport_cpp: rosidl_typesupport_fastrtps_cpp;rosidl_typesupport_introspection_cpp
[1.400s] -- Found rmw_implementation_cmake: 6.1.2 (/opt/ros/humble/share/rmw_implementation_cmake/cmake)
[1.413s] -- Found rmw_fastrtps_cpp: 6.2.9 (/opt/ros/humble/share/rmw_fastrtps_cpp/cmake)
[2.299s] -- Using RMW implementation 'rmw_fastrtps_cpp' as default
[2.587s] -- Found sensor_msgs: 4.9.0 (/opt/ros/humble/share/sensor_msgs/cmake)
[2.749s] -- Found nav_msgs: 4.9.0 (/opt/ros/humble/share/nav_msgs/cmake)
[2.836s] -- Found tf2: 0.25.16 (/opt/ros/humble/share/tf2/cmake)
[2.860s] -- Found tf2_ros: 0.25.16 (/opt/ros/humble/share/tf2_ros/cmake)
[3.298s] -- Found tf2_eigen: 0.25.16 (/opt/ros/humble/share/tf2_eigen/cmake)
[3.328s] -- Found ament_lint_auto: 0.12.14 (/opt/ros/humble/share/ament_lint_auto/cmake)
[3.737s] -- Added test 'cppcheck' to perform static code analysis on C / C++ code
[3.738s] -- Configured cppcheck include dirs: $<BUILD_INTERFACE:/home/cev/SLAMv2/src/cev_lidar_odometry_ros2/include>;$<BUILD_INTERFACE:/home/cev/SLAMv2/src/cev_lidar_odometry_ros2/icp/include>
[3.738s] -- Configured cppcheck exclude dirs and/or files: 
[3.748s] -- Added test 'flake8' to check Python code syntax and style conventions
[3.765s] -- Added test 'lint_cmake' to check CMake code style
[3.775s] -- Added test 'pep257' to check Python code against some of the docstring style conventions in PEP 257
[3.836s] -- Added test 'uncrustify' to check C / C++ code style
[3.836s] -- Configured uncrustify additional arguments: 
[3.845s] -- Added test 'xmllint' to check XML markup files
[3.852s] -- Configuring done
[3.960s] -- Generating done
[3.988s] -- Build files have been written to: /home/cev/SLAMv2/build/lidar_odometry
[4.023s] Invoked command in '/home/cev/SLAMv2/build/lidar_odometry' returned '0': CMAKE_PREFIX_PATH=${CMAKE_PREFIX_PATH}:/opt/ros/humble /usr/bin/cmake /home/cev/SLAMv2/src/cev_lidar_odometry_ros2 -DAMENT_CMAKE_SYMLINK_INSTALL=1 -DCMAKE_INSTALL_PREFIX=/home/cev/SLAMv2/install/lidar_odometry
[4.035s] Invoking command in '/home/cev/SLAMv2/build/lidar_odometry': CMAKE_PREFIX_PATH=${CMAKE_PREFIX_PATH}:/opt/ros/humble /usr/bin/cmake --build /home/cev/SLAMv2/build/lidar_odometry -- -j4 -l4
[4.208s] [35m[1mConsolidate compiler generated dependencies of target motor_controller[0m
[4.213s] [35m[1mConsolidate compiler generated dependencies of target cevicp[0m
[4.359s] [ 69%] Built target cevicp
[4.373s] [ 76%] [32m[1mLinking CXX executable motor_controller[0m
[4.418s] [35m[1mConsolidate compiler generated dependencies of target lidar_odometry[0m
[4.624s] [ 84%] [32m[1mLinking CXX executable lidar_odometry[0m
[5.211s] [ 92%] Built target motor_controller
[10.263s] [100%] Built target lidar_odometry
[10.304s] Invoked command in '/home/cev/SLAMv2/build/lidar_odometry' returned '0': CMAKE_PREFIX_PATH=${CMAKE_PREFIX_PATH}:/opt/ros/humble /usr/bin/cmake --build /home/cev/SLAMv2/build/lidar_odometry -- -j4 -l4
[10.348s] Invoking command in '/home/cev/SLAMv2/build/lidar_odometry': CMAKE_PREFIX_PATH=${CMAKE_PREFIX_PATH}:/opt/ros/humble /usr/bin/cmake --install /home/cev/SLAMv2/build/lidar_odometry
[10.377s] -- Install configuration: ""
[10.378s] -- Execute custom install script
[10.380s] -- Symlinking: /home/cev/SLAMv2/install/lidar_odometry/lib/lidar_odometry/lidar_odometry
[10.414s] -- Symlinking: /home/cev/SLAMv2/install/lidar_odometry/lib/lidar_odometry/motor_controller
[10.447s] -- Symlinking: /home/cev/SLAMv2/install/lidar_odometry/share/lidar_odometry/launch/car.py
[10.479s] -- Symlinking: /home/cev/SLAMv2/install/lidar_odometry/share/lidar_odometry/launch/carv2.py
[10.511s] -- Symlinking: /home/cev/SLAMv2/install/lidar_odometry/share/lidar_odometry/launch/example.py
[10.543s] -- Symlinking: /home/cev/SLAMv2/install/lidar_odometry/share/ament_index/resource_index/package_run_dependencies/lidar_odometry
[10.578s] -- Symlinking: /home/cev/SLAMv2/install/lidar_odometry/share/ament_index/resource_index/parent_prefix_path/lidar_odometry
[10.610s] -- Symlinking: /home/cev/SLAMv2/install/lidar_odometry/share/lidar_odometry/environment/ament_prefix_path.sh
[10.642s] -- Symlinking: /home/cev/SLAMv2/install/lidar_odometry/share/lidar_odometry/environment/ament_prefix_path.dsv
[10.674s] -- Symlinking: /home/cev/SLAMv2/install/lidar_odometry/share/lidar_odometry/environment/path.sh
[10.709s] -- Symlinking: /home/cev/SLAMv2/install/lidar_odometry/share/lidar_odometry/environment/path.dsv
[10.741s] -- Symlinking: /home/cev/SLAMv2/install/lidar_odometry/share/lidar_odometry/local_setup.bash
[10.773s] -- Symlinking: /home/cev/SLAMv2/install/lidar_odometry/share/lidar_odometry/local_setup.sh
[10.806s] -- Symlinking: /home/cev/SLAMv2/install/lidar_odometry/share/lidar_odometry/local_setup.zsh
[10.838s] -- Symlinking: /home/cev/SLAMv2/install/lidar_odometry/share/lidar_odometry/local_setup.dsv
[10.873s] -- Symlinking: /home/cev/SLAMv2/install/lidar_odometry/share/lidar_odometry/package.dsv
[10.905s] -- Symlinking: /home/cev/SLAMv2/install/lidar_odometry/share/ament_index/resource_index/packages/lidar_odometry
[10.938s] -- Symlinking: /home/cev/SLAMv2/install/lidar_odometry/share/lidar_odometry/cmake/lidar_odometryConfig.cmake
[10.972s] -- Symlinking: /home/cev/SLAMv2/install/lidar_odometry/share/lidar_odometry/cmake/lidar_odometryConfig-version.cmake
[11.004s] -- Symlinking: /home/cev/SLAMv2/install/lidar_odometry/share/lidar_odometry/package.xml
[11.043s] Invoked command in '/home/cev/SLAMv2/build/lidar_odometry' returned '0': CMAKE_PREFIX_PATH=${CMAKE_PREFIX_PATH}:/opt/ros/humble /usr/bin/cmake --install /home/cev/SLAMv2/build/lidar_odometry
